[2018-06-07T14:05:58.488] [INFO] resLogger - 
*************** response log start ***************
request method: GET
request originalUrl:  /user/userList
request client ip:  ::ffff:127.0.0.1
request query:  {}
response time: 9
response status: 200
response body: 
{"statue":"success","list":[{"isAdmin":false,"_id":"5a52ecc32d168439e47d896b","name":"fufeng7"},{"isAdmin":true,"_id":"5a4f324f79432c1c844dc064","name":"fufeng6"},{"isAdmin":true,"_id":"5a4f323979432c1c844dc063","name":"fufeng5"},{"isAdmin":false,"_id":"5a3cc9ecf6c893330497980a","name":"fufeng4"},{"isAdmin":false,"_id":"5a3cc5a475b2b51a90757fa8","name":"fufeng3"},{"isAdmin":false,"_id":"5a3cc41875b2b51a90757fa7","name":"fufeng2"},{"isAdmin":false,"_id":"59798065222fad397037ea6a","name":"fufeng1"},{"isAdmin":false,"_id":"5970674e64fd6f2828a64dee","name":"admin"},{"isAdmin":false,"_id":"5970510b0e17e43708980b1e","name":"ff3"},{"isAdmin":false,"_id":"59700978f79a1420a065e846","name":"ff1"},{"isAdmin":false,"_id":"596f2a936009ec3dc0f97e72","name":"ff123"},{"isAdmin":true,"_id":"596f2a5990d6140af0c85e32","name":"ff12"},{"isAdmin":false,"_id":"596c4a93b671e821349219ec","name":"123456"},{"isAdmin":false,"_id":"596c33cfa3e29836a8c42d1a","name":"fufeng"}]}
*************** response log end ***************

[2018-06-07T14:06:26.439] [INFO] resLogger - 
*************** response log start ***************
request method: GET
request originalUrl:  /user/userList
request client ip:  ::ffff:127.0.0.1
request query:  {}
response time: 3
response status: 200
response body: 
{"statue":"success","list":[{"isAdmin":false,"_id":"5a52ecc32d168439e47d896b","name":"fufeng7"},{"isAdmin":true,"_id":"5a4f324f79432c1c844dc064","name":"fufeng6"},{"isAdmin":true,"_id":"5a4f323979432c1c844dc063","name":"fufeng5"},{"isAdmin":false,"_id":"5a3cc9ecf6c893330497980a","name":"fufeng4"},{"isAdmin":false,"_id":"5a3cc5a475b2b51a90757fa8","name":"fufeng3"},{"isAdmin":false,"_id":"5a3cc41875b2b51a90757fa7","name":"fufeng2"},{"isAdmin":false,"_id":"59798065222fad397037ea6a","name":"fufeng1"},{"isAdmin":false,"_id":"5970674e64fd6f2828a64dee","name":"admin"},{"isAdmin":false,"_id":"5970510b0e17e43708980b1e","name":"ff3"},{"isAdmin":false,"_id":"59700978f79a1420a065e846","name":"ff1"},{"isAdmin":false,"_id":"596f2a936009ec3dc0f97e72","name":"ff123"},{"isAdmin":true,"_id":"596f2a5990d6140af0c85e32","name":"ff12"},{"isAdmin":false,"_id":"596c4a93b671e821349219ec","name":"123456"},{"isAdmin":false,"_id":"596c33cfa3e29836a8c42d1a","name":"fufeng"}]}
*************** response log end ***************

[2018-06-07T14:06:29.695] [INFO] resLogger - 
*************** response log start ***************
request method: GET
request originalUrl:  /user/userList
request client ip:  ::ffff:127.0.0.1
request query:  {}
response time: 4
response status: 200
response body: 
{"statue":"success","list":[{"isAdmin":false,"_id":"5a52ecc32d168439e47d896b","name":"fufeng7"},{"isAdmin":true,"_id":"5a4f324f79432c1c844dc064","name":"fufeng6"},{"isAdmin":true,"_id":"5a4f323979432c1c844dc063","name":"fufeng5"},{"isAdmin":false,"_id":"5a3cc9ecf6c893330497980a","name":"fufeng4"},{"isAdmin":false,"_id":"5a3cc5a475b2b51a90757fa8","name":"fufeng3"},{"isAdmin":false,"_id":"5a3cc41875b2b51a90757fa7","name":"fufeng2"},{"isAdmin":false,"_id":"59798065222fad397037ea6a","name":"fufeng1"},{"isAdmin":false,"_id":"5970674e64fd6f2828a64dee","name":"admin"},{"isAdmin":false,"_id":"5970510b0e17e43708980b1e","name":"ff3"},{"isAdmin":false,"_id":"59700978f79a1420a065e846","name":"ff1"},{"isAdmin":false,"_id":"596f2a936009ec3dc0f97e72","name":"ff123"},{"isAdmin":true,"_id":"596f2a5990d6140af0c85e32","name":"ff12"},{"isAdmin":false,"_id":"596c4a93b671e821349219ec","name":"123456"},{"isAdmin":false,"_id":"596c33cfa3e29836a8c42d1a","name":"fufeng"}]}
*************** response log end ***************

[2018-06-07T14:06:36.826] [INFO] resLogger - 
*************** response log start ***************
request method: GET
request originalUrl:  /user/userList
request client ip:  ::ffff:127.0.0.1
request query:  {}
response time: 3
response status: 200
response body: 
{"statue":"success","list":[{"isAdmin":false,"_id":"5a52ecc32d168439e47d896b","name":"fufeng7"},{"isAdmin":true,"_id":"5a4f324f79432c1c844dc064","name":"fufeng6"},{"isAdmin":true,"_id":"5a4f323979432c1c844dc063","name":"fufeng5"},{"isAdmin":false,"_id":"5a3cc9ecf6c893330497980a","name":"fufeng4"},{"isAdmin":false,"_id":"5a3cc5a475b2b51a90757fa8","name":"fufeng3"},{"isAdmin":false,"_id":"5a3cc41875b2b51a90757fa7","name":"fufeng2"},{"isAdmin":false,"_id":"59798065222fad397037ea6a","name":"fufeng1"},{"isAdmin":false,"_id":"5970674e64fd6f2828a64dee","name":"admin"},{"isAdmin":false,"_id":"5970510b0e17e43708980b1e","name":"ff3"},{"isAdmin":false,"_id":"59700978f79a1420a065e846","name":"ff1"},{"isAdmin":false,"_id":"596f2a936009ec3dc0f97e72","name":"ff123"},{"isAdmin":true,"_id":"596f2a5990d6140af0c85e32","name":"ff12"},{"isAdmin":false,"_id":"596c4a93b671e821349219ec","name":"123456"},{"isAdmin":false,"_id":"596c33cfa3e29836a8c42d1a","name":"fufeng"}]}
*************** response log end ***************

[2018-06-07T14:16:48.629] [INFO] resLogger - 
*************** response log start ***************
request method: GET
request originalUrl:  /type/Gettype
request client ip:  ::ffff:127.0.0.1
request query:  {}
response time: 15
response status: 200
response body: 
{"status":"success","message":"成功!","result":{"res":[{"sorts":0,"_id":"5971c8f516e6023090c046c8","name":"html","__v":0},{"sorts":0,"_id":"5971cb1016e6023090c046c9","name":"css","__v":0},{"sorts":0,"_id":"5971cc7b16e6023090c046ca","name":"javascript","__v":0},{"sorts":0,"_id":"5971ccc316e6023090c046cb","name":"vue","__v":0},{"sorts":4,"_id":"59ddd4ed06dc7a1a4ca67b18","name":"node","__v":0},{"sorts":5,"_id":"59f9737f2e935739f8dd7519","name":"Angular","__v":0},{"sorts":6,"_id":"5a03c386f1f3bd3938300e00","name":"正则表达式","__v":0},{"sorts":0,"_id":"5a5d70fc7481243878790c91","name":"react","__v":0},{"sorts":0,"_id":"5a5d71217481243878790c92","name":"webpack","__v":0},{"sorts":0,"_id":"5a5d716c7481243878790c93","name":"canvas","__v":0},{"sorts":0,"_id":"5a5d721e7481243878790c94","name":"svg","__v":0},{"sorts":0,"_id":"5a683cf3b80b41347ccbc069","name":"ajax","__v":0},{"sorts":0,"_id":"5a9cbd76716c7a3348cf6f2f","name":"mongodb","__v":0}],"count":13}}
*************** response log end ***************

