[2018-07-31T09:47:40.085] [INFO] resLogger - 
*************** response log start ***************
request method: POST
request originalUrl:  /api/user/login
request client ip:  ::ffff:127.0.0.1
request body: 
{"userName":"admin","passWord":"123456"}
response time: 33
response status: 200
response body: 
"为了防止文件过大,所以这边禁止打印,有调试需要再打开"
*************** response log end ***************

[2018-07-31T09:47:46.410] [INFO] resLogger - 
*************** response log start ***************
request method: GET
request originalUrl:  /api/blog/blogList?page=1&pagesize=10
request client ip:  ::ffff:127.0.0.1
request query:  {"page":"1","pagesize":"10"}
response time: 430
response status: 200
response body: 
"为了防止文件过大,所以这边禁止打印,有调试需要再打开"
*************** response log end ***************

[2018-07-31T09:48:00.084] [INFO] resLogger - 
*************** response log start ***************
request method: GET
request originalUrl:  /api/blog/blogList?page=1&pagesize=10
request client ip:  ::ffff:127.0.0.1
request query:  {"page":"1","pagesize":"10"}
response time: 717
response status: 200
response body: 
"为了防止文件过大,所以这边禁止打印,有调试需要再打开"
*************** response log end ***************

[2018-07-31T09:48:03.933] [INFO] resLogger - 
*************** response log start ***************
request method: GET
request originalUrl:  /api/blog/blogList?_id=5b20c8a3f616113a382a1405
request client ip:  ::ffff:127.0.0.1
request query:  {"_id":"5b20c8a3f616113a382a1405"}
response time: 10
response status: 200
response body: 
"为了防止文件过大,所以这边禁止打印,有调试需要再打开"
*************** response log end ***************

[2018-07-31T09:48:08.707] [INFO] resLogger - 
*************** response log start ***************
request method: GET
request originalUrl:  /api/blog/blogList?_id=5b20c8a3f616113a382a1405
request client ip:  ::ffff:127.0.0.1
request query:  {"_id":"5b20c8a3f616113a382a1405"}
response time: 10
response status: 200
response body: 
"为了防止文件过大,所以这边禁止打印,有调试需要再打开"
*************** response log end ***************

[2018-07-31T09:48:15.307] [INFO] resLogger - 
*************** response log start ***************
request method: GET
request originalUrl:  /api/type/Gettype?i=61ml&l=true&exports=[object%20Object]&hot=[object%20Object]&parents=W5uL&children=3IRH,IidI,Xxa5,exGp,woOf,1cZb,Zx67,Zrlr,wxAW,zwoO,Pf15,du7Z,N3Nc,GiK3,oUCk,NzD1,RH2O,omYG,9UAH,F8kA,BHhr,PJh5,rGbO&deprecate=function()%20{}&paths=&loaded=true&id=61ml&webpackPolyfill=1
request client ip:  ::ffff:127.0.0.1
request query:  {"i":"61ml","l":"true","exports":"[object Object]","hot":"[object Object]","parents":"W5uL","children":"3IRH,IidI,Xxa5,exGp,woOf,1cZb,Zx67,Zrlr,wxAW,zwoO,Pf15,du7Z,N3Nc,GiK3,oUCk,NzD1,RH2O,omYG,9UAH,F8kA,BHhr,PJh5,rGbO","deprecate":"function() {}","paths":"","loaded":"true","id":"61ml","webpackPolyfill":"1"}
response time: 15
response status: 200
response body: 
"为了防止文件过大,所以这边禁止打印,有调试需要再打开"
*************** response log end ***************

[2018-07-31T09:48:15.571] [INFO] resLogger - 
*************** response log start ***************
request method: GET
request originalUrl:  /api/blog/blogList?page=1&pagesize=10
request client ip:  ::ffff:127.0.0.1
request query:  {"page":"1","pagesize":"10"}
response time: 283
response status: 200
response body: 
"为了防止文件过大,所以这边禁止打印,有调试需要再打开"
*************** response log end ***************

[2018-07-31T10:41:54.793] [INFO] resLogger - 
*************** response log start ***************
request method: POST
request originalUrl:  /api/user/imgupload
request client ip:  ::ffff:127.0.0.1
request body: 
{}
response time: 25
response status: 200
response body: 
"为了防止文件过大,所以这边禁止打印,有调试需要再打开"
*************** response log end ***************

[2018-07-31T10:42:30.201] [INFO] resLogger - 
*************** response log start ***************
request method: POST
request originalUrl:  /api/user/imgupload
request client ip:  ::ffff:127.0.0.1
request body: 
{}
response time: 5
response status: 200
response body: 
"为了防止文件过大,所以这边禁止打印,有调试需要再打开"
*************** response log end ***************

[2018-07-31T10:43:12.849] [INFO] resLogger - 
*************** response log start ***************
request method: POST
request originalUrl:  /api/user/imgupload
request client ip:  ::ffff:127.0.0.1
request body: 
{}
response time: 22
response status: 200
response body: 
"为了防止文件过大,所以这边禁止打印,有调试需要再打开"
*************** response log end ***************

[2018-07-31T10:47:45.286] [INFO] resLogger - 
*************** response log start ***************
request method: POST
request originalUrl:  /api/user/imgupload
request client ip:  ::ffff:127.0.0.1
request body: 
{}
response time: 6
response status: 200
response body: 
"为了防止文件过大,所以这边禁止打印,有调试需要再打开"
*************** response log end ***************

[2018-07-31T10:48:48.937] [INFO] resLogger - 
*************** response log start ***************
request method: POST
request originalUrl:  /api/user/imgupload
request client ip:  ::ffff:127.0.0.1
request body: 
{}
response time: 5
response status: 200
response body: 
"为了防止文件过大,所以这边禁止打印,有调试需要再打开"
*************** response log end ***************

[2018-07-31T10:49:50.746] [INFO] resLogger - 
*************** response log start ***************
request method: POST
request originalUrl:  /api/user/imgupload
request client ip:  ::ffff:127.0.0.1
request body: 
{}
response time: 5
response status: 200
response body: 
"为了防止文件过大,所以这边禁止打印,有调试需要再打开"
*************** response log end ***************

[2018-07-31T10:50:20.852] [INFO] resLogger - 
*************** response log start ***************
request method: POST
request originalUrl:  /api/user/imgupload
request client ip:  ::ffff:127.0.0.1
request body: 
{}
response time: 5
response status: 200
response body: 
"为了防止文件过大,所以这边禁止打印,有调试需要再打开"
*************** response log end ***************

[2018-07-31T10:57:47.367] [INFO] resLogger - 
*************** response log start ***************
request method: POST
request originalUrl:  /api/user/imgupload
request client ip:  ::ffff:127.0.0.1
request body: 
{}
response time: 4
response status: 200
response body: 
"为了防止文件过大,所以这边禁止打印,有调试需要再打开"
*************** response log end ***************

[2018-07-31T11:22:00.872] [INFO] resLogger - 
*************** response log start ***************
request method: POST
request originalUrl:  /api/user/imgupload
request client ip:  ::ffff:127.0.0.1
request body: 
{}
response time: 9
response status: 200
response body: 
"为了防止文件过大,所以这边禁止打印,有调试需要再打开"
*************** response log end ***************

[2018-07-31T11:22:29.656] [INFO] resLogger - 
*************** response log start ***************
request method: POST
request originalUrl:  /api/user/imgupload
request client ip:  ::ffff:127.0.0.1
request body: 
{}
response time: 4
response status: 200
response body: 
"为了防止文件过大,所以这边禁止打印,有调试需要再打开"
*************** response log end ***************

[2018-07-31T11:24:01.446] [INFO] resLogger - 
*************** response log start ***************
request method: POST
request originalUrl:  /api/user/imgupload
request client ip:  ::ffff:127.0.0.1
request body: 
{}
response time: 6
response status: 200
response body: 
"为了防止文件过大,所以这边禁止打印,有调试需要再打开"
*************** response log end ***************

[2018-07-31T11:24:15.369] [INFO] resLogger - 
*************** response log start ***************
request method: POST
request originalUrl:  /api/user/imgupload
request client ip:  ::ffff:127.0.0.1
request body: 
{}
response time: 19
response status: 200
response body: 
"为了防止文件过大,所以这边禁止打印,有调试需要再打开"
*************** response log end ***************

[2018-07-31T11:30:54.191] [INFO] resLogger - 
*************** response log start ***************
request method: POST
request originalUrl:  /api/user/imgupload
request client ip:  ::ffff:127.0.0.1
request body: 
{}
response time: 7
response status: 200
response body: 
"为了防止文件过大,所以这边禁止打印,有调试需要再打开"
*************** response log end ***************

[2018-07-31T11:31:41.549] [INFO] resLogger - 
*************** response log start ***************
request method: POST
request originalUrl:  /api/user/imgupload
request client ip:  ::ffff:127.0.0.1
request body: 
{}
response time: 6
response status: 200
response body: 
"为了防止文件过大,所以这边禁止打印,有调试需要再打开"
*************** response log end ***************

[2018-07-31T11:32:28.053] [INFO] resLogger - 
*************** response log start ***************
request method: POST
request originalUrl:  /api/user/imgupload
request client ip:  ::ffff:127.0.0.1
request body: 
{}
response time: 6
response status: 200
response body: 
"为了防止文件过大,所以这边禁止打印,有调试需要再打开"
*************** response log end ***************

[2018-07-31T11:32:38.953] [INFO] resLogger - 
*************** response log start ***************
request method: POST
request originalUrl:  /api/user/imgupload
request client ip:  ::ffff:127.0.0.1
request body: 
{}
response time: 7
response status: 200
response body: 
"为了防止文件过大,所以这边禁止打印,有调试需要再打开"
*************** response log end ***************

[2018-07-31T11:33:20.255] [INFO] resLogger - 
*************** response log start ***************
request method: POST
request originalUrl:  /api/user/imgupload
request client ip:  ::ffff:127.0.0.1
request body: 
{}
response time: 5
response status: 200
response body: 
"为了防止文件过大,所以这边禁止打印,有调试需要再打开"
*************** response log end ***************

[2018-07-31T11:33:28.085] [INFO] resLogger - 
*************** response log start ***************
request method: POST
request originalUrl:  /api/user/imgupload
request client ip:  ::ffff:127.0.0.1
request body: 
{}
response time: 7
response status: 200
response body: 
"为了防止文件过大,所以这边禁止打印,有调试需要再打开"
*************** response log end ***************

[2018-07-31T11:34:28.335] [INFO] resLogger - 
*************** response log start ***************
request method: POST
request originalUrl:  /api/user/imgupload
request client ip:  ::ffff:127.0.0.1
request body: 
{}
response time: 11
response status: 200
response body: 
"为了防止文件过大,所以这边禁止打印,有调试需要再打开"
*************** response log end ***************

[2018-07-31T11:34:35.451] [INFO] resLogger - 
*************** response log start ***************
request method: POST
request originalUrl:  /api/user/imgupload
request client ip:  ::ffff:127.0.0.1
request body: 
{}
response time: 7
response status: 200
response body: 
"为了防止文件过大,所以这边禁止打印,有调试需要再打开"
*************** response log end ***************

[2018-07-31T11:36:24.938] [INFO] resLogger - 
*************** response log start ***************
request method: POST
request originalUrl:  /api/user/imgupload
request client ip:  ::ffff:127.0.0.1
request body: 
{}
response time: 10
response status: 200
response body: 
"为了防止文件过大,所以这边禁止打印,有调试需要再打开"
*************** response log end ***************

[2018-07-31T11:38:58.417] [INFO] resLogger - 
*************** response log start ***************
request method: POST
request originalUrl:  /api/user/imgupload
request client ip:  ::ffff:127.0.0.1
request body: 
{}
response time: 7
response status: 200
response body: 
"为了防止文件过大,所以这边禁止打印,有调试需要再打开"
*************** response log end ***************

[2018-07-31T11:39:12.445] [INFO] resLogger - 
*************** response log start ***************
request method: POST
request originalUrl:  /api/user/imgupload
request client ip:  ::ffff:127.0.0.1
request body: 
{}
response time: 8
response status: 200
response body: 
"为了防止文件过大,所以这边禁止打印,有调试需要再打开"
*************** response log end ***************

[2018-07-31T11:50:41.147] [INFO] resLogger - 
*************** response log start ***************
request method: POST
request originalUrl:  /api/user/imgupload
request client ip:  ::ffff:127.0.0.1
request body: 
{}
response time: 21
response status: 200
response body: 
"为了防止文件过大,所以这边禁止打印,有调试需要再打开"
*************** response log end ***************

[2018-07-31T17:33:09.601] [INFO] resLogger - 
*************** response log start ***************
request method: POST
request originalUrl:  /api/user/imgupload
request client ip:  ::ffff:127.0.0.1
request body: 
{}
response time: 207
response status: 200
response body: 
"为了防止文件过大,所以这边禁止打印,有调试需要再打开"
*************** response log end ***************

