[2018-07-25T13:52:57.540] [INFO] resLogger - 
*************** response log start ***************
request method: POST
request originalUrl:  /api/user/login
request client ip:  ::ffff:127.0.0.1
request body: 
{"userName":"admin","passWord":"123456"}
response time: 33
response status: 200
response body: 
"为了防止文件过大,所以这边禁止打印,有调试需要再打开"
*************** response log end ***************

[2018-07-25T13:53:46.483] [INFO] resLogger - 
*************** response log start ***************
request method: GET
request originalUrl:  /api/type/Gettype?i=61ml&l=true&exports=[object%20Object]&hot=[object%20Object]&parents=W5uL&children=3IRH,IidI,Xxa5,exGp,woOf,1cZb,Zx67,Zrlr,wxAW,zwoO,Pf15,du7Z,N3Nc,GiK3,oUCk,NzD1,RH2O,omYG,9UAH,F8kA,BHhr,PJh5,rGbO&deprecate=function()%20{}&paths=&loaded=true&id=61ml&webpackPolyfill=1
request client ip:  ::ffff:127.0.0.1
request query:  {"i":"61ml","l":"true","exports":"[object Object]","hot":"[object Object]","parents":"W5uL","children":"3IRH,IidI,Xxa5,exGp,woOf,1cZb,Zx67,Zrlr,wxAW,zwoO,Pf15,du7Z,N3Nc,GiK3,oUCk,NzD1,RH2O,omYG,9UAH,F8kA,BHhr,PJh5,rGbO","deprecate":"function() {}","paths":"","loaded":"true","id":"61ml","webpackPolyfill":"1"}
response time: 18
response status: 200
response body: 
"为了防止文件过大,所以这边禁止打印,有调试需要再打开"
*************** response log end ***************

[2018-07-25T13:53:47.232] [INFO] resLogger - 
*************** response log start ***************
request method: GET
request originalUrl:  /api/blog/blogList?page=1&pagesize=10
request client ip:  ::ffff:127.0.0.1
request query:  {"page":"1","pagesize":"10"}
response time: 775
response status: 200
response body: 
"为了防止文件过大,所以这边禁止打印,有调试需要再打开"
*************** response log end ***************

[2018-07-25T13:53:47.311] [INFO] resLogger - 
*************** response log start ***************
request method: GET
request originalUrl:  /api/user/userList
request client ip:  ::ffff:127.0.0.1
request query:  {}
response time: 10
response status: 200
response body: 
"为了防止文件过大,所以这边禁止打印,有调试需要再打开"
*************** response log end ***************

