[2018-07-30T10:27:41.255] [INFO] resLogger - 
*************** response log start ***************
request method: POST
request originalUrl:  /api/user/imgupload
request client ip:  ::ffff:127.0.0.1
request body: 
{}
response time: 42
response status: 200
response body: 
"为了防止文件过大,所以这边禁止打印,有调试需要再打开"
*************** response log end ***************

[2018-07-30T10:50:56.376] [INFO] resLogger - 
*************** response log start ***************
request method: POST
request originalUrl:  /api/user/imgupload
request client ip:  ::ffff:127.0.0.1
request body: 
{}
response time: 22
response status: 200
response body: 
"为了防止文件过大,所以这边禁止打印,有调试需要再打开"
*************** response log end ***************

[2018-07-30T10:53:24.319] [INFO] resLogger - 
*************** response log start ***************
request method: POST
request originalUrl:  /api/user/imgupload
request client ip:  ::ffff:127.0.0.1
request body: 
{}
response time: 23
response status: 200
response body: 
"为了防止文件过大,所以这边禁止打印,有调试需要再打开"
*************** response log end ***************

[2018-07-30T11:09:00.978] [INFO] resLogger - 
*************** response log start ***************
request method: POST
request originalUrl:  /api/user/imgupload
request client ip:  ::ffff:127.0.0.1
request body: 
{}
response time: 7
response status: 200
response body: 
"为了防止文件过大,所以这边禁止打印,有调试需要再打开"
*************** response log end ***************

[2018-07-30T11:09:38.971] [INFO] resLogger - 
*************** response log start ***************
request method: POST
request originalUrl:  /api/user/imgupload
request client ip:  ::ffff:127.0.0.1
request body: 
{}
response time: 19
response status: 200
response body: 
"为了防止文件过大,所以这边禁止打印,有调试需要再打开"
*************** response log end ***************

[2018-07-30T11:09:57.718] [INFO] resLogger - 
*************** response log start ***************
request method: POST
request originalUrl:  /api/user/imgupload
request client ip:  ::ffff:127.0.0.1
request body: 
{}
response time: 7
response status: 200
response body: 
"为了防止文件过大,所以这边禁止打印,有调试需要再打开"
*************** response log end ***************

[2018-07-30T11:49:00.187] [INFO] resLogger - 
*************** response log start ***************
request method: POST
request originalUrl:  /api/user/imgupload
request client ip:  ::ffff:127.0.0.1
request body: 
{}
response time: 68
response status: 200
response body: 
"为了防止文件过大,所以这边禁止打印,有调试需要再打开"
*************** response log end ***************

[2018-07-30T11:51:34.166] [INFO] resLogger - 
*************** response log start ***************
request method: POST
request originalUrl:  /api/user/imgupload
request client ip:  ::ffff:127.0.0.1
request body: 
{}
response time: 9
response status: 200
response body: 
"为了防止文件过大,所以这边禁止打印,有调试需要再打开"
*************** response log end ***************

[2018-07-30T11:54:19.151] [INFO] resLogger - 
*************** response log start ***************
request method: POST
request originalUrl:  /api/user/imgupload
request client ip:  ::ffff:127.0.0.1
request body: 
{}
response time: 9
response status: 200
response body: 
"为了防止文件过大,所以这边禁止打印,有调试需要再打开"
*************** response log end ***************

[2018-07-30T11:54:47.083] [INFO] resLogger - 
*************** response log start ***************
request method: POST
request originalUrl:  /api/user/imgupload
request client ip:  ::ffff:127.0.0.1
request body: 
{}
response time: 4
response status: 200
response body: 
"为了防止文件过大,所以这边禁止打印,有调试需要再打开"
*************** response log end ***************

[2018-07-30T11:57:12.971] [INFO] resLogger - 
*************** response log start ***************
request method: POST
request originalUrl:  /api/user/imgupload
request client ip:  ::ffff:127.0.0.1
request body: 
{}
response time: 7
response status: 200
response body: 
"为了防止文件过大,所以这边禁止打印,有调试需要再打开"
*************** response log end ***************

[2018-07-30T11:58:17.777] [INFO] resLogger - 
*************** response log start ***************
request method: POST
request originalUrl:  /api/user/imgupload
request client ip:  ::ffff:127.0.0.1
request body: 
{}
response time: 6
response status: 200
response body: 
"为了防止文件过大,所以这边禁止打印,有调试需要再打开"
*************** response log end ***************

[2018-07-30T11:58:38.316] [INFO] resLogger - 
*************** response log start ***************
request method: POST
request originalUrl:  /api/user/imgupload
request client ip:  ::ffff:127.0.0.1
request body: 
{}
response time: 5
response status: 200
response body: 
"为了防止文件过大,所以这边禁止打印,有调试需要再打开"
*************** response log end ***************

[2018-07-30T11:59:02.325] [INFO] resLogger - 
*************** response log start ***************
request method: POST
request originalUrl:  /api/user/imgupload
request client ip:  ::ffff:127.0.0.1
request body: 
{}
response time: 6
response status: 200
response body: 
"为了防止文件过大,所以这边禁止打印,有调试需要再打开"
*************** response log end ***************

[2018-07-30T12:00:03.894] [INFO] resLogger - 
*************** response log start ***************
request method: POST
request originalUrl:  /api/user/imgupload
request client ip:  ::ffff:127.0.0.1
request body: 
{}
response time: 140
response status: 200
response body: 
"为了防止文件过大,所以这边禁止打印,有调试需要再打开"
*************** response log end ***************

[2018-07-30T13:53:55.421] [INFO] resLogger - 
*************** response log start ***************
request method: POST
request originalUrl:  /api/user/imgupload
request client ip:  ::ffff:127.0.0.1
request body: 
{}
response time: 14
response status: 200
response body: 
"为了防止文件过大,所以这边禁止打印,有调试需要再打开"
*************** response log end ***************

[2018-07-30T13:54:02.283] [INFO] resLogger - 
*************** response log start ***************
request method: POST
request originalUrl:  /api/user/imgupload
request client ip:  ::ffff:127.0.0.1
request body: 
{}
response time: 29
response status: 200
response body: 
"为了防止文件过大,所以这边禁止打印,有调试需要再打开"
*************** response log end ***************

[2018-07-30T13:58:21.089] [INFO] resLogger - 
*************** response log start ***************
request method: POST
request originalUrl:  /api/user/imgupload
request client ip:  ::ffff:127.0.0.1
request body: 
{}
response time: 18
response status: 200
response body: 
"为了防止文件过大,所以这边禁止打印,有调试需要再打开"
*************** response log end ***************

[2018-07-30T13:59:13.244] [INFO] resLogger - 
*************** response log start ***************
request method: POST
request originalUrl:  /api/user/imgupload
request client ip:  ::ffff:127.0.0.1
request body: 
{}
response time: 5
response status: 200
response body: 
"为了防止文件过大,所以这边禁止打印,有调试需要再打开"
*************** response log end ***************

[2018-07-30T13:59:17.902] [INFO] resLogger - 
*************** response log start ***************
request method: POST
request originalUrl:  /api/user/imgupload
request client ip:  ::ffff:127.0.0.1
request body: 
{}
response time: 86
response status: 200
response body: 
"为了防止文件过大,所以这边禁止打印,有调试需要再打开"
*************** response log end ***************

[2018-07-30T14:31:29.316] [INFO] resLogger - 
*************** response log start ***************
request method: POST
request originalUrl:  /api/user/imgupload
request client ip:  ::ffff:127.0.0.1
request body: 
{}
response time: 22
response status: 200
response body: 
"为了防止文件过大,所以这边禁止打印,有调试需要再打开"
*************** response log end ***************

[2018-07-30T14:47:20.912] [INFO] resLogger - 
*************** response log start ***************
request method: POST
request originalUrl:  /api/user/imgupload
request client ip:  ::ffff:127.0.0.1
request body: 
{}
response time: 5
response status: 200
response body: 
"为了防止文件过大,所以这边禁止打印,有调试需要再打开"
*************** response log end ***************

[2018-07-30T17:12:53.196] [INFO] resLogger - 
*************** response log start ***************
request method: POST
request originalUrl:  /api/user/imgupload
request client ip:  ::ffff:127.0.0.1
request body: 
{}
response time: 31
response status: 200
response body: 
"为了防止文件过大,所以这边禁止打印,有调试需要再打开"
*************** response log end ***************

[2018-07-30T17:15:06.619] [INFO] resLogger - 
*************** response log start ***************
request method: POST
request originalUrl:  /api/user/imgupload
request client ip:  ::ffff:127.0.0.1
request body: 
{}
response time: 3
response status: 200
response body: 
"为了防止文件过大,所以这边禁止打印,有调试需要再打开"
*************** response log end ***************

[2018-07-30T17:32:26.474] [INFO] resLogger - 
*************** response log start ***************
request method: POST
request originalUrl:  /api/user/imgupload
request client ip:  ::ffff:127.0.0.1
request body: 
{}
response time: 17
response status: 200
response body: 
"为了防止文件过大,所以这边禁止打印,有调试需要再打开"
*************** response log end ***************

[2018-07-30T17:32:28.225] [INFO] resLogger - 
*************** response log start ***************
request method: POST
request originalUrl:  /api/user/imgupload
request client ip:  ::ffff:127.0.0.1
request body: 
{}
response time: 4
response status: 200
response body: 
"为了防止文件过大,所以这边禁止打印,有调试需要再打开"
*************** response log end ***************

