[2018-06-12T16:04:04.767] [INFO] resLogger - 
*************** response log start ***************
request method: GET
request originalUrl:  /type/Gettype
request client ip:  ::ffff:127.0.0.1
request query:  {}
response time: 11
response status: 200
response body: 
{"status":"success","message":"成功!","result":{"res":[{"sorts":0,"_id":"5971c8f516e6023090c046c8","name":"html","__v":0},{"sorts":0,"_id":"5971cb1016e6023090c046c9","name":"css","__v":0},{"sorts":0,"_id":"5971cc7b16e6023090c046ca","name":"javascript","__v":0},{"sorts":0,"_id":"5971ccc316e6023090c046cb","name":"vue","__v":0},{"sorts":4,"_id":"59ddd4ed06dc7a1a4ca67b18","name":"node","__v":0},{"sorts":5,"_id":"59f9737f2e935739f8dd7519","name":"Angular","__v":0},{"sorts":6,"_id":"5a03c386f1f3bd3938300e00","name":"正则表达式","__v":0},{"sorts":0,"_id":"5a5d70fc7481243878790c91","name":"react","__v":0},{"sorts":0,"_id":"5a5d71217481243878790c92","name":"webpack","__v":0},{"sorts":0,"_id":"5a5d716c7481243878790c93","name":"canvas","__v":0},{"sorts":0,"_id":"5a5d721e7481243878790c94","name":"svg","__v":0},{"sorts":0,"_id":"5a683cf3b80b41347ccbc069","name":"ajax","__v":0},{"sorts":0,"_id":"5a9cbd76716c7a3348cf6f2f","name":"mongodb","__v":0}],"count":13}}
*************** response log end ***************

[2018-06-12T16:05:48.037] [INFO] resLogger - 
*************** response log start ***************
request method: GET
request originalUrl:  /type/Gettype
request client ip:  ::ffff:127.0.0.1
request query:  {}
response time: 13
response status: 200
response body: 
{"status":"success","message":"成功!","result":{"res":[{"sorts":0,"_id":"5971c8f516e6023090c046c8","name":"html","__v":0},{"sorts":0,"_id":"5971cb1016e6023090c046c9","name":"css","__v":0},{"sorts":0,"_id":"5971cc7b16e6023090c046ca","name":"javascript","__v":0},{"sorts":0,"_id":"5971ccc316e6023090c046cb","name":"vue","__v":0},{"sorts":4,"_id":"59ddd4ed06dc7a1a4ca67b18","name":"node","__v":0},{"sorts":5,"_id":"59f9737f2e935739f8dd7519","name":"Angular","__v":0},{"sorts":6,"_id":"5a03c386f1f3bd3938300e00","name":"正则表达式","__v":0},{"sorts":0,"_id":"5a5d70fc7481243878790c91","name":"react","__v":0},{"sorts":0,"_id":"5a5d71217481243878790c92","name":"webpack","__v":0},{"sorts":0,"_id":"5a5d716c7481243878790c93","name":"canvas","__v":0},{"sorts":0,"_id":"5a5d721e7481243878790c94","name":"svg","__v":0},{"sorts":0,"_id":"5a683cf3b80b41347ccbc069","name":"ajax","__v":0},{"sorts":0,"_id":"5a9cbd76716c7a3348cf6f2f","name":"mongodb","__v":0}],"count":13}}
*************** response log end ***************

[2018-06-12T16:14:13.137] [INFO] resLogger - 
*************** response log start ***************
request method: GET
request originalUrl:  /type/Gettype
request client ip:  ::ffff:127.0.0.1
request query:  {}
response time: 6
response status: 200
response body: 
{"status":"success","message":"成功!","result":{"res":[{"sorts":0,"_id":"5971c8f516e6023090c046c8","name":"html","__v":0},{"sorts":0,"_id":"5971cb1016e6023090c046c9","name":"css","__v":0},{"sorts":0,"_id":"5971cc7b16e6023090c046ca","name":"javascript","__v":0},{"sorts":0,"_id":"5971ccc316e6023090c046cb","name":"vue","__v":0},{"sorts":4,"_id":"59ddd4ed06dc7a1a4ca67b18","name":"node","__v":0},{"sorts":5,"_id":"59f9737f2e935739f8dd7519","name":"Angular","__v":0},{"sorts":6,"_id":"5a03c386f1f3bd3938300e00","name":"正则表达式","__v":0},{"sorts":0,"_id":"5a5d70fc7481243878790c91","name":"react","__v":0},{"sorts":0,"_id":"5a5d71217481243878790c92","name":"webpack","__v":0},{"sorts":0,"_id":"5a5d716c7481243878790c93","name":"canvas","__v":0},{"sorts":0,"_id":"5a5d721e7481243878790c94","name":"svg","__v":0},{"sorts":0,"_id":"5a683cf3b80b41347ccbc069","name":"ajax","__v":0},{"sorts":0,"_id":"5a9cbd76716c7a3348cf6f2f","name":"mongodb","__v":0}],"count":13}}
*************** response log end ***************

[2018-06-12T16:14:59.948] [INFO] resLogger - 
*************** response log start ***************
request method: GET
request originalUrl:  /type/Gettype
request client ip:  ::ffff:127.0.0.1
request query:  {}
response time: 7
response status: 200
response body: 
{"status":"success","message":"成功!","result":{"res":[{"sorts":0,"_id":"5971c8f516e6023090c046c8","name":"html","__v":0},{"sorts":0,"_id":"5971cb1016e6023090c046c9","name":"css","__v":0},{"sorts":0,"_id":"5971cc7b16e6023090c046ca","name":"javascript","__v":0},{"sorts":0,"_id":"5971ccc316e6023090c046cb","name":"vue","__v":0},{"sorts":4,"_id":"59ddd4ed06dc7a1a4ca67b18","name":"node","__v":0},{"sorts":5,"_id":"59f9737f2e935739f8dd7519","name":"Angular","__v":0},{"sorts":6,"_id":"5a03c386f1f3bd3938300e00","name":"正则表达式","__v":0},{"sorts":0,"_id":"5a5d70fc7481243878790c91","name":"react","__v":0},{"sorts":0,"_id":"5a5d71217481243878790c92","name":"webpack","__v":0},{"sorts":0,"_id":"5a5d716c7481243878790c93","name":"canvas","__v":0},{"sorts":0,"_id":"5a5d721e7481243878790c94","name":"svg","__v":0},{"sorts":0,"_id":"5a683cf3b80b41347ccbc069","name":"ajax","__v":0},{"sorts":0,"_id":"5a9cbd76716c7a3348cf6f2f","name":"mongodb","__v":0}],"count":13}}
*************** response log end ***************

[2018-06-12T16:17:23.622] [INFO] resLogger - 
*************** response log start ***************
request method: GET
request originalUrl:  /type/Gettype
request client ip:  ::ffff:127.0.0.1
request query:  {}
response time: 8
response status: 200
response body: 
{"status":"success","message":"成功!","result":{"res":[{"sorts":0,"_id":"5971c8f516e6023090c046c8","name":"html","__v":0},{"sorts":0,"_id":"5971cb1016e6023090c046c9","name":"css","__v":0},{"sorts":0,"_id":"5971cc7b16e6023090c046ca","name":"javascript","__v":0},{"sorts":0,"_id":"5971ccc316e6023090c046cb","name":"vue","__v":0},{"sorts":4,"_id":"59ddd4ed06dc7a1a4ca67b18","name":"node","__v":0},{"sorts":5,"_id":"59f9737f2e935739f8dd7519","name":"Angular","__v":0},{"sorts":6,"_id":"5a03c386f1f3bd3938300e00","name":"正则表达式","__v":0},{"sorts":0,"_id":"5a5d70fc7481243878790c91","name":"react","__v":0},{"sorts":0,"_id":"5a5d71217481243878790c92","name":"webpack","__v":0},{"sorts":0,"_id":"5a5d716c7481243878790c93","name":"canvas","__v":0},{"sorts":0,"_id":"5a5d721e7481243878790c94","name":"svg","__v":0},{"sorts":0,"_id":"5a683cf3b80b41347ccbc069","name":"ajax","__v":0},{"sorts":0,"_id":"5a9cbd76716c7a3348cf6f2f","name":"mongodb","__v":0}],"count":13}}
*************** response log end ***************

[2018-06-12T16:17:46.040] [INFO] resLogger - 
*************** response log start ***************
request method: GET
request originalUrl:  /type/Gettype
request client ip:  ::ffff:127.0.0.1
request query:  {}
response time: 7
response status: 200
response body: 
{"status":"success","message":"成功!","result":{"res":[{"sorts":0,"_id":"5971c8f516e6023090c046c8","name":"html","__v":0},{"sorts":0,"_id":"5971cb1016e6023090c046c9","name":"css","__v":0},{"sorts":0,"_id":"5971cc7b16e6023090c046ca","name":"javascript","__v":0},{"sorts":0,"_id":"5971ccc316e6023090c046cb","name":"vue","__v":0},{"sorts":4,"_id":"59ddd4ed06dc7a1a4ca67b18","name":"node","__v":0},{"sorts":5,"_id":"59f9737f2e935739f8dd7519","name":"Angular","__v":0},{"sorts":6,"_id":"5a03c386f1f3bd3938300e00","name":"正则表达式","__v":0},{"sorts":0,"_id":"5a5d70fc7481243878790c91","name":"react","__v":0},{"sorts":0,"_id":"5a5d71217481243878790c92","name":"webpack","__v":0},{"sorts":0,"_id":"5a5d716c7481243878790c93","name":"canvas","__v":0},{"sorts":0,"_id":"5a5d721e7481243878790c94","name":"svg","__v":0},{"sorts":0,"_id":"5a683cf3b80b41347ccbc069","name":"ajax","__v":0},{"sorts":0,"_id":"5a9cbd76716c7a3348cf6f2f","name":"mongodb","__v":0}],"count":13}}
*************** response log end ***************

[2018-06-12T16:25:23.356] [INFO] resLogger - 
*************** response log start ***************
request method: GET
request originalUrl:  /type/Gettype
request client ip:  ::ffff:127.0.0.1
request query:  {}
response time: 6
response status: 200
response body: 
{"status":"success","message":"成功!","result":{"res":[{"sorts":0,"_id":"5971c8f516e6023090c046c8","name":"html","__v":0},{"sorts":0,"_id":"5971cb1016e6023090c046c9","name":"css","__v":0},{"sorts":0,"_id":"5971cc7b16e6023090c046ca","name":"javascript","__v":0},{"sorts":0,"_id":"5971ccc316e6023090c046cb","name":"vue","__v":0},{"sorts":4,"_id":"59ddd4ed06dc7a1a4ca67b18","name":"node","__v":0},{"sorts":5,"_id":"59f9737f2e935739f8dd7519","name":"Angular","__v":0},{"sorts":6,"_id":"5a03c386f1f3bd3938300e00","name":"正则表达式","__v":0},{"sorts":0,"_id":"5a5d70fc7481243878790c91","name":"react","__v":0},{"sorts":0,"_id":"5a5d71217481243878790c92","name":"webpack","__v":0},{"sorts":0,"_id":"5a5d716c7481243878790c93","name":"canvas","__v":0},{"sorts":0,"_id":"5a5d721e7481243878790c94","name":"svg","__v":0},{"sorts":0,"_id":"5a683cf3b80b41347ccbc069","name":"ajax","__v":0},{"sorts":0,"_id":"5a9cbd76716c7a3348cf6f2f","name":"mongodb","__v":0}],"count":13}}
*************** response log end ***************

[2018-06-12T16:34:51.615] [INFO] resLogger - 
*************** response log start ***************
request method: GET
request originalUrl:  /type/Gettype
request client ip:  ::ffff:127.0.0.1
request query:  {}
response time: 11
response status: 200
response body: 
{"status":"success","message":"成功!","result":{"res":[{"sorts":0,"_id":"5971c8f516e6023090c046c8","name":"html","__v":0},{"sorts":0,"_id":"5971cb1016e6023090c046c9","name":"css","__v":0},{"sorts":0,"_id":"5971cc7b16e6023090c046ca","name":"javascript","__v":0},{"sorts":0,"_id":"5971ccc316e6023090c046cb","name":"vue","__v":0},{"sorts":4,"_id":"59ddd4ed06dc7a1a4ca67b18","name":"node","__v":0},{"sorts":5,"_id":"59f9737f2e935739f8dd7519","name":"Angular","__v":0},{"sorts":6,"_id":"5a03c386f1f3bd3938300e00","name":"正则表达式","__v":0},{"sorts":0,"_id":"5a5d70fc7481243878790c91","name":"react","__v":0},{"sorts":0,"_id":"5a5d71217481243878790c92","name":"webpack","__v":0},{"sorts":0,"_id":"5a5d716c7481243878790c93","name":"canvas","__v":0},{"sorts":0,"_id":"5a5d721e7481243878790c94","name":"svg","__v":0},{"sorts":0,"_id":"5a683cf3b80b41347ccbc069","name":"ajax","__v":0},{"sorts":0,"_id":"5a9cbd76716c7a3348cf6f2f","name":"mongodb","__v":0}],"count":13}}
*************** response log end ***************

[2018-06-12T16:55:41.180] [INFO] resLogger - 
*************** response log start ***************
request method: GET
request originalUrl:  /type/Gettype
request client ip:  ::ffff:127.0.0.1
request query:  {}
response time: 9
response status: 200
response body: 
{"status":"success","message":"成功!","result":{"res":[{"sorts":0,"_id":"5971c8f516e6023090c046c8","name":"html","__v":0},{"sorts":0,"_id":"5971cb1016e6023090c046c9","name":"css","__v":0},{"sorts":0,"_id":"5971cc7b16e6023090c046ca","name":"javascript","__v":0},{"sorts":0,"_id":"5971ccc316e6023090c046cb","name":"vue","__v":0},{"sorts":4,"_id":"59ddd4ed06dc7a1a4ca67b18","name":"node","__v":0},{"sorts":5,"_id":"59f9737f2e935739f8dd7519","name":"Angular","__v":0},{"sorts":6,"_id":"5a03c386f1f3bd3938300e00","name":"正则表达式","__v":0},{"sorts":0,"_id":"5a5d70fc7481243878790c91","name":"react","__v":0},{"sorts":0,"_id":"5a5d71217481243878790c92","name":"webpack","__v":0},{"sorts":0,"_id":"5a5d716c7481243878790c93","name":"canvas","__v":0},{"sorts":0,"_id":"5a5d721e7481243878790c94","name":"svg","__v":0},{"sorts":0,"_id":"5a683cf3b80b41347ccbc069","name":"ajax","__v":0},{"sorts":0,"_id":"5a9cbd76716c7a3348cf6f2f","name":"mongodb","__v":0}],"count":13}}
*************** response log end ***************

