[2018-07-20T14:13:27.964] [INFO] resLogger - 
*************** response log start ***************
request method: GET
request originalUrl:  /api/music/getplay?uid=undefined
request client ip:  ::ffff:127.0.0.1
request query:  {"uid":"undefined"}
response time: 113
response status: 200
response body: 
"为了防止文件过大,所以这边禁止打印,有调试需要再打开"
*************** response log end ***************

[2018-07-20T15:13:24.147] [INFO] resLogger - 
*************** response log start ***************
request method: GET
request originalUrl:  /api/music/login?username=15268516980&password=fy5201314
request client ip:  ::ffff:127.0.0.1
request query:  {"username":"15268516980","password":"fy5201314"}
response time: 96
response status: 200
response body: 
"为了防止文件过大,所以这边禁止打印,有调试需要再打开"
*************** response log end ***************

[2018-07-20T15:20:40.903] [INFO] resLogger - 
*************** response log start ***************
request method: GET
request originalUrl:  /api/music/login?username=15268516980&password=fy5201314
request client ip:  ::ffff:127.0.0.1
request query:  {"username":"15268516980","password":"fy5201314"}
response time: 45
response status: 200
response body: 
"为了防止文件过大,所以这边禁止打印,有调试需要再打开"
*************** response log end ***************

[2018-07-20T15:23:23.360] [INFO] resLogger - 
*************** response log start ***************
request method: GET
request originalUrl:  /api/music/login?username=15268516980&password=fy5201314*
request client ip:  ::ffff:127.0.0.1
request query:  {"username":"15268516980","password":"fy5201314*"}
response time: 46
response status: 200
response body: 
"为了防止文件过大,所以这边禁止打印,有调试需要再打开"
*************** response log end ***************

[2018-07-20T15:23:44.527] [INFO] resLogger - 
*************** response log start ***************
request method: GET
request originalUrl:  /api/music/login?username=15268516980&password=fy5201314
request client ip:  ::ffff:127.0.0.1
request query:  {"username":"15268516980","password":"fy5201314"}
response time: 46
response status: 200
response body: 
"为了防止文件过大,所以这边禁止打印,有调试需要再打开"
*************** response log end ***************

[2018-07-20T15:24:06.318] [INFO] resLogger - 
*************** response log start ***************
request method: GET
request originalUrl:  /api/music/getplay?uid=497852904
request client ip:  ::ffff:127.0.0.1
request query:  {"uid":"497852904"}
response time: 123
response status: 200
response body: 
"为了防止文件过大,所以这边禁止打印,有调试需要再打开"
*************** response log end ***************

[2018-07-20T15:24:06.549] [INFO] resLogger - 
*************** response log start ***************
request method: GET
request originalUrl:  /api/music/getlist?id=747586816
request client ip:  ::ffff:127.0.0.1
request query:  {"id":"747586816"}
response time: 102
response status: 200
response body: 
"为了防止文件过大,所以这边禁止打印,有调试需要再打开"
*************** response log end ***************

[2018-07-20T15:24:07.336] [INFO] resLogger - 
*************** response log start ***************
request method: GET
request originalUrl:  /api/music/getlist?id=130955527
request client ip:  ::ffff:127.0.0.1
request query:  {"id":"130955527"}
response time: 709
response status: 200
response body: 
"为了防止文件过大,所以这边禁止打印,有调试需要再打开"
*************** response log end ***************

[2018-07-20T15:25:29.830] [INFO] resLogger - 
*************** response log start ***************
request method: GET
request originalUrl:  /api/music/getlrc?id=29723028
request client ip:  ::ffff:127.0.0.1
request query:  {"id":"29723028"}
response time: 43
response status: 200
response body: 
"为了防止文件过大,所以这边禁止打印,有调试需要再打开"
*************** response log end ***************

[2018-07-20T15:26:17.774] [INFO] resLogger - 
*************** response log start ***************
request method: GET
request originalUrl:  /api/music/getlrc?id=390767
request client ip:  ::ffff:127.0.0.1
request query:  {"id":"390767"}
response time: 51
response status: 200
response body: 
"为了防止文件过大,所以这边禁止打印,有调试需要再打开"
*************** response log end ***************

[2018-07-20T15:26:54.382] [INFO] resLogger - 
*************** response log start ***************
request method: GET
request originalUrl:  /api/music/getlrc?id=29723028
request client ip:  ::ffff:127.0.0.1
request query:  {"id":"29723028"}
response time: 28
response status: 200
response body: 
"为了防止文件过大,所以这边禁止打印,有调试需要再打开"
*************** response log end ***************

[2018-07-20T15:28:47.131] [INFO] resLogger - 
*************** response log start ***************
request method: GET
request originalUrl:  /api/music/getlrc?id=29723028
request client ip:  ::ffff:127.0.0.1
request query:  {"id":"29723028"}
response time: 41
response status: 200
response body: 
"为了防止文件过大,所以这边禁止打印,有调试需要再打开"
*************** response log end ***************

[2018-07-20T15:35:00.145] [INFO] resLogger - 
*************** response log start ***************
request method: POST
request originalUrl:  /api/user/login
request client ip:  ::ffff:127.0.0.1
request body: 
{"userName":"admin","passWord":"123456"}
response time: 36
response status: 200
response body: 
"为了防止文件过大,所以这边禁止打印,有调试需要再打开"
*************** response log end ***************

[2018-07-20T15:35:01.773] [INFO] resLogger - 
*************** response log start ***************
request method: GET
request originalUrl:  /api/user/userList
request client ip:  ::ffff:127.0.0.1
request query:  {}
response time: 13
response status: 200
response body: 
"为了防止文件过大,所以这边禁止打印,有调试需要再打开"
*************** response log end ***************

[2018-07-20T15:35:02.740] [INFO] resLogger - 
*************** response log start ***************
request method: GET
request originalUrl:  /api/type/Gettype?i=61ml&l=true&exports=[object%20Object]&hot=[object%20Object]&parents=W5uL&children=3IRH,IidI,Xxa5,exGp,woOf,1cZb,Zx67,Zrlr,wxAW,zwoO,Pf15,GiK3,oUCk,NzD1,RH2O,omYG,9UAH,F8kA,BHhr,PJh5,rGbO&deprecate=function()%20{}&paths=&loaded=true&id=61ml&webpackPolyfill=1
request client ip:  ::ffff:127.0.0.1
request query:  {"i":"61ml","l":"true","exports":"[object Object]","hot":"[object Object]","parents":"W5uL","children":"3IRH,IidI,Xxa5,exGp,woOf,1cZb,Zx67,Zrlr,wxAW,zwoO,Pf15,GiK3,oUCk,NzD1,RH2O,omYG,9UAH,F8kA,BHhr,PJh5,rGbO","deprecate":"function() {}","paths":"","loaded":"true","id":"61ml","webpackPolyfill":"1"}
response time: 21
response status: 200
response body: 
"为了防止文件过大,所以这边禁止打印,有调试需要再打开"
*************** response log end ***************

[2018-07-20T15:35:03.537] [INFO] resLogger - 
*************** response log start ***************
request method: GET
request originalUrl:  /api/blog/blogList?page=1&pagesize=10
request client ip:  ::ffff:127.0.0.1
request query:  {"page":"1","pagesize":"10"}
response time: 828
response status: 200
response body: 
"为了防止文件过大,所以这边禁止打印,有调试需要再打开"
*************** response log end ***************

[2018-07-20T15:35:05.751] [INFO] resLogger - 
*************** response log start ***************
request method: GET
request originalUrl:  /api/type/Gettype
request client ip:  ::ffff:127.0.0.1
request query:  {}
response time: 9
response status: 200
response body: 
"为了防止文件过大,所以这边禁止打印,有调试需要再打开"
*************** response log end ***************

[2018-07-20T15:38:38.204] [INFO] resLogger - 
*************** response log start ***************
request method: GET
request originalUrl:  /api/lineage/getlineage?title=position
request client ip:  ::ffff:127.0.0.1
request query:  {"title":"position"}
response time: 1
response status: 200
response body: 
"为了防止文件过大,所以这边禁止打印,有调试需要再打开"
*************** response log end ***************

[2018-07-20T15:38:40.889] [INFO] resLogger - 
*************** response log start ***************
request method: GET
request originalUrl:  /api/type/Gettype
request client ip:  ::ffff:127.0.0.1
request query:  {}
response time: 9
response status: 200
response body: 
"为了防止文件过大,所以这边禁止打印,有调试需要再打开"
*************** response log end ***************

[2018-07-20T15:39:24.534] [INFO] resLogger - 
*************** response log start ***************
request method: GET
request originalUrl:  /api/type/Gettype
request client ip:  ::ffff:127.0.0.1
request query:  {}
response time: 10
response status: 200
response body: 
"为了防止文件过大,所以这边禁止打印,有调试需要再打开"
*************** response log end ***************

[2018-07-20T15:39:58.477] [INFO] resLogger - 
*************** response log start ***************
request method: GET
request originalUrl:  /api/type/Gettype
request client ip:  ::ffff:127.0.0.1
request query:  {}
response time: 13
response status: 200
response body: 
"为了防止文件过大,所以这边禁止打印,有调试需要再打开"
*************** response log end ***************

[2018-07-20T15:39:59.593] [INFO] resLogger - 
*************** response log start ***************
request method: GET
request originalUrl:  /api/type/Gettype?i=61ml&l=true&exports=[object%20Object]&hot=[object%20Object]&parents=W5uL&children=3IRH,IidI,Xxa5,exGp,woOf,1cZb,Zx67,Zrlr,wxAW,zwoO,Pf15,GiK3,oUCk,NzD1,RH2O,omYG,9UAH,F8kA,BHhr,PJh5,rGbO&deprecate=function()%20{}&paths=&loaded=true&id=61ml&webpackPolyfill=1
request client ip:  ::ffff:127.0.0.1
request query:  {"i":"61ml","l":"true","exports":"[object Object]","hot":"[object Object]","parents":"W5uL","children":"3IRH,IidI,Xxa5,exGp,woOf,1cZb,Zx67,Zrlr,wxAW,zwoO,Pf15,GiK3,oUCk,NzD1,RH2O,omYG,9UAH,F8kA,BHhr,PJh5,rGbO","deprecate":"function() {}","paths":"","loaded":"true","id":"61ml","webpackPolyfill":"1"}
response time: 13
response status: 200
response body: 
"为了防止文件过大,所以这边禁止打印,有调试需要再打开"
*************** response log end ***************

[2018-07-20T15:39:59.916] [INFO] resLogger - 
*************** response log start ***************
request method: GET
request originalUrl:  /api/blog/blogList?page=1&pagesize=10
request client ip:  ::ffff:127.0.0.1
request query:  {"page":"1","pagesize":"10"}
response time: 339
response status: 200
response body: 
"为了防止文件过大,所以这边禁止打印,有调试需要再打开"
*************** response log end ***************

[2018-07-20T15:40:00.674] [INFO] resLogger - 
*************** response log start ***************
request method: GET
request originalUrl:  /api/user/userList
request client ip:  ::ffff:127.0.0.1
request query:  {}
response time: 8
response status: 200
response body: 
"为了防止文件过大,所以这边禁止打印,有调试需要再打开"
*************** response log end ***************

[2018-07-20T15:40:01.663] [INFO] resLogger - 
*************** response log start ***************
request method: GET
request originalUrl:  /api/type/Gettype
request client ip:  ::ffff:127.0.0.1
request query:  {}
response time: 10
response status: 200
response body: 
"为了防止文件过大,所以这边禁止打印,有调试需要再打开"
*************** response log end ***************

[2018-07-20T16:08:17.204] [INFO] resLogger - 
*************** response log start ***************
request method: GET
request originalUrl:  /api/lineage/getlineage?title=writing-mode
request client ip:  ::ffff:127.0.0.1
request query:  {"title":"writing-mode"}
response time: 4
response status: 200
response body: 
"为了防止文件过大,所以这边禁止打印,有调试需要再打开"
*************** response log end ***************

[2018-07-20T16:08:18.457] [INFO] resLogger - 
*************** response log start ***************
request method: GET
request originalUrl:  /api/type/Gettype
request client ip:  ::ffff:127.0.0.1
request query:  {}
response time: 15
response status: 200
response body: 
"为了防止文件过大,所以这边禁止打印,有调试需要再打开"
*************** response log end ***************

[2018-07-20T16:15:39.985] [INFO] resLogger - 
*************** response log start ***************
request method: GET
request originalUrl:  /api/type/Gettype
request client ip:  ::ffff:127.0.0.1
request query:  {}
response time: 9
response status: 200
response body: 
"为了防止文件过大,所以这边禁止打印,有调试需要再打开"
*************** response log end ***************

[2018-07-20T16:24:24.368] [INFO] resLogger - 
*************** response log start ***************
request method: GET
request originalUrl:  /api/type/Gettype
request client ip:  ::ffff:127.0.0.1
request query:  {}
response time: 16
response status: 200
response body: 
"为了防止文件过大,所以这边禁止打印,有调试需要再打开"
*************** response log end ***************

[2018-07-20T16:44:47.225] [INFO] resLogger - 
*************** response log start ***************
request method: GET
request originalUrl:  /api/user/userList
request client ip:  ::ffff:127.0.0.1
request query:  {}
response time: 19
response status: 200
response body: 
"为了防止文件过大,所以这边禁止打印,有调试需要再打开"
*************** response log end ***************

[2018-07-20T16:44:48.282] [INFO] resLogger - 
*************** response log start ***************
request method: GET
request originalUrl:  /api/type/Gettype?i=61ml&l=true&exports=[object%20Object]&hot=[object%20Object]&parents=W5uL&children=3IRH,IidI,Xxa5,exGp,woOf,1cZb,Zx67,Zrlr,wxAW,zwoO,Pf15,GiK3,oUCk,NzD1,RH2O,omYG,9UAH,F8kA,BHhr,PJh5,rGbO&deprecate=function()%20{}&paths=&loaded=true&id=61ml&webpackPolyfill=1
request client ip:  ::ffff:127.0.0.1
request query:  {"i":"61ml","l":"true","exports":"[object Object]","hot":"[object Object]","parents":"W5uL","children":"3IRH,IidI,Xxa5,exGp,woOf,1cZb,Zx67,Zrlr,wxAW,zwoO,Pf15,GiK3,oUCk,NzD1,RH2O,omYG,9UAH,F8kA,BHhr,PJh5,rGbO","deprecate":"function() {}","paths":"","loaded":"true","id":"61ml","webpackPolyfill":"1"}
response time: 12
response status: 200
response body: 
"为了防止文件过大,所以这边禁止打印,有调试需要再打开"
*************** response log end ***************

[2018-07-20T16:44:49.024] [INFO] resLogger - 
*************** response log start ***************
request method: GET
request originalUrl:  /api/blog/blogList?page=1&pagesize=10
request client ip:  ::ffff:127.0.0.1
request query:  {"page":"1","pagesize":"10"}
response time: 757
response status: 200
response body: 
"为了防止文件过大,所以这边禁止打印,有调试需要再打开"
*************** response log end ***************

[2018-07-20T16:44:51.907] [INFO] resLogger - 
*************** response log start ***************
request method: GET
request originalUrl:  /api/blog/blogList?_id=5b2b6a60bfc24e1a00a2ac8b
request client ip:  ::ffff:127.0.0.1
request query:  {"_id":"5b2b6a60bfc24e1a00a2ac8b"}
response time: 1776
response status: 200
response body: 
"为了防止文件过大,所以这边禁止打印,有调试需要再打开"
*************** response log end ***************

[2018-07-20T16:44:54.477] [INFO] resLogger - 
*************** response log start ***************
request method: GET
request originalUrl:  /api/blog/blogList?_id=5b2b6a60bfc24e1a00a2ac8b
request client ip:  ::ffff:127.0.0.1
request query:  {"_id":"5b2b6a60bfc24e1a00a2ac8b"}
response time: 2502
response status: 200
response body: 
"为了防止文件过大,所以这边禁止打印,有调试需要再打开"
*************** response log end ***************

[2018-07-20T16:44:59.136] [INFO] resLogger - 
*************** response log start ***************
request method: GET
request originalUrl:  /api/type/Gettype?i=61ml&l=true&exports=[object%20Object]&hot=[object%20Object]&parents=W5uL&children=3IRH,IidI,Xxa5,exGp,woOf,1cZb,Zx67,Zrlr,wxAW,zwoO,Pf15,GiK3,oUCk,NzD1,RH2O,omYG,9UAH,F8kA,BHhr,PJh5,rGbO&deprecate=function()%20{}&paths=&loaded=true&id=61ml&webpackPolyfill=1
request client ip:  ::ffff:127.0.0.1
request query:  {"i":"61ml","l":"true","exports":"[object Object]","hot":"[object Object]","parents":"W5uL","children":"3IRH,IidI,Xxa5,exGp,woOf,1cZb,Zx67,Zrlr,wxAW,zwoO,Pf15,GiK3,oUCk,NzD1,RH2O,omYG,9UAH,F8kA,BHhr,PJh5,rGbO","deprecate":"function() {}","paths":"","loaded":"true","id":"61ml","webpackPolyfill":"1"}
response time: 9
response status: 200
response body: 
"为了防止文件过大,所以这边禁止打印,有调试需要再打开"
*************** response log end ***************

[2018-07-20T16:44:59.519] [INFO] resLogger - 
*************** response log start ***************
request method: GET
request originalUrl:  /api/blog/blogList?page=1&pagesize=10
request client ip:  ::ffff:127.0.0.1
request query:  {"page":"1","pagesize":"10"}
response time: 394
response status: 200
response body: 
"为了防止文件过大,所以这边禁止打印,有调试需要再打开"
*************** response log end ***************

[2018-07-20T16:45:02.503] [INFO] resLogger - 
*************** response log start ***************
request method: GET
request originalUrl:  /api/blog/blogList?_id=5b2b6936aeea9b3030f8fbe6
request client ip:  ::ffff:127.0.0.1
request query:  {"_id":"5b2b6936aeea9b3030f8fbe6"}
response time: 1781
response status: 200
response body: 
"为了防止文件过大,所以这边禁止打印,有调试需要再打开"
*************** response log end ***************

[2018-07-20T16:45:05.226] [INFO] resLogger - 
*************** response log start ***************
request method: GET
request originalUrl:  /api/blog/blogList?_id=5b2b6936aeea9b3030f8fbe6
request client ip:  ::ffff:127.0.0.1
request query:  {"_id":"5b2b6936aeea9b3030f8fbe6"}
response time: 2598
response status: 200
response body: 
"为了防止文件过大,所以这边禁止打印,有调试需要再打开"
*************** response log end ***************

[2018-07-20T16:45:06.425] [INFO] resLogger - 
*************** response log start ***************
request method: GET
request originalUrl:  /api/blog/blogList?page=1&pagesize=10
request client ip:  ::ffff:127.0.0.1
request query:  {"page":"1","pagesize":"10"}
response time: 1110
response status: 200
response body: 
"为了防止文件过大,所以这边禁止打印,有调试需要再打开"
*************** response log end ***************

[2018-07-20T16:45:09.312] [INFO] resLogger - 
*************** response log start ***************
request method: GET
request originalUrl:  /api/blog/blogList?_id=5b2b6737aeea9b3030f8fbe4
request client ip:  ::ffff:127.0.0.1
request query:  {"_id":"5b2b6737aeea9b3030f8fbe4"}
response time: 1861
response status: 200
response body: 
"为了防止文件过大,所以这边禁止打印,有调试需要再打开"
*************** response log end ***************

[2018-07-20T16:45:21.761] [INFO] resLogger - 
*************** response log start ***************
request method: GET
request originalUrl:  /api/type/Gettype?i=61ml&l=true&exports=[object%20Object]&hot=[object%20Object]&parents=W5uL&children=3IRH,IidI,Xxa5,exGp,woOf,1cZb,Zx67,Zrlr,wxAW,zwoO,Pf15,GiK3,oUCk,NzD1,RH2O,omYG,9UAH,F8kA,BHhr,PJh5,rGbO&deprecate=function()%20{}&paths=&loaded=true&id=61ml&webpackPolyfill=1
request client ip:  ::ffff:127.0.0.1
request query:  {"i":"61ml","l":"true","exports":"[object Object]","hot":"[object Object]","parents":"W5uL","children":"3IRH,IidI,Xxa5,exGp,woOf,1cZb,Zx67,Zrlr,wxAW,zwoO,Pf15,GiK3,oUCk,NzD1,RH2O,omYG,9UAH,F8kA,BHhr,PJh5,rGbO","deprecate":"function() {}","paths":"","loaded":"true","id":"61ml","webpackPolyfill":"1"}
response time: 10
response status: 200
response body: 
"为了防止文件过大,所以这边禁止打印,有调试需要再打开"
*************** response log end ***************

[2018-07-20T16:45:22.127] [INFO] resLogger - 
*************** response log start ***************
request method: GET
request originalUrl:  /api/blog/blogList?page=1&pagesize=10
request client ip:  ::ffff:127.0.0.1
request query:  {"page":"1","pagesize":"10"}
response time: 380
response status: 200
response body: 
"为了防止文件过大,所以这边禁止打印,有调试需要再打开"
*************** response log end ***************

[2018-07-20T16:45:31.408] [INFO] resLogger - 
*************** response log start ***************
request method: GET
request originalUrl:  /api/type/Gettype
request client ip:  ::ffff:127.0.0.1
request query:  {}
response time: 9
response status: 200
response body: 
"为了防止文件过大,所以这边禁止打印,有调试需要再打开"
*************** response log end ***************

[2018-07-20T16:52:09.275] [INFO] resLogger - 
*************** response log start ***************
request method: GET
request originalUrl:  /api/user/userList
request client ip:  ::ffff:127.0.0.1
request query:  {}
response time: 10
response status: 200
response body: 
"为了防止文件过大,所以这边禁止打印,有调试需要再打开"
*************** response log end ***************

[2018-07-20T16:52:10.669] [INFO] resLogger - 
*************** response log start ***************
request method: GET
request originalUrl:  /api/blog/blogList?page=1&pagesize=10
request client ip:  ::ffff:127.0.0.1
request query:  {"page":"1","pagesize":"10"}
response time: 427
response status: 200
response body: 
"为了防止文件过大,所以这边禁止打印,有调试需要再打开"
*************** response log end ***************

[2018-07-20T16:52:12.368] [INFO] resLogger - 
*************** response log start ***************
request method: GET
request originalUrl:  /api/type/Gettype
request client ip:  ::ffff:127.0.0.1
request query:  {}
response time: 11
response status: 200
response body: 
"为了防止文件过大,所以这边禁止打印,有调试需要再打开"
*************** response log end ***************

[2018-07-20T16:56:22.079] [INFO] resLogger - 
*************** response log start ***************
request method: GET
request originalUrl:  /api/user/userList
request client ip:  ::ffff:127.0.0.1
request query:  {}
response time: 8
response status: 200
response body: 
"为了防止文件过大,所以这边禁止打印,有调试需要再打开"
*************** response log end ***************

[2018-07-20T16:56:22.969] [INFO] resLogger - 
*************** response log start ***************
request method: GET
request originalUrl:  /api/blog/blogList?page=1&pagesize=10
request client ip:  ::ffff:127.0.0.1
request query:  {"page":"1","pagesize":"10"}
response time: 367
response status: 200
response body: 
"为了防止文件过大,所以这边禁止打印,有调试需要再打开"
*************** response log end ***************

[2018-07-20T16:56:25.332] [INFO] resLogger - 
*************** response log start ***************
request method: GET
request originalUrl:  /api/blog/blogList?page=2&pagesize=10
request client ip:  ::ffff:127.0.0.1
request query:  {"page":"2","pagesize":"10"}
response time: 16
response status: 200
response body: 
"为了防止文件过大,所以这边禁止打印,有调试需要再打开"
*************** response log end ***************

[2018-07-20T16:56:32.350] [INFO] resLogger - 
*************** response log start ***************
request method: GET
request originalUrl:  /api/blog/blogList?page=3&pagesize=10
request client ip:  ::ffff:127.0.0.1
request query:  {"page":"3","pagesize":"10"}
response time: 15
response status: 200
response body: 
"为了防止文件过大,所以这边禁止打印,有调试需要再打开"
*************** response log end ***************

[2018-07-20T16:56:35.041] [INFO] resLogger - 
*************** response log start ***************
request method: GET
request originalUrl:  /api/blog/blogList?page=4&pagesize=10
request client ip:  ::ffff:127.0.0.1
request query:  {"page":"4","pagesize":"10"}
response time: 34
response status: 200
response body: 
"为了防止文件过大,所以这边禁止打印,有调试需要再打开"
*************** response log end ***************

[2018-07-20T16:56:39.049] [INFO] resLogger - 
*************** response log start ***************
request method: GET
request originalUrl:  /api/blog/blogList?page=5&pagesize=10
request client ip:  ::ffff:127.0.0.1
request query:  {"page":"5","pagesize":"10"}
response time: 15
response status: 200
response body: 
"为了防止文件过大,所以这边禁止打印,有调试需要再打开"
*************** response log end ***************

[2018-07-20T16:56:39.951] [INFO] resLogger - 
*************** response log start ***************
request method: GET
request originalUrl:  /api/blog/blogList?page=6&pagesize=10
request client ip:  ::ffff:127.0.0.1
request query:  {"page":"6","pagesize":"10"}
response time: 35
response status: 200
response body: 
"为了防止文件过大,所以这边禁止打印,有调试需要再打开"
*************** response log end ***************

[2018-07-20T16:56:43.430] [INFO] resLogger - 
*************** response log start ***************
request method: GET
request originalUrl:  /api/blog/blogList?_id=59cb403da740e7328466a863
request client ip:  ::ffff:127.0.0.1
request query:  {"_id":"59cb403da740e7328466a863"}
response time: 1551
response status: 200
response body: 
"为了防止文件过大,所以这边禁止打印,有调试需要再打开"
*************** response log end ***************

[2018-07-20T16:56:46.623] [INFO] resLogger - 
*************** response log start ***************
request method: GET
request originalUrl:  /api/blog/blogList?page=1&pagesize=10
request client ip:  ::ffff:127.0.0.1
request query:  {"page":"1","pagesize":"10"}
response time: 2316
response status: 200
response body: 
"为了防止文件过大,所以这边禁止打印,有调试需要再打开"
*************** response log end ***************

[2018-07-20T16:56:47.350] [INFO] resLogger - 
*************** response log start ***************
request method: GET
request originalUrl:  /api/blog/blogList?_id=59cb403da740e7328466a863
request client ip:  ::ffff:127.0.0.1
request query:  {"_id":"59cb403da740e7328466a863"}
response time: 3873
response status: 200
response body: 
"为了防止文件过大,所以这边禁止打印,有调试需要再打开"
*************** response log end ***************

[2018-07-20T16:56:48.173] [INFO] resLogger - 
*************** response log start ***************
request method: GET
request originalUrl:  /api/type/Gettype?i=61ml&l=true&exports=[object%20Object]&hot=[object%20Object]&parents=W5uL&children=3IRH,IidI,Xxa5,exGp,woOf,1cZb,Zx67,Zrlr,wxAW,zwoO,Pf15,GiK3,oUCk,NzD1,RH2O,omYG,9UAH,F8kA,BHhr,PJh5,rGbO&deprecate=function()%20{}&paths=&loaded=true&id=61ml&webpackPolyfill=1
request client ip:  ::ffff:127.0.0.1
request query:  {"i":"61ml","l":"true","exports":"[object Object]","hot":"[object Object]","parents":"W5uL","children":"3IRH,IidI,Xxa5,exGp,woOf,1cZb,Zx67,Zrlr,wxAW,zwoO,Pf15,GiK3,oUCk,NzD1,RH2O,omYG,9UAH,F8kA,BHhr,PJh5,rGbO","deprecate":"function() {}","paths":"","loaded":"true","id":"61ml","webpackPolyfill":"1"}
response time: 9
response status: 200
response body: 
"为了防止文件过大,所以这边禁止打印,有调试需要再打开"
*************** response log end ***************

[2018-07-20T16:56:48.643] [INFO] resLogger - 
*************** response log start ***************
request method: GET
request originalUrl:  /api/blog/blogList?page=1&pagesize=10
request client ip:  ::ffff:127.0.0.1
request query:  {"page":"1","pagesize":"10"}
response time: 480
response status: 200
response body: 
"为了防止文件过大,所以这边禁止打印,有调试需要再打开"
*************** response log end ***************

[2018-07-20T16:56:54.737] [INFO] resLogger - 
*************** response log start ***************
request method: GET
request originalUrl:  /api/blog/blogList?_id=5b2b655caeea9b3030f8fbe2
request client ip:  ::ffff:127.0.0.1
request query:  {"_id":"5b2b655caeea9b3030f8fbe2"}
response time: 1634
response status: 200
response body: 
"为了防止文件过大,所以这边禁止打印,有调试需要再打开"
*************** response log end ***************

[2018-07-20T16:57:31.035] [INFO] resLogger - 
*************** response log start ***************
request method: GET
request originalUrl:  /api/blog/blogList?page=1&pagesize=10
request client ip:  ::ffff:127.0.0.1
request query:  {"page":"1","pagesize":"10"}
response time: 401
response status: 200
response body: 
"为了防止文件过大,所以这边禁止打印,有调试需要再打开"
*************** response log end ***************

[2018-07-20T16:58:30.849] [INFO] resLogger - 
*************** response log start ***************
request method: GET
request originalUrl:  /api/type/Gettype?i=61ml&l=true&exports=[object%20Object]&hot=[object%20Object]&parents=W5uL&children=3IRH,IidI,Xxa5,exGp,woOf,1cZb,Zx67,Zrlr,wxAW,zwoO,Pf15,GiK3,oUCk,NzD1,RH2O,omYG,9UAH,F8kA,BHhr,PJh5,rGbO&deprecate=function()%20{}&paths=&loaded=true&id=61ml&webpackPolyfill=1
request client ip:  ::ffff:127.0.0.1
request query:  {"i":"61ml","l":"true","exports":"[object Object]","hot":"[object Object]","parents":"W5uL","children":"3IRH,IidI,Xxa5,exGp,woOf,1cZb,Zx67,Zrlr,wxAW,zwoO,Pf15,GiK3,oUCk,NzD1,RH2O,omYG,9UAH,F8kA,BHhr,PJh5,rGbO","deprecate":"function() {}","paths":"","loaded":"true","id":"61ml","webpackPolyfill":"1"}
response time: 14
response status: 200
response body: 
"为了防止文件过大,所以这边禁止打印,有调试需要再打开"
*************** response log end ***************

[2018-07-20T16:58:32.136] [INFO] resLogger - 
*************** response log start ***************
request method: GET
request originalUrl:  /api/blog/blogList?_id=5b2b6936aeea9b3030f8fbe6
request client ip:  ::ffff:127.0.0.1
request query:  {"_id":"5b2b6936aeea9b3030f8fbe6"}
response time: 2342
response status: 200
response body: 
"为了防止文件过大,所以这边禁止打印,有调试需要再打开"
*************** response log end ***************

[2018-07-20T16:58:32.973] [INFO] resLogger - 
*************** response log start ***************
request method: GET
request originalUrl:  /api/blog/blogList?page=1&pagesize=10
request client ip:  ::ffff:127.0.0.1
request query:  {"page":"1","pagesize":"10"}
response time: 2140
response status: 200
response body: 
"为了防止文件过大,所以这边禁止打印,有调试需要再打开"
*************** response log end ***************

[2018-07-20T16:58:36.196] [INFO] resLogger - 
*************** response log start ***************
request method: GET
request originalUrl:  /api/blog/blogList?_id=5b2b6737aeea9b3030f8fbe4
request client ip:  ::ffff:127.0.0.1
request query:  {"_id":"5b2b6737aeea9b3030f8fbe4"}
response time: 1612
response status: 200
response body: 
"为了防止文件过大,所以这边禁止打印,有调试需要再打开"
*************** response log end ***************

[2018-07-20T16:59:39.977] [INFO] resLogger - 
*************** response log start ***************
request method: GET
request originalUrl:  /api/blog/blogList?_id=5b2b6737aeea9b3030f8fbe4
request client ip:  ::ffff:127.0.0.1
request query:  {"_id":"5b2b6737aeea9b3030f8fbe4"}
response time: 1754
response status: 200
response body: 
"为了防止文件过大,所以这边禁止打印,有调试需要再打开"
*************** response log end ***************

[2018-07-20T17:05:22.723] [INFO] resLogger - 
*************** response log start ***************
request method: GET
request originalUrl:  /api/blog/blogList?_id=5b2b6737aeea9b3030f8fbe4
request client ip:  ::ffff:127.0.0.1
request query:  {"_id":"5b2b6737aeea9b3030f8fbe4"}
response time: 1914
response status: 200
response body: 
"为了防止文件过大,所以这边禁止打印,有调试需要再打开"
*************** response log end ***************

[2018-07-20T17:06:06.628] [INFO] resLogger - 
*************** response log start ***************
request method: GET
request originalUrl:  /api/blog/blogList?_id=5b2b6737aeea9b3030f8fbe4
request client ip:  ::ffff:127.0.0.1
request query:  {"_id":"5b2b6737aeea9b3030f8fbe4"}
response time: 1745
response status: 200
response body: 
"为了防止文件过大,所以这边禁止打印,有调试需要再打开"
*************** response log end ***************

[2018-07-20T17:06:29.601] [INFO] resLogger - 
*************** response log start ***************
request method: GET
request originalUrl:  /api/blog/blogList?_id=5b2b6737aeea9b3030f8fbe4
request client ip:  ::ffff:127.0.0.1
request query:  {"_id":"5b2b6737aeea9b3030f8fbe4"}
response time: 1583
response status: 200
response body: 
"为了防止文件过大,所以这边禁止打印,有调试需要再打开"
*************** response log end ***************

