[2018-06-07T15:33:16.182] [INFO] resLogger - 
*************** response log start ***************
request method: POST
request originalUrl:  /user/imgupload
request client ip:  ::ffff:127.0.0.1
request body: 
{}
response time: 33
response status: 200
response body: 
{"code":0,"message":"服务器内部错误"}
*************** response log end ***************

[2018-06-07T15:36:29.527] [INFO] resLogger - 
*************** response log start ***************
request method: POST
request originalUrl:  /user/imgupload
request client ip:  ::ffff:127.0.0.1
request body: 
{}
response time: 5
response status: 200
response body: 
{"code":0,"message":"服务器内部错误"}
*************** response log end ***************

[2018-06-07T15:45:15.512] [INFO] resLogger - 
*************** response log start ***************
request method: POST
request originalUrl:  /user/imgupload
request client ip:  ::ffff:127.0.0.1
request body: 
{}
response time: 6
response status: 200
response body: 
{"code":0,"message":"服务器内部错误"}
*************** response log end ***************

[2018-06-07T15:46:40.044] [INFO] resLogger - 
*************** response log start ***************
request method: POST
request originalUrl:  /user/imgupload
request client ip:  ::ffff:127.0.0.1
request body: 
{}
response time: 5
response status: 200
response body: 
{"code":0,"message":"服务器内部错误"}
*************** response log end ***************

[2018-06-07T15:47:15.434] [INFO] resLogger - 
*************** response log start ***************
request method: POST
request originalUrl:  /user/imgupload
request client ip:  ::ffff:127.0.0.1
request body: 
{}
response time: 6
response status: 200
response body: 
{"code":0,"message":"服务器内部错误"}
*************** response log end ***************

[2018-06-07T15:49:22.656] [INFO] resLogger - 
*************** response log start ***************
request method: POST
request originalUrl:  /user/imgupload
request client ip:  ::ffff:127.0.0.1
request body: 
{}
response time: 6
response status: 200
response body: 
{"code":0,"message":"服务器内部错误"}
*************** response log end ***************

[2018-06-07T15:49:50.038] [INFO] resLogger - 
*************** response log start ***************
request method: POST
request originalUrl:  /user/imgupload
request client ip:  ::ffff:127.0.0.1
request body: 
{}
response time: 7
response status: 200
response body: 
{"code":0,"message":"服务器内部错误"}
*************** response log end ***************

[2018-06-07T15:51:05.556] [INFO] resLogger - 
*************** response log start ***************
request method: POST
request originalUrl:  /user/imgupload
request client ip:  ::ffff:127.0.0.1
request body: 
{}
response time: 6
response status: 200
response body: 
{"code":0,"message":"服务器内部错误"}
*************** response log end ***************

[2018-06-07T15:51:11.820] [INFO] resLogger - 
*************** response log start ***************
request method: POST
request originalUrl:  /user/imgupload
request client ip:  ::ffff:127.0.0.1
request body: 
{}
response time: 1
response status: 200
response body: 
{"code":0,"message":"服务器内部错误"}
*************** response log end ***************

[2018-06-07T15:52:00.884] [INFO] resLogger - 
*************** response log start ***************
request method: POST
request originalUrl:  /user/imgupload
request client ip:  ::ffff:127.0.0.1
request body: 
{}
response time: 5
response status: 200
response body: 
{"code":0,"message":"服务器内部错误"}
*************** response log end ***************

