[2018-07-16T10:17:26.082] [INFO] resLogger - 
*************** response log start ***************
request method: GET
request originalUrl:  /api/music/getlrc?id=29723028
request client ip:  ::ffff:127.0.0.1
request query:  {"id":"29723028"}
response time: 92
response status: 200
response body: 
"为了防止文件过大,所以这边禁止打印,有调试需要再打开"
*************** response log end ***************

[2018-07-16T10:17:50.012] [INFO] resLogger - 
*************** response log start ***************
request method: GET
request originalUrl:  /api/music/getlrc?id=390767
request client ip:  ::ffff:127.0.0.1
request query:  {"id":"390767"}
response time: 49
response status: 200
response body: 
"为了防止文件过大,所以这边禁止打印,有调试需要再打开"
*************** response log end ***************

[2018-07-16T10:17:59.285] [INFO] resLogger - 
*************** response log start ***************
request method: GET
request originalUrl:  /api/music/getlrc?id=194881
request client ip:  ::ffff:127.0.0.1
request query:  {"id":"194881"}
response time: 33
response status: 200
response body: 
"为了防止文件过大,所以这边禁止打印,有调试需要再打开"
*************** response log end ***************

[2018-07-16T10:18:12.436] [INFO] resLogger - 
*************** response log start ***************
request method: GET
request originalUrl:  /api/music/getlrc?id=144148
request client ip:  ::ffff:127.0.0.1
request query:  {"id":"144148"}
response time: 35
response status: 200
response body: 
"为了防止文件过大,所以这边禁止打印,有调试需要再打开"
*************** response log end ***************

[2018-07-16T10:18:19.329] [INFO] resLogger - 
*************** response log start ***************
request method: GET
request originalUrl:  /api/music/getlrc?id=194881
request client ip:  ::ffff:127.0.0.1
request query:  {"id":"194881"}
response time: 34
response status: 200
response body: 
"为了防止文件过大,所以这边禁止打印,有调试需要再打开"
*************** response log end ***************

[2018-07-16T10:18:31.610] [INFO] resLogger - 
*************** response log start ***************
request method: GET
request originalUrl:  /api/music/getlrc?id=163123
request client ip:  ::ffff:127.0.0.1
request query:  {"id":"163123"}
response time: 29
response status: 200
response body: 
"为了防止文件过大,所以这边禁止打印,有调试需要再打开"
*************** response log end ***************

[2018-07-16T10:19:08.973] [INFO] resLogger - 
*************** response log start ***************
request method: GET
request originalUrl:  /api/music/getlrc?id=108914
request client ip:  ::ffff:127.0.0.1
request query:  {"id":"108914"}
response time: 29
response status: 200
response body: 
"为了防止文件过大,所以这边禁止打印,有调试需要再打开"
*************** response log end ***************

[2018-07-16T10:20:13.201] [INFO] resLogger - 
*************** response log start ***************
request method: GET
request originalUrl:  /api/music/getlrc?id=194881
request client ip:  ::ffff:127.0.0.1
request query:  {"id":"194881"}
response time: 33
response status: 200
response body: 
"为了防止文件过大,所以这边禁止打印,有调试需要再打开"
*************** response log end ***************

[2018-07-16T10:20:20.199] [INFO] resLogger - 
*************** response log start ***************
request method: GET
request originalUrl:  /api/music/getlrc?id=28038056
request client ip:  ::ffff:127.0.0.1
request query:  {"id":"28038056"}
response time: 34
response status: 200
response body: 
"为了防止文件过大,所以这边禁止打印,有调试需要再打开"
*************** response log end ***************

[2018-07-16T10:20:23.428] [INFO] resLogger - 
*************** response log start ***************
request method: GET
request originalUrl:  /api/music/getlrc?id=210840
request client ip:  ::ffff:127.0.0.1
request query:  {"id":"210840"}
response time: 29
response status: 200
response body: 
"为了防止文件过大,所以这边禁止打印,有调试需要再打开"
*************** response log end ***************

[2018-07-16T10:20:33.544] [INFO] resLogger - 
*************** response log start ***************
request method: GET
request originalUrl:  /api/music/getlrc?id=194881
request client ip:  ::ffff:127.0.0.1
request query:  {"id":"194881"}
response time: 49
response status: 200
response body: 
"为了防止文件过大,所以这边禁止打印,有调试需要再打开"
*************** response log end ***************

[2018-07-16T10:21:24.492] [INFO] resLogger - 
*************** response log start ***************
request method: GET
request originalUrl:  /api/music/getlrc?id=194881
request client ip:  ::ffff:127.0.0.1
request query:  {"id":"194881"}
response time: 30
response status: 200
response body: 
"为了防止文件过大,所以这边禁止打印,有调试需要再打开"
*************** response log end ***************

[2018-07-16T10:21:51.523] [INFO] resLogger - 
*************** response log start ***************
request method: GET
request originalUrl:  /api/music/getlrc?id=194881
request client ip:  ::ffff:127.0.0.1
request query:  {"id":"194881"}
response time: 28
response status: 200
response body: 
"为了防止文件过大,所以这边禁止打印,有调试需要再打开"
*************** response log end ***************

[2018-07-16T10:22:41.942] [INFO] resLogger - 
*************** response log start ***************
request method: GET
request originalUrl:  /api/music/getlrc?id=194881
request client ip:  ::ffff:127.0.0.1
request query:  {"id":"194881"}
response time: 36
response status: 200
response body: 
"为了防止文件过大,所以这边禁止打印,有调试需要再打开"
*************** response log end ***************

[2018-07-16T10:23:18.931] [INFO] resLogger - 
*************** response log start ***************
request method: GET
request originalUrl:  /api/music/getlrc?id=194881
request client ip:  ::ffff:127.0.0.1
request query:  {"id":"194881"}
response time: 35
response status: 200
response body: 
"为了防止文件过大,所以这边禁止打印,有调试需要再打开"
*************** response log end ***************

[2018-07-16T10:23:31.025] [INFO] resLogger - 
*************** response log start ***************
request method: GET
request originalUrl:  /api/music/getlrc?id=194881
request client ip:  ::ffff:127.0.0.1
request query:  {"id":"194881"}
response time: 35
response status: 200
response body: 
"为了防止文件过大,所以这边禁止打印,有调试需要再打开"
*************** response log end ***************

[2018-07-16T10:23:40.863] [INFO] resLogger - 
*************** response log start ***************
request method: GET
request originalUrl:  /api/music/getlrc?id=194881
request client ip:  ::ffff:127.0.0.1
request query:  {"id":"194881"}
response time: 36
response status: 200
response body: 
"为了防止文件过大,所以这边禁止打印,有调试需要再打开"
*************** response log end ***************

[2018-07-16T10:24:19.043] [INFO] resLogger - 
*************** response log start ***************
request method: GET
request originalUrl:  /api/music/getlrc?id=194881
request client ip:  ::ffff:127.0.0.1
request query:  {"id":"194881"}
response time: 32
response status: 200
response body: 
"为了防止文件过大,所以这边禁止打印,有调试需要再打开"
*************** response log end ***************

[2018-07-16T10:24:43.719] [INFO] resLogger - 
*************** response log start ***************
request method: GET
request originalUrl:  /api/music/getlrc?id=194881
request client ip:  ::ffff:127.0.0.1
request query:  {"id":"194881"}
response time: 37
response status: 200
response body: 
"为了防止文件过大,所以这边禁止打印,有调试需要再打开"
*************** response log end ***************

[2018-07-16T10:25:35.878] [INFO] resLogger - 
*************** response log start ***************
request method: GET
request originalUrl:  /api/music/getlrc?id=194881
request client ip:  ::ffff:127.0.0.1
request query:  {"id":"194881"}
response time: 30
response status: 200
response body: 
"为了防止文件过大,所以这边禁止打印,有调试需要再打开"
*************** response log end ***************

[2018-07-16T10:25:48.857] [INFO] resLogger - 
*************** response log start ***************
request method: GET
request originalUrl:  /api/music/getlrc?id=194881
request client ip:  ::ffff:127.0.0.1
request query:  {"id":"194881"}
response time: 43
response status: 200
response body: 
"为了防止文件过大,所以这边禁止打印,有调试需要再打开"
*************** response log end ***************

[2018-07-16T10:26:25.022] [INFO] resLogger - 
*************** response log start ***************
request method: GET
request originalUrl:  /api/music/getlrc?id=194881
request client ip:  ::ffff:127.0.0.1
request query:  {"id":"194881"}
response time: 35
response status: 200
response body: 
"为了防止文件过大,所以这边禁止打印,有调试需要再打开"
*************** response log end ***************

[2018-07-16T10:28:25.926] [INFO] resLogger - 
*************** response log start ***************
request method: GET
request originalUrl:  /api/music/getlrc?id=194881
request client ip:  ::ffff:127.0.0.1
request query:  {"id":"194881"}
response time: 41
response status: 200
response body: 
"为了防止文件过大,所以这边禁止打印,有调试需要再打开"
*************** response log end ***************

[2018-07-16T10:28:41.578] [INFO] resLogger - 
*************** response log start ***************
request method: GET
request originalUrl:  /api/music/getlrc?id=194881
request client ip:  ::ffff:127.0.0.1
request query:  {"id":"194881"}
response time: 33
response status: 200
response body: 
"为了防止文件过大,所以这边禁止打印,有调试需要再打开"
*************** response log end ***************

[2018-07-16T10:29:44.642] [INFO] resLogger - 
*************** response log start ***************
request method: GET
request originalUrl:  /api/music/getlrc?id=194881
request client ip:  ::ffff:127.0.0.1
request query:  {"id":"194881"}
response time: 28
response status: 200
response body: 
"为了防止文件过大,所以这边禁止打印,有调试需要再打开"
*************** response log end ***************

[2018-07-16T10:30:21.127] [INFO] resLogger - 
*************** response log start ***************
request method: GET
request originalUrl:  /api/music/getlrc?id=194881
request client ip:  ::ffff:127.0.0.1
request query:  {"id":"194881"}
response time: 27
response status: 200
response body: 
"为了防止文件过大,所以这边禁止打印,有调试需要再打开"
*************** response log end ***************

[2018-07-16T10:30:23.434] [INFO] resLogger - 
*************** response log start ***************
request method: GET
request originalUrl:  /api/music/getlrc?id=194881
request client ip:  ::ffff:127.0.0.1
request query:  {"id":"194881"}
response time: 33
response status: 200
response body: 
"为了防止文件过大,所以这边禁止打印,有调试需要再打开"
*************** response log end ***************

[2018-07-16T10:30:30.090] [INFO] resLogger - 
*************** response log start ***************
request method: GET
request originalUrl:  /api/music/getlrc?id=194881
request client ip:  ::ffff:127.0.0.1
request query:  {"id":"194881"}
response time: 50
response status: 200
response body: 
"为了防止文件过大,所以这边禁止打印,有调试需要再打开"
*************** response log end ***************

[2018-07-16T10:30:48.421] [INFO] resLogger - 
*************** response log start ***************
request method: GET
request originalUrl:  /api/music/getlrc?id=194881
request client ip:  ::ffff:127.0.0.1
request query:  {"id":"194881"}
response time: 37
response status: 200
response body: 
"为了防止文件过大,所以这边禁止打印,有调试需要再打开"
*************** response log end ***************

[2018-07-16T10:34:08.004] [INFO] resLogger - 
*************** response log start ***************
request method: GET
request originalUrl:  /api/music/getlrc?id=34609103
request client ip:  ::ffff:127.0.0.1
request query:  {"id":"34609103"}
response time: 33
response status: 200
response body: 
"为了防止文件过大,所以这边禁止打印,有调试需要再打开"
*************** response log end ***************

[2018-07-16T10:34:17.946] [INFO] resLogger - 
*************** response log start ***************
request method: GET
request originalUrl:  /api/music/getlrc?id=4968360
request client ip:  ::ffff:127.0.0.1
request query:  {"id":"4968360"}
response time: 23
response status: 200
response body: 
"为了防止文件过大,所以这边禁止打印,有调试需要再打开"
*************** response log end ***************

[2018-07-16T11:37:04.168] [INFO] resLogger - 
*************** response log start ***************
request method: POST
request originalUrl:  /api/user/login
request client ip:  ::ffff:127.0.0.1
request body: 
{"userName":"admin","passWord":"123456"}
response time: 85
response status: 200
response body: 
"为了防止文件过大,所以这边禁止打印,有调试需要再打开"
*************** response log end ***************

[2018-07-16T11:37:06.280] [INFO] resLogger - 
*************** response log start ***************
request method: GET
request originalUrl:  /api/user/userList
request client ip:  ::ffff:127.0.0.1
request query:  {}
response time: 51
response status: 200
response body: 
"为了防止文件过大,所以这边禁止打印,有调试需要再打开"
*************** response log end ***************

[2018-07-16T11:37:07.495] [INFO] resLogger - 
*************** response log start ***************
request method: GET
request originalUrl:  /api/type/Gettype?i=61ml&l=true&exports=[object%20Object]&hot=[object%20Object]&parents=W5uL&children=3IRH,IidI,Xxa5,exGp,woOf,1cZb,Zx67,Zrlr,wxAW,zwoO,Pf15,GiK3,oUCk,NzD1,RH2O,omYG,9UAH,F8kA,BHhr,PJh5,rGbO&deprecate=function()%20{}&paths=&loaded=true&id=61ml&webpackPolyfill=1
request client ip:  ::ffff:127.0.0.1
request query:  {"i":"61ml","l":"true","exports":"[object Object]","hot":"[object Object]","parents":"W5uL","children":"3IRH,IidI,Xxa5,exGp,woOf,1cZb,Zx67,Zrlr,wxAW,zwoO,Pf15,GiK3,oUCk,NzD1,RH2O,omYG,9UAH,F8kA,BHhr,PJh5,rGbO","deprecate":"function() {}","paths":"","loaded":"true","id":"61ml","webpackPolyfill":"1"}
response time: 16
response status: 200
response body: 
"为了防止文件过大,所以这边禁止打印,有调试需要再打开"
*************** response log end ***************

[2018-07-16T11:37:08.085] [INFO] resLogger - 
*************** response log start ***************
request method: GET
request originalUrl:  /api/blog/blogList?page=1&pagesize=10
request client ip:  ::ffff:127.0.0.1
request query:  {"page":"1","pagesize":"10"}
response time: 614
response status: 200
response body: 
"为了防止文件过大,所以这边禁止打印,有调试需要再打开"
*************** response log end ***************

[2018-07-16T11:37:12.889] [INFO] resLogger - 
*************** response log start ***************
request method: GET
request originalUrl:  /api/blog/blogList?page=1&pagesize=10
request client ip:  ::ffff:127.0.0.1
request query:  {"page":"1","pagesize":"10"}
response time: 566
response status: 200
response body: 
"为了防止文件过大,所以这边禁止打印,有调试需要再打开"
*************** response log end ***************

[2018-07-16T11:37:13.482] [INFO] resLogger - 
*************** response log start ***************
request method: GET
request originalUrl:  /api/user/userList
request client ip:  ::ffff:127.0.0.1
request query:  {}
response time: 10
response status: 200
response body: 
"为了防止文件过大,所以这边禁止打印,有调试需要再打开"
*************** response log end ***************

[2018-07-16T11:37:26.593] [INFO] resLogger - 
*************** response log start ***************
request method: GET
request originalUrl:  /api/blog/blogList?page=1&pagesize=10
request client ip:  ::ffff:127.0.0.1
request query:  {"page":"1","pagesize":"10"}
response time: 364
response status: 200
response body: 
"为了防止文件过大,所以这边禁止打印,有调试需要再打开"
*************** response log end ***************

[2018-07-16T11:37:26.629] [INFO] resLogger - 
*************** response log start ***************
request method: GET
request originalUrl:  /api/user/userList
request client ip:  ::ffff:127.0.0.1
request query:  {}
response time: 19
response status: 200
response body: 
"为了防止文件过大,所以这边禁止打印,有调试需要再打开"
*************** response log end ***************

[2018-07-16T11:37:28.530] [INFO] resLogger - 
*************** response log start ***************
request method: GET
request originalUrl:  /api/user/userList
request client ip:  ::ffff:127.0.0.1
request query:  {}
response time: 9
response status: 200
response body: 
"为了防止文件过大,所以这边禁止打印,有调试需要再打开"
*************** response log end ***************

[2018-07-16T11:37:38.173] [INFO] resLogger - 
*************** response log start ***************
request method: GET
request originalUrl:  /api/user/userList
request client ip:  ::ffff:127.0.0.1
request query:  {}
response time: 11
response status: 200
response body: 
"为了防止文件过大,所以这边禁止打印,有调试需要再打开"
*************** response log end ***************

[2018-07-16T11:37:42.064] [INFO] resLogger - 
*************** response log start ***************
request method: GET
request originalUrl:  /api/type/Gettype?i=61ml&l=true&exports=[object%20Object]&hot=[object%20Object]&parents=W5uL&children=3IRH,IidI,Xxa5,exGp,woOf,1cZb,Zx67,Zrlr,wxAW,zwoO,Pf15,GiK3,oUCk,NzD1,RH2O,omYG,9UAH,F8kA,BHhr,PJh5,rGbO&deprecate=function()%20{}&paths=&loaded=true&id=61ml&webpackPolyfill=1
request client ip:  ::ffff:127.0.0.1
request query:  {"i":"61ml","l":"true","exports":"[object Object]","hot":"[object Object]","parents":"W5uL","children":"3IRH,IidI,Xxa5,exGp,woOf,1cZb,Zx67,Zrlr,wxAW,zwoO,Pf15,GiK3,oUCk,NzD1,RH2O,omYG,9UAH,F8kA,BHhr,PJh5,rGbO","deprecate":"function() {}","paths":"","loaded":"true","id":"61ml","webpackPolyfill":"1"}
response time: 15
response status: 200
response body: 
"为了防止文件过大,所以这边禁止打印,有调试需要再打开"
*************** response log end ***************

[2018-07-16T11:37:42.608] [INFO] resLogger - 
*************** response log start ***************
request method: GET
request originalUrl:  /api/blog/blogList?page=1&pagesize=10
request client ip:  ::ffff:127.0.0.1
request query:  {"page":"1","pagesize":"10"}
response time: 562
response status: 200
response body: 
"为了防止文件过大,所以这边禁止打印,有调试需要再打开"
*************** response log end ***************

[2018-07-16T11:37:48.031] [INFO] resLogger - 
*************** response log start ***************
request method: GET
request originalUrl:  /api/blog/blogList?page=1&pagesize=10
request client ip:  ::ffff:127.0.0.1
request query:  {"page":"1","pagesize":"10"}
response time: 386
response status: 200
response body: 
"为了防止文件过大,所以这边禁止打印,有调试需要再打开"
*************** response log end ***************

[2018-07-16T11:37:48.067] [INFO] resLogger - 
*************** response log start ***************
request method: GET
request originalUrl:  /api/user/userList
request client ip:  ::ffff:127.0.0.1
request query:  {}
response time: 16
response status: 200
response body: 
"为了防止文件过大,所以这边禁止打印,有调试需要再打开"
*************** response log end ***************

[2018-07-16T11:38:42.145] [INFO] resLogger - 
*************** response log start ***************
request method: GET
request originalUrl:  /api/user/userList
request client ip:  ::ffff:127.0.0.1
request query:  {}
response time: 10
response status: 200
response body: 
"为了防止文件过大,所以这边禁止打印,有调试需要再打开"
*************** response log end ***************

[2018-07-16T11:38:43.959] [INFO] resLogger - 
*************** response log start ***************
request method: GET
request originalUrl:  /api/blog/blogList?page=1&pagesize=10
request client ip:  ::ffff:127.0.0.1
request query:  {"page":"1","pagesize":"10"}
response time: 374
response status: 200
response body: 
"为了防止文件过大,所以这边禁止打印,有调试需要再打开"
*************** response log end ***************

[2018-07-16T11:52:25.515] [INFO] resLogger - 
*************** response log start ***************
request method: GET
request originalUrl:  /api/type/Gettype
request client ip:  ::ffff:127.0.0.1
request query:  {}
response time: 12
response status: 200
response body: 
"为了防止文件过大,所以这边禁止打印,有调试需要再打开"
*************** response log end ***************

[2018-07-16T11:52:46.704] [INFO] resLogger - 
*************** response log start ***************
request method: GET
request originalUrl:  /api/type/Gettype
request client ip:  ::ffff:127.0.0.1
request query:  {}
response time: 10
response status: 200
response body: 
"为了防止文件过大,所以这边禁止打印,有调试需要再打开"
*************** response log end ***************

[2018-07-16T11:53:37.422] [INFO] resLogger - 
*************** response log start ***************
request method: GET
request originalUrl:  /api/type/Gettype
request client ip:  ::ffff:127.0.0.1
request query:  {}
response time: 10
response status: 200
response body: 
"为了防止文件过大,所以这边禁止打印,有调试需要再打开"
*************** response log end ***************

[2018-07-16T12:03:05.736] [INFO] resLogger - 
*************** response log start ***************
request method: GET
request originalUrl:  /api/type/Gettype
request client ip:  ::ffff:127.0.0.1
request query:  {}
response time: 67
response status: 200
response body: 
"为了防止文件过大,所以这边禁止打印,有调试需要再打开"
*************** response log end ***************

[2018-07-16T12:04:01.407] [INFO] resLogger - 
*************** response log start ***************
request method: GET
request originalUrl:  /api/type/Gettype
request client ip:  ::ffff:127.0.0.1
request query:  {}
response time: 31
response status: 200
response body: 
"为了防止文件过大,所以这边禁止打印,有调试需要再打开"
*************** response log end ***************

[2018-07-16T13:42:01.470] [INFO] resLogger - 
*************** response log start ***************
request method: GET
request originalUrl:  /api/type/Gettype
request client ip:  ::ffff:127.0.0.1
request query:  {}
response time: 17
response status: 200
response body: 
"为了防止文件过大,所以这边禁止打印,有调试需要再打开"
*************** response log end ***************

[2018-07-16T13:42:20.890] [INFO] resLogger - 
*************** response log start ***************
request method: GET
request originalUrl:  /api/user/userList
request client ip:  ::ffff:127.0.0.1
request query:  {}
response time: 10
response status: 200
response body: 
"为了防止文件过大,所以这边禁止打印,有调试需要再打开"
*************** response log end ***************

[2018-07-16T13:42:21.660] [INFO] resLogger - 
*************** response log start ***************
request method: GET
request originalUrl:  /api/type/Gettype
request client ip:  ::ffff:127.0.0.1
request query:  {}
response time: 14
response status: 200
response body: 
"为了防止文件过大,所以这边禁止打印,有调试需要再打开"
*************** response log end ***************

[2018-07-16T13:54:10.877] [INFO] resLogger - 
*************** response log start ***************
request method: GET
request originalUrl:  /api/type/Gettype
request client ip:  ::ffff:127.0.0.1
request query:  {}
response time: 12
response status: 200
response body: 
"为了防止文件过大,所以这边禁止打印,有调试需要再打开"
*************** response log end ***************

[2018-07-16T13:56:26.581] [INFO] resLogger - 
*************** response log start ***************
request method: GET
request originalUrl:  /api/type/Gettype
request client ip:  ::ffff:127.0.0.1
request query:  {}
response time: 10
response status: 200
response body: 
"为了防止文件过大,所以这边禁止打印,有调试需要再打开"
*************** response log end ***************

[2018-07-16T13:58:04.136] [INFO] resLogger - 
*************** response log start ***************
request method: GET
request originalUrl:  /api/type/Gettype
request client ip:  ::ffff:127.0.0.1
request query:  {}
response time: 32
response status: 200
response body: 
"为了防止文件过大,所以这边禁止打印,有调试需要再打开"
*************** response log end ***************

[2018-07-16T14:00:39.652] [INFO] resLogger - 
*************** response log start ***************
request method: GET
request originalUrl:  /api/type/Gettype
request client ip:  ::ffff:127.0.0.1
request query:  {}
response time: 10
response status: 200
response body: 
"为了防止文件过大,所以这边禁止打印,有调试需要再打开"
*************** response log end ***************

[2018-07-16T14:00:54.532] [INFO] resLogger - 
*************** response log start ***************
request method: GET
request originalUrl:  /api/lineage/getlineage?title=position
request client ip:  ::ffff:127.0.0.1
request query:  {"title":"position"}
response time: 89
response status: 200
response body: 
"为了防止文件过大,所以这边禁止打印,有调试需要再打开"
*************** response log end ***************

[2018-07-16T14:00:56.799] [INFO] resLogger - 
*************** response log start ***************
request method: POST
request originalUrl:  /api/lineage/addlineage
request client ip:  ::ffff:127.0.0.1
request body: 
{"title":"position","grammar":"","explain":"","sample":"","thetype":"11"}
response time: 1
response status: 200
response body: 
"为了防止文件过大,所以这边禁止打印,有调试需要再打开"
*************** response log end ***************

[2018-07-16T14:00:56.807] [INFO] resLogger - 
*************** response log start ***************
request method: GET
request originalUrl:  /api/lineage/getlineage?title=position
request client ip:  ::ffff:127.0.0.1
request query:  {"title":"position"}
response time: 1
response status: 200
response body: 
"为了防止文件过大,所以这边禁止打印,有调试需要再打开"
*************** response log end ***************

[2018-07-16T14:00:58.756] [INFO] resLogger - 
*************** response log start ***************
request method: GET
request originalUrl:  /api/type/Gettype
request client ip:  ::ffff:127.0.0.1
request query:  {}
response time: 12
response status: 200
response body: 
"为了防止文件过大,所以这边禁止打印,有调试需要再打开"
*************** response log end ***************

[2018-07-16T14:01:01.082] [INFO] resLogger - 
*************** response log start ***************
request method: GET
request originalUrl:  /api/lineage/getlineage?title=z-index
request client ip:  ::ffff:127.0.0.1
request query:  {"title":"z-index"}
response time: 3
response status: 200
response body: 
"为了防止文件过大,所以这边禁止打印,有调试需要再打开"
*************** response log end ***************

[2018-07-16T14:01:07.138] [INFO] resLogger - 
*************** response log start ***************
request method: GET
request originalUrl:  /api/lineage/getlineage?title=z-index
request client ip:  ::ffff:127.0.0.1
request query:  {"title":"z-index"}
response time: 1
response status: 200
response body: 
"为了防止文件过大,所以这边禁止打印,有调试需要再打开"
*************** response log end ***************

