[2018-06-07T11:11:56.620] [INFO] resLogger - 
*************** response log start ***************
request method: GET
request originalUrl:  /user/userList
request client ip:  ::ffff:127.0.0.1
request query:  {}
response time: 25
response status: 200
response body: 
{"statue":"success","list":[{"isAdmin":false,"_id":"5a52ecc32d168439e47d896b","name":"fufeng7"},{"isAdmin":true,"_id":"5a4f324f79432c1c844dc064","name":"fufeng6"},{"isAdmin":true,"_id":"5a4f323979432c1c844dc063","name":"fufeng5"},{"isAdmin":false,"_id":"5a3cc9ecf6c893330497980a","name":"fufeng4"},{"isAdmin":false,"_id":"5a3cc5a475b2b51a90757fa8","name":"fufeng3"},{"isAdmin":false,"_id":"5a3cc41875b2b51a90757fa7","name":"fufeng2"},{"isAdmin":false,"_id":"59798065222fad397037ea6a","name":"fufeng1"},{"isAdmin":false,"_id":"5970674e64fd6f2828a64dee","name":"admin"},{"isAdmin":false,"_id":"5970510b0e17e43708980b1e","name":"ff3"},{"isAdmin":false,"_id":"59700978f79a1420a065e846","name":"ff1"},{"isAdmin":false,"_id":"596f2a936009ec3dc0f97e72","name":"ff123"},{"isAdmin":true,"_id":"596f2a5990d6140af0c85e32","name":"ff12"},{"isAdmin":false,"_id":"596c4a93b671e821349219ec","name":"123456"},{"isAdmin":false,"_id":"596c33cfa3e29836a8c42d1a","name":"fufeng"}]}
*************** response log end ***************

[2018-06-07T11:18:39.642] [INFO] resLogger - 
*************** response log start ***************
request method: GET
request originalUrl:  /user/userList
request client ip:  ::ffff:127.0.0.1
request query:  {}
response time: 9
response status: 200
response body: 
{"statue":"success","list":[{"isAdmin":false,"_id":"5a52ecc32d168439e47d896b","name":"fufeng7"},{"isAdmin":true,"_id":"5a4f324f79432c1c844dc064","name":"fufeng6"},{"isAdmin":true,"_id":"5a4f323979432c1c844dc063","name":"fufeng5"},{"isAdmin":false,"_id":"5a3cc9ecf6c893330497980a","name":"fufeng4"},{"isAdmin":false,"_id":"5a3cc5a475b2b51a90757fa8","name":"fufeng3"},{"isAdmin":false,"_id":"5a3cc41875b2b51a90757fa7","name":"fufeng2"},{"isAdmin":false,"_id":"59798065222fad397037ea6a","name":"fufeng1"},{"isAdmin":false,"_id":"5970674e64fd6f2828a64dee","name":"admin"},{"isAdmin":false,"_id":"5970510b0e17e43708980b1e","name":"ff3"},{"isAdmin":false,"_id":"59700978f79a1420a065e846","name":"ff1"},{"isAdmin":false,"_id":"596f2a936009ec3dc0f97e72","name":"ff123"},{"isAdmin":true,"_id":"596f2a5990d6140af0c85e32","name":"ff12"},{"isAdmin":false,"_id":"596c4a93b671e821349219ec","name":"123456"},{"isAdmin":false,"_id":"596c33cfa3e29836a8c42d1a","name":"fufeng"}]}
*************** response log end ***************

[2018-06-07T11:20:57.749] [INFO] resLogger - 
*************** response log start ***************
request method: GET
request originalUrl:  /user/userList
request client ip:  ::ffff:127.0.0.1
request query:  {}
response time: 3
response status: 200
response body: 
{"statue":"success","list":[{"isAdmin":false,"_id":"5a52ecc32d168439e47d896b","name":"fufeng7"},{"isAdmin":true,"_id":"5a4f324f79432c1c844dc064","name":"fufeng6"},{"isAdmin":true,"_id":"5a4f323979432c1c844dc063","name":"fufeng5"},{"isAdmin":false,"_id":"5a3cc9ecf6c893330497980a","name":"fufeng4"},{"isAdmin":false,"_id":"5a3cc5a475b2b51a90757fa8","name":"fufeng3"},{"isAdmin":false,"_id":"5a3cc41875b2b51a90757fa7","name":"fufeng2"},{"isAdmin":false,"_id":"59798065222fad397037ea6a","name":"fufeng1"},{"isAdmin":false,"_id":"5970674e64fd6f2828a64dee","name":"admin"},{"isAdmin":false,"_id":"5970510b0e17e43708980b1e","name":"ff3"},{"isAdmin":false,"_id":"59700978f79a1420a065e846","name":"ff1"},{"isAdmin":false,"_id":"596f2a936009ec3dc0f97e72","name":"ff123"},{"isAdmin":true,"_id":"596f2a5990d6140af0c85e32","name":"ff12"},{"isAdmin":false,"_id":"596c4a93b671e821349219ec","name":"123456"},{"isAdmin":false,"_id":"596c33cfa3e29836a8c42d1a","name":"fufeng"}]}
*************** response log end ***************

[2018-06-07T11:22:45.974] [INFO] resLogger - 
*************** response log start ***************
request method: GET
request originalUrl:  /user/userList
request client ip:  ::ffff:127.0.0.1
request query:  {}
response time: 3
response status: 200
response body: 
{"statue":"success","list":[{"isAdmin":false,"_id":"5a52ecc32d168439e47d896b","name":"fufeng7"},{"isAdmin":true,"_id":"5a4f324f79432c1c844dc064","name":"fufeng6"},{"isAdmin":true,"_id":"5a4f323979432c1c844dc063","name":"fufeng5"},{"isAdmin":false,"_id":"5a3cc9ecf6c893330497980a","name":"fufeng4"},{"isAdmin":false,"_id":"5a3cc5a475b2b51a90757fa8","name":"fufeng3"},{"isAdmin":false,"_id":"5a3cc41875b2b51a90757fa7","name":"fufeng2"},{"isAdmin":false,"_id":"59798065222fad397037ea6a","name":"fufeng1"},{"isAdmin":false,"_id":"5970674e64fd6f2828a64dee","name":"admin"},{"isAdmin":false,"_id":"5970510b0e17e43708980b1e","name":"ff3"},{"isAdmin":false,"_id":"59700978f79a1420a065e846","name":"ff1"},{"isAdmin":false,"_id":"596f2a936009ec3dc0f97e72","name":"ff123"},{"isAdmin":true,"_id":"596f2a5990d6140af0c85e32","name":"ff12"},{"isAdmin":false,"_id":"596c4a93b671e821349219ec","name":"123456"},{"isAdmin":false,"_id":"596c33cfa3e29836a8c42d1a","name":"fufeng"}]}
*************** response log end ***************

[2018-06-07T11:22:47.276] [INFO] resLogger - 
*************** response log start ***************
request method: GET
request originalUrl:  /user/userList
request client ip:  ::ffff:127.0.0.1
request query:  {}
response time: 2
response status: 200
response body: 
{"statue":"success","list":[{"isAdmin":false,"_id":"5a52ecc32d168439e47d896b","name":"fufeng7"},{"isAdmin":true,"_id":"5a4f324f79432c1c844dc064","name":"fufeng6"},{"isAdmin":true,"_id":"5a4f323979432c1c844dc063","name":"fufeng5"},{"isAdmin":false,"_id":"5a3cc9ecf6c893330497980a","name":"fufeng4"},{"isAdmin":false,"_id":"5a3cc5a475b2b51a90757fa8","name":"fufeng3"},{"isAdmin":false,"_id":"5a3cc41875b2b51a90757fa7","name":"fufeng2"},{"isAdmin":false,"_id":"59798065222fad397037ea6a","name":"fufeng1"},{"isAdmin":false,"_id":"5970674e64fd6f2828a64dee","name":"admin"},{"isAdmin":false,"_id":"5970510b0e17e43708980b1e","name":"ff3"},{"isAdmin":false,"_id":"59700978f79a1420a065e846","name":"ff1"},{"isAdmin":false,"_id":"596f2a936009ec3dc0f97e72","name":"ff123"},{"isAdmin":true,"_id":"596f2a5990d6140af0c85e32","name":"ff12"},{"isAdmin":false,"_id":"596c4a93b671e821349219ec","name":"123456"},{"isAdmin":false,"_id":"596c33cfa3e29836a8c42d1a","name":"fufeng"}]}
*************** response log end ***************

[2018-06-07T11:22:58.082] [INFO] resLogger - 
*************** response log start ***************
request method: GET
request originalUrl:  /user/userList?name=fufeng7
request client ip:  ::ffff:127.0.0.1
request query:  {"name":"fufeng7"}
response time: 4
response status: 200
response body: 
{"statue":"success","list":[{"isAdmin":false,"_id":"5a52ecc32d168439e47d896b","name":"fufeng7"}]}
*************** response log end ***************

[2018-06-07T11:23:01.221] [INFO] resLogger - 
*************** response log start ***************
request method: GET
request originalUrl:  /user/userList
request client ip:  ::ffff:127.0.0.1
request query:  {}
response time: 3
response status: 200
response body: 
{"statue":"success","list":[{"isAdmin":false,"_id":"5a52ecc32d168439e47d896b","name":"fufeng7"},{"isAdmin":true,"_id":"5a4f324f79432c1c844dc064","name":"fufeng6"},{"isAdmin":true,"_id":"5a4f323979432c1c844dc063","name":"fufeng5"},{"isAdmin":false,"_id":"5a3cc9ecf6c893330497980a","name":"fufeng4"},{"isAdmin":false,"_id":"5a3cc5a475b2b51a90757fa8","name":"fufeng3"},{"isAdmin":false,"_id":"5a3cc41875b2b51a90757fa7","name":"fufeng2"},{"isAdmin":false,"_id":"59798065222fad397037ea6a","name":"fufeng1"},{"isAdmin":false,"_id":"5970674e64fd6f2828a64dee","name":"admin"},{"isAdmin":false,"_id":"5970510b0e17e43708980b1e","name":"ff3"},{"isAdmin":false,"_id":"59700978f79a1420a065e846","name":"ff1"},{"isAdmin":false,"_id":"596f2a936009ec3dc0f97e72","name":"ff123"},{"isAdmin":true,"_id":"596f2a5990d6140af0c85e32","name":"ff12"},{"isAdmin":false,"_id":"596c4a93b671e821349219ec","name":"123456"},{"isAdmin":false,"_id":"596c33cfa3e29836a8c42d1a","name":"fufeng"}]}
*************** response log end ***************

[2018-06-07T11:23:05.294] [INFO] resLogger - 
*************** response log start ***************
request method: GET
request originalUrl:  /user/userList?isAdmin=true
request client ip:  ::ffff:127.0.0.1
request query:  {"isAdmin":"true"}
response time: 3
response status: 200
response body: 
{"statue":"success","list":[{"isAdmin":true,"_id":"5a4f324f79432c1c844dc064","name":"fufeng6"},{"isAdmin":true,"_id":"5a4f323979432c1c844dc063","name":"fufeng5"},{"isAdmin":true,"_id":"596f2a5990d6140af0c85e32","name":"ff12"}]}
*************** response log end ***************

[2018-06-07T11:23:07.491] [INFO] resLogger - 
*************** response log start ***************
request method: GET
request originalUrl:  /user/userList
request client ip:  ::ffff:127.0.0.1
request query:  {}
response time: 5
response status: 200
response body: 
{"statue":"success","list":[{"isAdmin":false,"_id":"5a52ecc32d168439e47d896b","name":"fufeng7"},{"isAdmin":true,"_id":"5a4f324f79432c1c844dc064","name":"fufeng6"},{"isAdmin":true,"_id":"5a4f323979432c1c844dc063","name":"fufeng5"},{"isAdmin":false,"_id":"5a3cc9ecf6c893330497980a","name":"fufeng4"},{"isAdmin":false,"_id":"5a3cc5a475b2b51a90757fa8","name":"fufeng3"},{"isAdmin":false,"_id":"5a3cc41875b2b51a90757fa7","name":"fufeng2"},{"isAdmin":false,"_id":"59798065222fad397037ea6a","name":"fufeng1"},{"isAdmin":false,"_id":"5970674e64fd6f2828a64dee","name":"admin"},{"isAdmin":false,"_id":"5970510b0e17e43708980b1e","name":"ff3"},{"isAdmin":false,"_id":"59700978f79a1420a065e846","name":"ff1"},{"isAdmin":false,"_id":"596f2a936009ec3dc0f97e72","name":"ff123"},{"isAdmin":true,"_id":"596f2a5990d6140af0c85e32","name":"ff12"},{"isAdmin":false,"_id":"596c4a93b671e821349219ec","name":"123456"},{"isAdmin":false,"_id":"596c33cfa3e29836a8c42d1a","name":"fufeng"}]}
*************** response log end ***************

[2018-06-07T11:24:17.938] [INFO] resLogger - 
*************** response log start ***************
request method: GET
request originalUrl:  /user/userList
request client ip:  ::ffff:127.0.0.1
request query:  {}
response time: 3
response status: 200
response body: 
{"statue":"success","list":[{"isAdmin":false,"_id":"5a52ecc32d168439e47d896b","name":"fufeng7"},{"isAdmin":true,"_id":"5a4f324f79432c1c844dc064","name":"fufeng6"},{"isAdmin":true,"_id":"5a4f323979432c1c844dc063","name":"fufeng5"},{"isAdmin":false,"_id":"5a3cc9ecf6c893330497980a","name":"fufeng4"},{"isAdmin":false,"_id":"5a3cc5a475b2b51a90757fa8","name":"fufeng3"},{"isAdmin":false,"_id":"5a3cc41875b2b51a90757fa7","name":"fufeng2"},{"isAdmin":false,"_id":"59798065222fad397037ea6a","name":"fufeng1"},{"isAdmin":false,"_id":"5970674e64fd6f2828a64dee","name":"admin"},{"isAdmin":false,"_id":"5970510b0e17e43708980b1e","name":"ff3"},{"isAdmin":false,"_id":"59700978f79a1420a065e846","name":"ff1"},{"isAdmin":false,"_id":"596f2a936009ec3dc0f97e72","name":"ff123"},{"isAdmin":true,"_id":"596f2a5990d6140af0c85e32","name":"ff12"},{"isAdmin":false,"_id":"596c4a93b671e821349219ec","name":"123456"},{"isAdmin":false,"_id":"596c33cfa3e29836a8c42d1a","name":"fufeng"}]}
*************** response log end ***************

[2018-06-07T11:24:19.291] [INFO] resLogger - 
*************** response log start ***************
request method: GET
request originalUrl:  /user/userList
request client ip:  ::ffff:127.0.0.1
request query:  {}
response time: 5
response status: 200
response body: 
{"statue":"success","list":[{"isAdmin":false,"_id":"5a52ecc32d168439e47d896b","name":"fufeng7"},{"isAdmin":true,"_id":"5a4f324f79432c1c844dc064","name":"fufeng6"},{"isAdmin":true,"_id":"5a4f323979432c1c844dc063","name":"fufeng5"},{"isAdmin":false,"_id":"5a3cc9ecf6c893330497980a","name":"fufeng4"},{"isAdmin":false,"_id":"5a3cc5a475b2b51a90757fa8","name":"fufeng3"},{"isAdmin":false,"_id":"5a3cc41875b2b51a90757fa7","name":"fufeng2"},{"isAdmin":false,"_id":"59798065222fad397037ea6a","name":"fufeng1"},{"isAdmin":false,"_id":"5970674e64fd6f2828a64dee","name":"admin"},{"isAdmin":false,"_id":"5970510b0e17e43708980b1e","name":"ff3"},{"isAdmin":false,"_id":"59700978f79a1420a065e846","name":"ff1"},{"isAdmin":false,"_id":"596f2a936009ec3dc0f97e72","name":"ff123"},{"isAdmin":true,"_id":"596f2a5990d6140af0c85e32","name":"ff12"},{"isAdmin":false,"_id":"596c4a93b671e821349219ec","name":"123456"},{"isAdmin":false,"_id":"596c33cfa3e29836a8c42d1a","name":"fufeng"}]}
*************** response log end ***************

[2018-06-07T11:24:58.255] [INFO] resLogger - 
*************** response log start ***************
request method: GET
request originalUrl:  /user/userList
request client ip:  ::ffff:127.0.0.1
request query:  {}
response time: 6
response status: 200
response body: 
{"statue":"success","list":[{"isAdmin":false,"_id":"5a52ecc32d168439e47d896b","name":"fufeng7"},{"isAdmin":true,"_id":"5a4f324f79432c1c844dc064","name":"fufeng6"},{"isAdmin":true,"_id":"5a4f323979432c1c844dc063","name":"fufeng5"},{"isAdmin":false,"_id":"5a3cc9ecf6c893330497980a","name":"fufeng4"},{"isAdmin":false,"_id":"5a3cc5a475b2b51a90757fa8","name":"fufeng3"},{"isAdmin":false,"_id":"5a3cc41875b2b51a90757fa7","name":"fufeng2"},{"isAdmin":false,"_id":"59798065222fad397037ea6a","name":"fufeng1"},{"isAdmin":false,"_id":"5970674e64fd6f2828a64dee","name":"admin"},{"isAdmin":false,"_id":"5970510b0e17e43708980b1e","name":"ff3"},{"isAdmin":false,"_id":"59700978f79a1420a065e846","name":"ff1"},{"isAdmin":false,"_id":"596f2a936009ec3dc0f97e72","name":"ff123"},{"isAdmin":true,"_id":"596f2a5990d6140af0c85e32","name":"ff12"},{"isAdmin":false,"_id":"596c4a93b671e821349219ec","name":"123456"},{"isAdmin":false,"_id":"596c33cfa3e29836a8c42d1a","name":"fufeng"}]}
*************** response log end ***************

[2018-06-07T11:24:59.566] [INFO] resLogger - 
*************** response log start ***************
request method: GET
request originalUrl:  /user/userList
request client ip:  ::ffff:127.0.0.1
request query:  {}
response time: 3
response status: 200
response body: 
{"statue":"success","list":[{"isAdmin":false,"_id":"5a52ecc32d168439e47d896b","name":"fufeng7"},{"isAdmin":true,"_id":"5a4f324f79432c1c844dc064","name":"fufeng6"},{"isAdmin":true,"_id":"5a4f323979432c1c844dc063","name":"fufeng5"},{"isAdmin":false,"_id":"5a3cc9ecf6c893330497980a","name":"fufeng4"},{"isAdmin":false,"_id":"5a3cc5a475b2b51a90757fa8","name":"fufeng3"},{"isAdmin":false,"_id":"5a3cc41875b2b51a90757fa7","name":"fufeng2"},{"isAdmin":false,"_id":"59798065222fad397037ea6a","name":"fufeng1"},{"isAdmin":false,"_id":"5970674e64fd6f2828a64dee","name":"admin"},{"isAdmin":false,"_id":"5970510b0e17e43708980b1e","name":"ff3"},{"isAdmin":false,"_id":"59700978f79a1420a065e846","name":"ff1"},{"isAdmin":false,"_id":"596f2a936009ec3dc0f97e72","name":"ff123"},{"isAdmin":true,"_id":"596f2a5990d6140af0c85e32","name":"ff12"},{"isAdmin":false,"_id":"596c4a93b671e821349219ec","name":"123456"},{"isAdmin":false,"_id":"596c33cfa3e29836a8c42d1a","name":"fufeng"}]}
*************** response log end ***************

[2018-06-07T11:25:47.143] [INFO] resLogger - 
*************** response log start ***************
request method: GET
request originalUrl:  /user/userList
request client ip:  ::ffff:127.0.0.1
request query:  {}
response time: 6
response status: 200
response body: 
{"statue":"success","list":[{"isAdmin":false,"_id":"5a52ecc32d168439e47d896b","name":"fufeng7"},{"isAdmin":true,"_id":"5a4f324f79432c1c844dc064","name":"fufeng6"},{"isAdmin":true,"_id":"5a4f323979432c1c844dc063","name":"fufeng5"},{"isAdmin":false,"_id":"5a3cc9ecf6c893330497980a","name":"fufeng4"},{"isAdmin":false,"_id":"5a3cc5a475b2b51a90757fa8","name":"fufeng3"},{"isAdmin":false,"_id":"5a3cc41875b2b51a90757fa7","name":"fufeng2"},{"isAdmin":false,"_id":"59798065222fad397037ea6a","name":"fufeng1"},{"isAdmin":false,"_id":"5970674e64fd6f2828a64dee","name":"admin"},{"isAdmin":false,"_id":"5970510b0e17e43708980b1e","name":"ff3"},{"isAdmin":false,"_id":"59700978f79a1420a065e846","name":"ff1"},{"isAdmin":false,"_id":"596f2a936009ec3dc0f97e72","name":"ff123"},{"isAdmin":true,"_id":"596f2a5990d6140af0c85e32","name":"ff12"},{"isAdmin":false,"_id":"596c4a93b671e821349219ec","name":"123456"},{"isAdmin":false,"_id":"596c33cfa3e29836a8c42d1a","name":"fufeng"}]}
*************** response log end ***************

[2018-06-07T11:27:59.915] [INFO] resLogger - 
*************** response log start ***************
request method: GET
request originalUrl:  /user/userList
request client ip:  ::ffff:127.0.0.1
request query:  {}
response time: 3
response status: 200
response body: 
{"statue":"success","list":[{"isAdmin":false,"_id":"5a52ecc32d168439e47d896b","name":"fufeng7"},{"isAdmin":true,"_id":"5a4f324f79432c1c844dc064","name":"fufeng6"},{"isAdmin":true,"_id":"5a4f323979432c1c844dc063","name":"fufeng5"},{"isAdmin":false,"_id":"5a3cc9ecf6c893330497980a","name":"fufeng4"},{"isAdmin":false,"_id":"5a3cc5a475b2b51a90757fa8","name":"fufeng3"},{"isAdmin":false,"_id":"5a3cc41875b2b51a90757fa7","name":"fufeng2"},{"isAdmin":false,"_id":"59798065222fad397037ea6a","name":"fufeng1"},{"isAdmin":false,"_id":"5970674e64fd6f2828a64dee","name":"admin"},{"isAdmin":false,"_id":"5970510b0e17e43708980b1e","name":"ff3"},{"isAdmin":false,"_id":"59700978f79a1420a065e846","name":"ff1"},{"isAdmin":false,"_id":"596f2a936009ec3dc0f97e72","name":"ff123"},{"isAdmin":true,"_id":"596f2a5990d6140af0c85e32","name":"ff12"},{"isAdmin":false,"_id":"596c4a93b671e821349219ec","name":"123456"},{"isAdmin":false,"_id":"596c33cfa3e29836a8c42d1a","name":"fufeng"}]}
*************** response log end ***************

[2018-06-07T11:34:20.280] [INFO] resLogger - 
*************** response log start ***************
request method: GET
request originalUrl:  /user/userList
request client ip:  ::ffff:127.0.0.1
request query:  {}
response time: 4
response status: 200
response body: 
{"statue":"success","list":[{"isAdmin":false,"_id":"5a52ecc32d168439e47d896b","name":"fufeng7"},{"isAdmin":true,"_id":"5a4f324f79432c1c844dc064","name":"fufeng6"},{"isAdmin":true,"_id":"5a4f323979432c1c844dc063","name":"fufeng5"},{"isAdmin":false,"_id":"5a3cc9ecf6c893330497980a","name":"fufeng4"},{"isAdmin":false,"_id":"5a3cc5a475b2b51a90757fa8","name":"fufeng3"},{"isAdmin":false,"_id":"5a3cc41875b2b51a90757fa7","name":"fufeng2"},{"isAdmin":false,"_id":"59798065222fad397037ea6a","name":"fufeng1"},{"isAdmin":false,"_id":"5970674e64fd6f2828a64dee","name":"admin"},{"isAdmin":false,"_id":"5970510b0e17e43708980b1e","name":"ff3"},{"isAdmin":false,"_id":"59700978f79a1420a065e846","name":"ff1"},{"isAdmin":false,"_id":"596f2a936009ec3dc0f97e72","name":"ff123"},{"isAdmin":true,"_id":"596f2a5990d6140af0c85e32","name":"ff12"},{"isAdmin":false,"_id":"596c4a93b671e821349219ec","name":"123456"},{"isAdmin":false,"_id":"596c33cfa3e29836a8c42d1a","name":"fufeng"}]}
*************** response log end ***************

