[2018-06-29T09:53:11.612] [INFO] resLogger - 
*************** response log start ***************
request method: POST
request originalUrl:  /api/user/login
request client ip:  ::ffff:127.0.0.1
request body: 
{"userName":"admin","passWord":"123456"}
response time: 31
response status: 200
response body: 
"为了防止文件过大,所以这边禁止打印,有调试需要再打开"
*************** response log end ***************

[2018-06-29T09:53:15.383] [INFO] resLogger - 
*************** response log start ***************
request method: GET
request originalUrl:  /api/user/userList
request client ip:  ::ffff:127.0.0.1
request query:  {}
response time: 13
response status: 200
response body: 
"为了防止文件过大,所以这边禁止打印,有调试需要再打开"
*************** response log end ***************

[2018-06-29T09:53:15.987] [INFO] resLogger - 
*************** response log start ***************
request method: GET
request originalUrl:  /api/type/Gettype
request client ip:  ::ffff:127.0.0.1
request query:  {}
response time: 18
response status: 200
response body: 
"为了防止文件过大,所以这边禁止打印,有调试需要再打开"
*************** response log end ***************

[2018-06-29T09:53:17.840] [INFO] resLogger - 
*************** response log start ***************
request method: GET
request originalUrl:  /api/blog/blogList
request client ip:  ::ffff:127.0.0.1
request query:  {}
response time: 1878
response status: 200
response body: 
"为了防止文件过大,所以这边禁止打印,有调试需要再打开"
*************** response log end ***************

[2018-06-29T15:13:05.718] [INFO] resLogger - 
*************** response log start ***************
request method: GET
request originalUrl:  /api/user/userList
request client ip:  ::ffff:127.0.0.1
request query:  {}
response time: 815
response status: 200
response body: 
"为了防止文件过大,所以这边禁止打印,有调试需要再打开"
*************** response log end ***************

[2018-06-29T15:13:08.313] [INFO] resLogger - 
*************** response log start ***************
request method: GET
request originalUrl:  /api/type/Gettype
request client ip:  ::ffff:127.0.0.1
request query:  {}
response time: 37
response status: 200
response body: 
"为了防止文件过大,所以这边禁止打印,有调试需要再打开"
*************** response log end ***************

[2018-06-29T15:13:10.431] [INFO] resLogger - 
*************** response log start ***************
request method: GET
request originalUrl:  /api/blog/blogList
request client ip:  ::ffff:127.0.0.1
request query:  {}
response time: 2223
response status: 200
response body: 
"为了防止文件过大,所以这边禁止打印,有调试需要再打开"
*************** response log end ***************

[2018-06-29T15:13:26.622] [INFO] resLogger - 
*************** response log start ***************
request method: GET
request originalUrl:  /api/blog/blogList?type=css
request client ip:  ::ffff:127.0.0.1
request query:  {"type":"css"}
response time: 36
response status: 200
response body: 
"为了防止文件过大,所以这边禁止打印,有调试需要再打开"
*************** response log end ***************

[2018-06-29T15:13:28.469] [INFO] resLogger - 
*************** response log start ***************
request method: GET
request originalUrl:  /api/blog/blogList?_id=5b2b67a2aeea9b3030f8fbe5
request client ip:  ::ffff:127.0.0.1
request query:  {"_id":"5b2b67a2aeea9b3030f8fbe5"}
response time: 163
response status: 200
response body: 
"为了防止文件过大,所以这边禁止打印,有调试需要再打开"
*************** response log end ***************

[2018-06-29T15:13:41.577] [INFO] resLogger - 
*************** response log start ***************
request method: GET
request originalUrl:  /api/blog/blogList
request client ip:  ::ffff:127.0.0.1
request query:  {}
response time: 1681
response status: 200
response body: 
"为了防止文件过大,所以这边禁止打印,有调试需要再打开"
*************** response log end ***************

[2018-06-29T15:13:43.689] [INFO] resLogger - 
*************** response log start ***************
request method: GET
request originalUrl:  /api/blog/blogList?_id=5b2b6936aeea9b3030f8fbe6
request client ip:  ::ffff:127.0.0.1
request query:  {"_id":"5b2b6936aeea9b3030f8fbe6"}
response time: 8
response status: 200
response body: 
"为了防止文件过大,所以这边禁止打印,有调试需要再打开"
*************** response log end ***************

[2018-06-29T15:13:48.548] [INFO] resLogger - 
*************** response log start ***************
request method: GET
request originalUrl:  /api/blog/blogList
request client ip:  ::ffff:127.0.0.1
request query:  {}
response time: 1570
response status: 200
response body: 
"为了防止文件过大,所以这边禁止打印,有调试需要再打开"
*************** response log end ***************

[2018-06-29T16:38:45.190] [INFO] resLogger - 
*************** response log start ***************
request method: POST
request originalUrl:  /api/user/login
request client ip:  ::ffff:127.0.0.1
request body: 
{"userName":"admin","passWord":"123456"}
response time: 119
response status: 200
response body: 
"为了防止文件过大,所以这边禁止打印,有调试需要再打开"
*************** response log end ***************

[2018-06-29T16:38:46.818] [INFO] resLogger - 
*************** response log start ***************
request method: GET
request originalUrl:  /api/user/userList
request client ip:  ::ffff:127.0.0.1
request query:  {}
response time: 10
response status: 200
response body: 
"为了防止文件过大,所以这边禁止打印,有调试需要再打开"
*************** response log end ***************

[2018-06-29T16:38:47.816] [INFO] resLogger - 
*************** response log start ***************
request method: GET
request originalUrl:  /api/type/Gettype
request client ip:  ::ffff:127.0.0.1
request query:  {}
response time: 24
response status: 200
response body: 
"为了防止文件过大,所以这边禁止打印,有调试需要再打开"
*************** response log end ***************

[2018-06-29T16:38:49.598] [INFO] resLogger - 
*************** response log start ***************
request method: GET
request originalUrl:  /api/blog/blogList
request client ip:  ::ffff:127.0.0.1
request query:  {}
response time: 1802
response status: 200
response body: 
"为了防止文件过大,所以这边禁止打印,有调试需要再打开"
*************** response log end ***************

