[2018-07-13T09:34:39.728] [INFO] resLogger - 
*************** response log start ***************
request method: GET
request originalUrl:  /api/music/getlrc?id=4876078
request client ip:  ::ffff:127.0.0.1
request query:  {"id":"4876078"}
response time: 104
response status: 200
response body: 
"为了防止文件过大,所以这边禁止打印,有调试需要再打开"
*************** response log end ***************

[2018-07-13T09:37:38.839] [INFO] resLogger - 
*************** response log start ***************
request method: GET
request originalUrl:  /api/music/getlrc?id=187773
request client ip:  ::ffff:127.0.0.1
request query:  {"id":"187773"}
response time: 51
response status: 200
response body: 
"为了防止文件过大,所以这边禁止打印,有调试需要再打开"
*************** response log end ***************

[2018-07-13T09:41:00.478] [INFO] resLogger - 
*************** response log start ***************
request method: GET
request originalUrl:  /api/music/getlrc?id=400075212
request client ip:  ::ffff:127.0.0.1
request query:  {"id":"400075212"}
response time: 28
response status: 200
response body: 
"为了防止文件过大,所以这边禁止打印,有调试需要再打开"
*************** response log end ***************

[2018-07-13T09:43:56.650] [INFO] resLogger - 
*************** response log start ***************
request method: GET
request originalUrl:  /api/music/getlrc?id=4875322
request client ip:  ::ffff:127.0.0.1
request query:  {"id":"4875322"}
response time: 33
response status: 200
response body: 
"为了防止文件过大,所以这边禁止打印,有调试需要再打开"
*************** response log end ***************

[2018-07-13T09:45:20.771] [INFO] resLogger - 
*************** response log start ***************
request method: GET
request originalUrl:  /api/music/getlrc?id=30621680
request client ip:  ::ffff:127.0.0.1
request query:  {"id":"30621680"}
response time: 61
response status: 200
response body: 
"为了防止文件过大,所以这边禁止打印,有调试需要再打开"
*************** response log end ***************

[2018-07-13T09:48:44.336] [INFO] resLogger - 
*************** response log start ***************
request method: GET
request originalUrl:  /api/music/getlrc?id=541499125
request client ip:  ::ffff:127.0.0.1
request query:  {"id":"541499125"}
response time: 40
response status: 200
response body: 
"为了防止文件过大,所以这边禁止打印,有调试需要再打开"
*************** response log end ***************

[2018-07-13T09:54:02.110] [INFO] resLogger - 
*************** response log start ***************
request method: GET
request originalUrl:  /api/music/getlrc?id=5271860
request client ip:  ::ffff:127.0.0.1
request query:  {"id":"5271860"}
response time: 36
response status: 200
response body: 
"为了防止文件过大,所以这边禁止打印,有调试需要再打开"
*************** response log end ***************

[2018-07-13T09:57:11.095] [INFO] resLogger - 
*************** response log start ***************
request method: GET
request originalUrl:  /api/music/getlrc?id=297780
request client ip:  ::ffff:127.0.0.1
request query:  {"id":"297780"}
response time: 30
response status: 200
response body: 
"为了防止文件过大,所以这边禁止打印,有调试需要再打开"
*************** response log end ***************

[2018-07-13T10:01:41.820] [INFO] resLogger - 
*************** response log start ***************
request method: GET
request originalUrl:  /api/music/getlrc?id=4878604
request client ip:  ::ffff:127.0.0.1
request query:  {"id":"4878604"}
response time: 34
response status: 200
response body: 
"为了防止文件过大,所以这边禁止打印,有调试需要再打开"
*************** response log end ***************

[2018-07-13T10:06:36.121] [INFO] resLogger - 
*************** response log start ***************
request method: GET
request originalUrl:  /api/music/getlrc?id=169802
request client ip:  ::ffff:127.0.0.1
request query:  {"id":"169802"}
response time: 38
response status: 200
response body: 
"为了防止文件过大,所以这边禁止打印,有调试需要再打开"
*************** response log end ***************

[2018-07-13T10:07:14.664] [INFO] resLogger - 
*************** response log start ***************
request method: GET
request originalUrl:  /api/music/getlrc?id=4876078
request client ip:  ::ffff:127.0.0.1
request query:  {"id":"4876078"}
response time: 32
response status: 200
response body: 
"为了防止文件过大,所以这边禁止打印,有调试需要再打开"
*************** response log end ***************

[2018-07-13T11:15:55.444] [INFO] resLogger - 
*************** response log start ***************
request method: GET
request originalUrl:  /api/music/getlrc?id=132306
request client ip:  ::ffff:127.0.0.1
request query:  {"id":"132306"}
response time: 42
response status: 200
response body: 
"为了防止文件过大,所以这边禁止打印,有调试需要再打开"
*************** response log end ***************

[2018-07-13T11:16:01.738] [INFO] resLogger - 
*************** response log start ***************
request method: GET
request originalUrl:  /api/music/getlrc?id=28798772
request client ip:  ::ffff:127.0.0.1
request query:  {"id":"28798772"}
response time: 35
response status: 200
response body: 
"为了防止文件过大,所以这边禁止打印,有调试需要再打开"
*************** response log end ***************

[2018-07-13T11:16:04.934] [INFO] resLogger - 
*************** response log start ***************
request method: GET
request originalUrl:  /api/music/getlrc?id=4876053
request client ip:  ::ffff:127.0.0.1
request query:  {"id":"4876053"}
response time: 41
response status: 200
response body: 
"为了防止文件过大,所以这边禁止打印,有调试需要再打开"
*************** response log end ***************

[2018-07-13T11:16:06.668] [INFO] resLogger - 
*************** response log start ***************
request method: GET
request originalUrl:  /api/music/getlrc?id=94689
request client ip:  ::ffff:127.0.0.1
request query:  {"id":"94689"}
response time: 31
response status: 200
response body: 
"为了防止文件过大,所以这边禁止打印,有调试需要再打开"
*************** response log end ***************

[2018-07-13T11:20:58.511] [INFO] resLogger - 
*************** response log start ***************
request method: GET
request originalUrl:  /api/music/getlrc?id=254460
request client ip:  ::ffff:127.0.0.1
request query:  {"id":"254460"}
response time: 32
response status: 200
response body: 
"为了防止文件过大,所以这边禁止打印,有调试需要再打开"
*************** response log end ***************

[2018-07-13T11:25:09.918] [INFO] resLogger - 
*************** response log start ***************
request method: GET
request originalUrl:  /api/music/getlrc?id=95570
request client ip:  ::ffff:127.0.0.1
request query:  {"id":"95570"}
response time: 37
response status: 200
response body: 
"为了防止文件过大,所以这边禁止打印,有调试需要再打开"
*************** response log end ***************

[2018-07-13T11:28:12.255] [INFO] resLogger - 
*************** response log start ***************
request method: GET
request originalUrl:  /api/music/getlrc?id=256471
request client ip:  ::ffff:127.0.0.1
request query:  {"id":"256471"}
response time: 32
response status: 200
response body: 
"为了防止文件过大,所以这边禁止打印,有调试需要再打开"
*************** response log end ***************

[2018-07-13T11:32:17.035] [INFO] resLogger - 
*************** response log start ***************
request method: GET
request originalUrl:  /api/music/getlrc?id=5271858
request client ip:  ::ffff:127.0.0.1
request query:  {"id":"5271858"}
response time: 31
response status: 200
response body: 
"为了防止文件过大,所以这边禁止打印,有调试需要再打开"
*************** response log end ***************

[2018-07-13T11:32:58.688] [INFO] resLogger - 
*************** response log start ***************
request method: GET
request originalUrl:  /api/music/getlrc?id=132306
request client ip:  ::ffff:127.0.0.1
request query:  {"id":"132306"}
response time: 39
response status: 200
response body: 
"为了防止文件过大,所以这边禁止打印,有调试需要再打开"
*************** response log end ***************

[2018-07-13T11:33:01.773] [INFO] resLogger - 
*************** response log start ***************
request method: GET
request originalUrl:  /api/music/getlrc?id=132306
request client ip:  ::ffff:127.0.0.1
request query:  {"id":"132306"}
response time: 41
response status: 200
response body: 
"为了防止文件过大,所以这边禁止打印,有调试需要再打开"
*************** response log end ***************

[2018-07-13T11:33:13.020] [INFO] resLogger - 
*************** response log start ***************
request method: GET
request originalUrl:  /api/music/getlrc?id=132306
request client ip:  ::ffff:127.0.0.1
request query:  {"id":"132306"}
response time: 35
response status: 200
response body: 
"为了防止文件过大,所以这边禁止打印,有调试需要再打开"
*************** response log end ***************

[2018-07-13T11:33:22.731] [INFO] resLogger - 
*************** response log start ***************
request method: GET
request originalUrl:  /api/music/getlrc?id=132306
request client ip:  ::ffff:127.0.0.1
request query:  {"id":"132306"}
response time: 50
response status: 200
response body: 
"为了防止文件过大,所以这边禁止打印,有调试需要再打开"
*************** response log end ***************

[2018-07-13T11:33:51.440] [INFO] resLogger - 
*************** response log start ***************
request method: GET
request originalUrl:  /api/music/getlrc?id=132306
request client ip:  ::ffff:127.0.0.1
request query:  {"id":"132306"}
response time: 29
response status: 200
response body: 
"为了防止文件过大,所以这边禁止打印,有调试需要再打开"
*************** response log end ***************

[2018-07-13T11:33:58.181] [INFO] resLogger - 
*************** response log start ***************
request method: GET
request originalUrl:  /api/music/getlrc?id=132306
request client ip:  ::ffff:127.0.0.1
request query:  {"id":"132306"}
response time: 31
response status: 200
response body: 
"为了防止文件过大,所以这边禁止打印,有调试需要再打开"
*************** response log end ***************

[2018-07-13T11:35:01.822] [INFO] resLogger - 
*************** response log start ***************
request method: GET
request originalUrl:  /api/music/getlrc?id=132306
request client ip:  ::ffff:127.0.0.1
request query:  {"id":"132306"}
response time: 32
response status: 200
response body: 
"为了防止文件过大,所以这边禁止打印,有调试需要再打开"
*************** response log end ***************

[2018-07-13T11:35:02.262] [INFO] resLogger - 
*************** response log start ***************
request method: GET
request originalUrl:  /api/music/getlrc?id=28798772
request client ip:  ::ffff:127.0.0.1
request query:  {"id":"28798772"}
response time: 36
response status: 200
response body: 
"为了防止文件过大,所以这边禁止打印,有调试需要再打开"
*************** response log end ***************

[2018-07-13T11:35:18.178] [INFO] resLogger - 
*************** response log start ***************
request method: GET
request originalUrl:  /api/music/getlrc?id=4876053
request client ip:  ::ffff:127.0.0.1
request query:  {"id":"4876053"}
response time: 34
response status: 200
response body: 
"为了防止文件过大,所以这边禁止打印,有调试需要再打开"
*************** response log end ***************

[2018-07-13T11:35:19.488] [INFO] resLogger - 
*************** response log start ***************
request method: GET
request originalUrl:  /api/music/getlrc?id=94689
request client ip:  ::ffff:127.0.0.1
request query:  {"id":"94689"}
response time: 50
response status: 200
response body: 
"为了防止文件过大,所以这边禁止打印,有调试需要再打开"
*************** response log end ***************

[2018-07-13T11:35:21.072] [INFO] resLogger - 
*************** response log start ***************
request method: GET
request originalUrl:  /api/music/getlrc?id=254460
request client ip:  ::ffff:127.0.0.1
request query:  {"id":"254460"}
response time: 43
response status: 200
response body: 
"为了防止文件过大,所以这边禁止打印,有调试需要再打开"
*************** response log end ***************

[2018-07-13T11:35:22.232] [INFO] resLogger - 
*************** response log start ***************
request method: GET
request originalUrl:  /api/music/getlrc?id=95570
request client ip:  ::ffff:127.0.0.1
request query:  {"id":"95570"}
response time: 35
response status: 200
response body: 
"为了防止文件过大,所以这边禁止打印,有调试需要再打开"
*************** response log end ***************

[2018-07-13T11:35:23.247] [INFO] resLogger - 
*************** response log start ***************
request method: GET
request originalUrl:  /api/music/getlrc?id=256471
request client ip:  ::ffff:127.0.0.1
request query:  {"id":"256471"}
response time: 35
response status: 200
response body: 
"为了防止文件过大,所以这边禁止打印,有调试需要再打开"
*************** response log end ***************

[2018-07-13T11:35:24.484] [INFO] resLogger - 
*************** response log start ***************
request method: GET
request originalUrl:  /api/music/getlrc?id=5271858
request client ip:  ::ffff:127.0.0.1
request query:  {"id":"5271858"}
response time: 30
response status: 200
response body: 
"为了防止文件过大,所以这边禁止打印,有调试需要再打开"
*************** response log end ***************

[2018-07-13T11:35:25.875] [INFO] resLogger - 
*************** response log start ***************
request method: GET
request originalUrl:  /api/music/getlrc?id=239682
request client ip:  ::ffff:127.0.0.1
request query:  {"id":"239682"}
response time: 28
response status: 200
response body: 
"为了防止文件过大,所以这边禁止打印,有调试需要再打开"
*************** response log end ***************

[2018-07-13T11:35:29.337] [INFO] resLogger - 
*************** response log start ***************
request method: GET
request originalUrl:  /api/music/getlrc?id=4877892
request client ip:  ::ffff:127.0.0.1
request query:  {"id":"4877892"}
response time: 52
response status: 200
response body: 
"为了防止文件过大,所以这边禁止打印,有调试需要再打开"
*************** response log end ***************

[2018-07-13T11:35:31.601] [INFO] resLogger - 
*************** response log start ***************
request method: GET
request originalUrl:  /api/music/getlrc?id=4971953
request client ip:  ::ffff:127.0.0.1
request query:  {"id":"4971953"}
response time: 74
response status: 200
response body: 
"为了防止文件过大,所以这边禁止打印,有调试需要再打开"
*************** response log end ***************

[2018-07-13T11:35:33.180] [INFO] resLogger - 
*************** response log start ***************
request method: GET
request originalUrl:  /api/music/getlrc?id=110359
request client ip:  ::ffff:127.0.0.1
request query:  {"id":"110359"}
response time: 39
response status: 200
response body: 
"为了防止文件过大,所以这边禁止打印,有调试需要再打开"
*************** response log end ***************

[2018-07-13T11:40:31.883] [INFO] resLogger - 
*************** response log start ***************
request method: GET
request originalUrl:  /api/music/getlrc?id=144513
request client ip:  ::ffff:127.0.0.1
request query:  {"id":"144513"}
response time: 29
response status: 200
response body: 
"为了防止文件过大,所以这边禁止打印,有调试需要再打开"
*************** response log end ***************

[2018-07-13T11:45:00.843] [INFO] resLogger - 
*************** response log start ***************
request method: GET
request originalUrl:  /api/music/getlrc?id=144630
request client ip:  ::ffff:127.0.0.1
request query:  {"id":"144630"}
response time: 42
response status: 200
response body: 
"为了防止文件过大,所以这边禁止打印,有调试需要再打开"
*************** response log end ***************

[2018-07-13T11:49:41.246] [INFO] resLogger - 
*************** response log start ***************
request method: GET
request originalUrl:  /api/music/getlrc?id=144254
request client ip:  ::ffff:127.0.0.1
request query:  {"id":"144254"}
response time: 31
response status: 200
response body: 
"为了防止文件过大,所以这边禁止打印,有调试需要再打开"
*************** response log end ***************

[2018-07-13T11:54:27.959] [INFO] resLogger - 
*************** response log start ***************
request method: GET
request originalUrl:  /api/music/getlrc?id=144250
request client ip:  ::ffff:127.0.0.1
request query:  {"id":"144250"}
response time: 31
response status: 200
response body: 
"为了防止文件过大,所以这边禁止打印,有调试需要再打开"
*************** response log end ***************

[2018-07-13T11:58:45.631] [INFO] resLogger - 
*************** response log start ***************
request method: GET
request originalUrl:  /api/music/getlrc?id=5272979
request client ip:  ::ffff:127.0.0.1
request query:  {"id":"5272979"}
response time: 34
response status: 200
response body: 
"为了防止文件过大,所以这边禁止打印,有调试需要再打开"
*************** response log end ***************

[2018-07-13T13:35:50.864] [INFO] resLogger - 
*************** response log start ***************
request method: GET
request originalUrl:  /api/music/getlrc?id=144382
request client ip:  ::ffff:127.0.0.1
request query:  {"id":"144382"}
response time: 51
response status: 200
response body: 
"为了防止文件过大,所以这边禁止打印,有调试需要再打开"
*************** response log end ***************

[2018-07-13T13:39:52.676] [INFO] resLogger - 
*************** response log start ***************
request method: GET
request originalUrl:  /api/music/getlrc?id=4875306
request client ip:  ::ffff:127.0.0.1
request query:  {"id":"4875306"}
response time: 31
response status: 200
response body: 
"为了防止文件过大,所以这边禁止打印,有调试需要再打开"
*************** response log end ***************

[2018-07-13T13:45:06.750] [INFO] resLogger - 
*************** response log start ***************
request method: GET
request originalUrl:  /api/music/getlrc?id=191254
request client ip:  ::ffff:127.0.0.1
request query:  {"id":"191254"}
response time: 37
response status: 200
response body: 
"为了防止文件过大,所以这边禁止打印,有调试需要再打开"
*************** response log end ***************

[2018-07-13T13:48:46.370] [INFO] resLogger - 
*************** response log start ***************
request method: GET
request originalUrl:  /api/music/getlrc?id=390893
request client ip:  ::ffff:127.0.0.1
request query:  {"id":"390893"}
response time: 27
response status: 200
response body: 
"为了防止文件过大,所以这边禁止打印,有调试需要再打开"
*************** response log end ***************

[2018-07-13T13:52:48.047] [INFO] resLogger - 
*************** response log start ***************
request method: GET
request originalUrl:  /api/music/getlrc?id=144380
request client ip:  ::ffff:127.0.0.1
request query:  {"id":"144380"}
response time: 28
response status: 200
response body: 
"为了防止文件过大,所以这边禁止打印,有调试需要再打开"
*************** response log end ***************

[2018-07-13T13:58:16.620] [INFO] resLogger - 
*************** response log start ***************
request method: GET
request originalUrl:  /api/music/getlrc?id=4874862
request client ip:  ::ffff:127.0.0.1
request query:  {"id":"4874862"}
response time: 35
response status: 200
response body: 
"为了防止文件过大,所以这边禁止打印,有调试需要再打开"
*************** response log end ***************

[2018-07-13T14:02:47.056] [INFO] resLogger - 
*************** response log start ***************
request method: GET
request originalUrl:  /api/music/getlrc?id=375667
request client ip:  ::ffff:127.0.0.1
request query:  {"id":"375667"}
response time: 43
response status: 200
response body: 
"为了防止文件过大,所以这边禁止打印,有调试需要再打开"
*************** response log end ***************

[2018-07-13T14:07:02.117] [INFO] resLogger - 
*************** response log start ***************
request method: GET
request originalUrl:  /api/music/getlrc?id=150361
request client ip:  ::ffff:127.0.0.1
request query:  {"id":"150361"}
response time: 33
response status: 200
response body: 
"为了防止文件过大,所以这边禁止打印,有调试需要再打开"
*************** response log end ***************

[2018-07-13T14:11:08.836] [INFO] resLogger - 
*************** response log start ***************
request method: GET
request originalUrl:  /api/music/getlrc?id=156219
request client ip:  ::ffff:127.0.0.1
request query:  {"id":"156219"}
response time: 36
response status: 200
response body: 
"为了防止文件过大,所以这边禁止打印,有调试需要再打开"
*************** response log end ***************

[2018-07-13T14:15:11.088] [INFO] resLogger - 
*************** response log start ***************
request method: GET
request originalUrl:  /api/music/getlrc?id=156210
request client ip:  ::ffff:127.0.0.1
request query:  {"id":"156210"}
response time: 40
response status: 200
response body: 
"为了防止文件过大,所以这边禁止打印,有调试需要再打开"
*************** response log end ***************

[2018-07-13T14:18:56.975] [INFO] resLogger - 
*************** response log start ***************
request method: GET
request originalUrl:  /api/music/getlrc?id=144252
request client ip:  ::ffff:127.0.0.1
request query:  {"id":"144252"}
response time: 38
response status: 200
response body: 
"为了防止文件过大,所以这边禁止打印,有调试需要再打开"
*************** response log end ***************

[2018-07-13T14:23:37.523] [INFO] resLogger - 
*************** response log start ***************
request method: GET
request originalUrl:  /api/music/getlrc?id=282131
request client ip:  ::ffff:127.0.0.1
request query:  {"id":"282131"}
response time: 38
response status: 200
response body: 
"为了防止文件过大,所以这边禁止打印,有调试需要再打开"
*************** response log end ***************

[2018-07-13T14:24:24.615] [INFO] resLogger - 
*************** response log start ***************
request method: GET
request originalUrl:  /api/music/getlrc?id=132306
request client ip:  ::ffff:127.0.0.1
request query:  {"id":"132306"}
response time: 27
response status: 200
response body: 
"为了防止文件过大,所以这边禁止打印,有调试需要再打开"
*************** response log end ***************

[2018-07-13T14:24:25.281] [INFO] resLogger - 
*************** response log start ***************
request method: GET
request originalUrl:  /api/music/getlrc?id=28798772
request client ip:  ::ffff:127.0.0.1
request query:  {"id":"28798772"}
response time: 29
response status: 200
response body: 
"为了防止文件过大,所以这边禁止打印,有调试需要再打开"
*************** response log end ***************

[2018-07-13T14:24:49.838] [INFO] resLogger - 
*************** response log start ***************
request method: GET
request originalUrl:  /api/music/getlrc?id=132306
request client ip:  ::ffff:127.0.0.1
request query:  {"id":"132306"}
response time: 30
response status: 200
response body: 
"为了防止文件过大,所以这边禁止打印,有调试需要再打开"
*************** response log end ***************

[2018-07-13T14:24:50.278] [INFO] resLogger - 
*************** response log start ***************
request method: GET
request originalUrl:  /api/music/getlrc?id=28798772
request client ip:  ::ffff:127.0.0.1
request query:  {"id":"28798772"}
response time: 39
response status: 200
response body: 
"为了防止文件过大,所以这边禁止打印,有调试需要再打开"
*************** response log end ***************

[2018-07-13T14:24:55.726] [INFO] resLogger - 
*************** response log start ***************
request method: GET
request originalUrl:  /api/music/getlrc?id=132306
request client ip:  ::ffff:127.0.0.1
request query:  {"id":"132306"}
response time: 30
response status: 200
response body: 
"为了防止文件过大,所以这边禁止打印,有调试需要再打开"
*************** response log end ***************

[2018-07-13T14:24:56.179] [INFO] resLogger - 
*************** response log start ***************
request method: GET
request originalUrl:  /api/music/getlrc?id=28798772
request client ip:  ::ffff:127.0.0.1
request query:  {"id":"28798772"}
response time: 35
response status: 200
response body: 
"为了防止文件过大,所以这边禁止打印,有调试需要再打开"
*************** response log end ***************

[2018-07-13T14:25:02.072] [INFO] resLogger - 
*************** response log start ***************
request method: GET
request originalUrl:  /api/music/getlrc?id=132306
request client ip:  ::ffff:127.0.0.1
request query:  {"id":"132306"}
response time: 27
response status: 200
response body: 
"为了防止文件过大,所以这边禁止打印,有调试需要再打开"
*************** response log end ***************

[2018-07-13T14:25:02.492] [INFO] resLogger - 
*************** response log start ***************
request method: GET
request originalUrl:  /api/music/getlrc?id=28798772
request client ip:  ::ffff:127.0.0.1
request query:  {"id":"28798772"}
response time: 27
response status: 200
response body: 
"为了防止文件过大,所以这边禁止打印,有调试需要再打开"
*************** response log end ***************

[2018-07-13T14:26:16.759] [INFO] resLogger - 
*************** response log start ***************
request method: GET
request originalUrl:  /api/music/getlrc?id=132306
request client ip:  ::ffff:127.0.0.1
request query:  {"id":"132306"}
response time: 47
response status: 200
response body: 
"为了防止文件过大,所以这边禁止打印,有调试需要再打开"
*************** response log end ***************

[2018-07-13T14:26:17.165] [INFO] resLogger - 
*************** response log start ***************
request method: GET
request originalUrl:  /api/music/getlrc?id=28798772
request client ip:  ::ffff:127.0.0.1
request query:  {"id":"28798772"}
response time: 42
response status: 200
response body: 
"为了防止文件过大,所以这边禁止打印,有调试需要再打开"
*************** response log end ***************

[2018-07-13T14:26:55.727] [INFO] resLogger - 
*************** response log start ***************
request method: GET
request originalUrl:  /api/music/getlrc?id=132306
request client ip:  ::ffff:127.0.0.1
request query:  {"id":"132306"}
response time: 27
response status: 200
response body: 
"为了防止文件过大,所以这边禁止打印,有调试需要再打开"
*************** response log end ***************

[2018-07-13T14:26:56.150] [INFO] resLogger - 
*************** response log start ***************
request method: GET
request originalUrl:  /api/music/getlrc?id=28798772
request client ip:  ::ffff:127.0.0.1
request query:  {"id":"28798772"}
response time: 38
response status: 200
response body: 
"为了防止文件过大,所以这边禁止打印,有调试需要再打开"
*************** response log end ***************

[2018-07-13T14:30:29.389] [INFO] resLogger - 
*************** response log start ***************
request method: GET
request originalUrl:  /api/music/getlrc?id=132306
request client ip:  ::ffff:127.0.0.1
request query:  {"id":"132306"}
response time: 33
response status: 200
response body: 
"为了防止文件过大,所以这边禁止打印,有调试需要再打开"
*************** response log end ***************

[2018-07-13T14:30:29.924] [INFO] resLogger - 
*************** response log start ***************
request method: GET
request originalUrl:  /api/music/getlrc?id=28798772
request client ip:  ::ffff:127.0.0.1
request query:  {"id":"28798772"}
response time: 37
response status: 200
response body: 
"为了防止文件过大,所以这边禁止打印,有调试需要再打开"
*************** response log end ***************

[2018-07-13T14:31:00.310] [INFO] resLogger - 
*************** response log start ***************
request method: GET
request originalUrl:  /api/music/getlrc?id=132306
request client ip:  ::ffff:127.0.0.1
request query:  {"id":"132306"}
response time: 37
response status: 200
response body: 
"为了防止文件过大,所以这边禁止打印,有调试需要再打开"
*************** response log end ***************

[2018-07-13T14:31:00.725] [INFO] resLogger - 
*************** response log start ***************
request method: GET
request originalUrl:  /api/music/getlrc?id=28798772
request client ip:  ::ffff:127.0.0.1
request query:  {"id":"28798772"}
response time: 34
response status: 200
response body: 
"为了防止文件过大,所以这边禁止打印,有调试需要再打开"
*************** response log end ***************

[2018-07-13T14:31:11.146] [INFO] resLogger - 
*************** response log start ***************
request method: GET
request originalUrl:  /api/music/getlrc?id=132306
request client ip:  ::ffff:127.0.0.1
request query:  {"id":"132306"}
response time: 33
response status: 200
response body: 
"为了防止文件过大,所以这边禁止打印,有调试需要再打开"
*************** response log end ***************

[2018-07-13T14:31:11.550] [INFO] resLogger - 
*************** response log start ***************
request method: GET
request originalUrl:  /api/music/getlrc?id=28798772
request client ip:  ::ffff:127.0.0.1
request query:  {"id":"28798772"}
response time: 34
response status: 200
response body: 
"为了防止文件过大,所以这边禁止打印,有调试需要再打开"
*************** response log end ***************

[2018-07-13T14:31:18.033] [INFO] resLogger - 
*************** response log start ***************
request method: GET
request originalUrl:  /api/music/getlrc?id=132306
request client ip:  ::ffff:127.0.0.1
request query:  {"id":"132306"}
response time: 25
response status: 200
response body: 
"为了防止文件过大,所以这边禁止打印,有调试需要再打开"
*************** response log end ***************

[2018-07-13T14:31:18.453] [INFO] resLogger - 
*************** response log start ***************
request method: GET
request originalUrl:  /api/music/getlrc?id=28798772
request client ip:  ::ffff:127.0.0.1
request query:  {"id":"28798772"}
response time: 26
response status: 200
response body: 
"为了防止文件过大,所以这边禁止打印,有调试需要再打开"
*************** response log end ***************

[2018-07-13T14:31:25.271] [INFO] resLogger - 
*************** response log start ***************
request method: GET
request originalUrl:  /api/music/getlrc?id=132306
request client ip:  ::ffff:127.0.0.1
request query:  {"id":"132306"}
response time: 54
response status: 200
response body: 
"为了防止文件过大,所以这边禁止打印,有调试需要再打开"
*************** response log end ***************

[2018-07-13T14:31:27.443] [INFO] resLogger - 
*************** response log start ***************
request method: GET
request originalUrl:  /api/music/getlrc?id=132306
request client ip:  ::ffff:127.0.0.1
request query:  {"id":"132306"}
response time: 27
response status: 200
response body: 
"为了防止文件过大,所以这边禁止打印,有调试需要再打开"
*************** response log end ***************

[2018-07-13T14:35:38.742] [INFO] resLogger - 
*************** response log start ***************
request method: GET
request originalUrl:  /api/music/getlrc?id=28853662
request client ip:  ::ffff:127.0.0.1
request query:  {"id":"28853662"}
response time: 27
response status: 200
response body: 
"为了防止文件过大,所以这边禁止打印,有调试需要再打开"
*************** response log end ***************

[2018-07-13T14:36:06.302] [INFO] resLogger - 
*************** response log start ***************
request method: GET
request originalUrl:  /api/music/getlrc?id=29723028
request client ip:  ::ffff:127.0.0.1
request query:  {"id":"29723028"}
response time: 30
response status: 200
response body: 
"为了防止文件过大,所以这边禁止打印,有调试需要再打开"
*************** response log end ***************

[2018-07-13T14:39:27.683] [INFO] resLogger - 
*************** response log start ***************
request method: GET
request originalUrl:  /api/music/getlrc?id=109751
request client ip:  ::ffff:127.0.0.1
request query:  {"id":"109751"}
response time: 29
response status: 200
response body: 
"为了防止文件过大,所以这边禁止打印,有调试需要再打开"
*************** response log end ***************

[2018-07-13T14:40:51.463] [INFO] resLogger - 
*************** response log start ***************
request method: GET
request originalUrl:  /api/music/getlrc?id=109751
request client ip:  ::ffff:127.0.0.1
request query:  {"id":"109751"}
response time: 70
response status: 200
response body: 
"为了防止文件过大,所以这边禁止打印,有调试需要再打开"
*************** response log end ***************

[2018-07-13T14:40:51.713] [INFO] resLogger - 
*************** response log start ***************
request method: GET
request originalUrl:  /api/music/getlrc?id=4876078
request client ip:  ::ffff:127.0.0.1
request query:  {"id":"4876078"}
response time: 74
response status: 200
response body: 
"为了防止文件过大,所以这边禁止打印,有调试需要再打开"
*************** response log end ***************

[2018-07-13T14:42:51.547] [INFO] resLogger - 
*************** response log start ***************
request method: GET
request originalUrl:  /api/music/getlrc?id=390767
request client ip:  ::ffff:127.0.0.1
request query:  {"id":"390767"}
response time: 30
response status: 200
response body: 
"为了防止文件过大,所以这边禁止打印,有调试需要再打开"
*************** response log end ***************

[2018-07-13T14:43:00.120] [INFO] resLogger - 
*************** response log start ***************
request method: GET
request originalUrl:  /api/music/getlrc?id=390767
request client ip:  ::ffff:127.0.0.1
request query:  {"id":"390767"}
response time: 31
response status: 200
response body: 
"为了防止文件过大,所以这边禁止打印,有调试需要再打开"
*************** response log end ***************

[2018-07-13T14:43:06.422] [INFO] resLogger - 
*************** response log start ***************
request method: GET
request originalUrl:  /api/music/getlrc?id=390767
request client ip:  ::ffff:127.0.0.1
request query:  {"id":"390767"}
response time: 36
response status: 200
response body: 
"为了防止文件过大,所以这边禁止打印,有调试需要再打开"
*************** response log end ***************

[2018-07-13T14:43:59.920] [INFO] resLogger - 
*************** response log start ***************
request method: GET
request originalUrl:  /api/music/getlrc?id=390767
request client ip:  ::ffff:127.0.0.1
request query:  {"id":"390767"}
response time: 25
response status: 200
response body: 
"为了防止文件过大,所以这边禁止打印,有调试需要再打开"
*************** response log end ***************

[2018-07-13T14:44:10.278] [INFO] resLogger - 
*************** response log start ***************
request method: GET
request originalUrl:  /api/music/getlrc?id=390767
request client ip:  ::ffff:127.0.0.1
request query:  {"id":"390767"}
response time: 78
response status: 200
response body: 
"为了防止文件过大,所以这边禁止打印,有调试需要再打开"
*************** response log end ***************

[2018-07-13T14:45:00.941] [INFO] resLogger - 
*************** response log start ***************
request method: GET
request originalUrl:  /api/music/getlrc?id=390767
request client ip:  ::ffff:127.0.0.1
request query:  {"id":"390767"}
response time: 34
response status: 200
response body: 
"为了防止文件过大,所以这边禁止打印,有调试需要再打开"
*************** response log end ***************

[2018-07-13T14:46:28.398] [INFO] resLogger - 
*************** response log start ***************
request method: GET
request originalUrl:  /api/music/getlrc?id=109751
request client ip:  ::ffff:127.0.0.1
request query:  {"id":"109751"}
response time: 33
response status: 200
response body: 
"为了防止文件过大,所以这边禁止打印,有调试需要再打开"
*************** response log end ***************

[2018-07-13T14:46:28.738] [INFO] resLogger - 
*************** response log start ***************
request method: GET
request originalUrl:  /api/music/getlrc?id=109751
request client ip:  ::ffff:127.0.0.1
request query:  {"id":"109751"}
response time: 28
response status: 200
response body: 
"为了防止文件过大,所以这边禁止打印,有调试需要再打开"
*************** response log end ***************

[2018-07-13T14:52:35.843] [INFO] resLogger - 
*************** response log start ***************
request method: GET
request originalUrl:  /api/music/getlrc?id=109751
request client ip:  ::ffff:127.0.0.1
request query:  {"id":"109751"}
response time: 78
response status: 200
response body: 
"为了防止文件过大,所以这边禁止打印,有调试需要再打开"
*************** response log end ***************

[2018-07-13T14:52:39.829] [INFO] resLogger - 
*************** response log start ***************
request method: GET
request originalUrl:  /api/music/getlrc?id=109751
request client ip:  ::ffff:127.0.0.1
request query:  {"id":"109751"}
response time: 63
response status: 200
response body: 
"为了防止文件过大,所以这边禁止打印,有调试需要再打开"
*************** response log end ***************

[2018-07-13T14:52:48.725] [INFO] resLogger - 
*************** response log start ***************
request method: GET
request originalUrl:  /api/music/getlrc?id=109751
request client ip:  ::ffff:127.0.0.1
request query:  {"id":"109751"}
response time: 33
response status: 200
response body: 
"为了防止文件过大,所以这边禁止打印,有调试需要再打开"
*************** response log end ***************

[2018-07-13T14:52:55.536] [INFO] resLogger - 
*************** response log start ***************
request method: GET
request originalUrl:  /api/music/getlrc?id=109751
request client ip:  ::ffff:127.0.0.1
request query:  {"id":"109751"}
response time: 30
response status: 200
response body: 
"为了防止文件过大,所以这边禁止打印,有调试需要再打开"
*************** response log end ***************

[2018-07-13T14:55:05.504] [INFO] resLogger - 
*************** response log start ***************
request method: GET
request originalUrl:  /api/music/getlrc?id=109751
request client ip:  ::ffff:127.0.0.1
request query:  {"id":"109751"}
response time: 41
response status: 200
response body: 
"为了防止文件过大,所以这边禁止打印,有调试需要再打开"
*************** response log end ***************

[2018-07-13T14:56:30.787] [INFO] resLogger - 
*************** response log start ***************
request method: GET
request originalUrl:  /api/music/getlrc?id=109751
request client ip:  ::ffff:127.0.0.1
request query:  {"id":"109751"}
response time: 32
response status: 200
response body: 
"为了防止文件过大,所以这边禁止打印,有调试需要再打开"
*************** response log end ***************

[2018-07-13T14:56:33.683] [INFO] resLogger - 
*************** response log start ***************
request method: GET
request originalUrl:  /api/music/getlrc?id=28853662
request client ip:  ::ffff:127.0.0.1
request query:  {"id":"28853662"}
response time: 27
response status: 200
response body: 
"为了防止文件过大,所以这边禁止打印,有调试需要再打开"
*************** response log end ***************

[2018-07-13T14:56:42.125] [INFO] resLogger - 
*************** response log start ***************
request method: GET
request originalUrl:  /api/music/getlrc?id=29723028
request client ip:  ::ffff:127.0.0.1
request query:  {"id":"29723028"}
response time: 31
response status: 200
response body: 
"为了防止文件过大,所以这边禁止打印,有调试需要再打开"
*************** response log end ***************

[2018-07-13T15:00:40.610] [INFO] resLogger - 
*************** response log start ***************
request method: GET
request originalUrl:  /api/music/getlrc?id=390767
request client ip:  ::ffff:127.0.0.1
request query:  {"id":"390767"}
response time: 35
response status: 200
response body: 
"为了防止文件过大,所以这边禁止打印,有调试需要再打开"
*************** response log end ***************

[2018-07-13T15:03:48.065] [INFO] resLogger - 
*************** response log start ***************
request method: GET
request originalUrl:  /api/music/getlrc?id=109751
request client ip:  ::ffff:127.0.0.1
request query:  {"id":"109751"}
response time: 30
response status: 200
response body: 
"为了防止文件过大,所以这边禁止打印,有调试需要再打开"
*************** response log end ***************

[2018-07-13T15:06:32.575] [INFO] resLogger - 
*************** response log start ***************
request method: GET
request originalUrl:  /api/music/getlrc?id=29723028
request client ip:  ::ffff:127.0.0.1
request query:  {"id":"29723028"}
response time: 28
response status: 200
response body: 
"为了防止文件过大,所以这边禁止打印,有调试需要再打开"
*************** response log end ***************

[2018-07-13T15:06:39.580] [INFO] resLogger - 
*************** response log start ***************
request method: GET
request originalUrl:  /api/music/getlrc?id=29723028
request client ip:  ::ffff:127.0.0.1
request query:  {"id":"29723028"}
response time: 33
response status: 200
response body: 
"为了防止文件过大,所以这边禁止打印,有调试需要再打开"
*************** response log end ***************

[2018-07-13T15:09:38.736] [INFO] resLogger - 
*************** response log start ***************
request method: GET
request originalUrl:  /api/music/getlrc?id=29723028
request client ip:  ::ffff:127.0.0.1
request query:  {"id":"29723028"}
response time: 27
response status: 200
response body: 
"为了防止文件过大,所以这边禁止打印,有调试需要再打开"
*************** response log end ***************

[2018-07-13T15:13:22.581] [INFO] resLogger - 
*************** response log start ***************
request method: GET
request originalUrl:  /api/music/getlrc?id=29723028
request client ip:  ::ffff:127.0.0.1
request query:  {"id":"29723028"}
response time: 29
response status: 200
response body: 
"为了防止文件过大,所以这边禁止打印,有调试需要再打开"
*************** response log end ***************

[2018-07-13T15:13:40.783] [INFO] resLogger - 
*************** response log start ***************
request method: GET
request originalUrl:  /api/music/getlrc?id=29723028
request client ip:  ::ffff:127.0.0.1
request query:  {"id":"29723028"}
response time: 26
response status: 200
response body: 
"为了防止文件过大,所以这边禁止打印,有调试需要再打开"
*************** response log end ***************

[2018-07-13T15:13:43.920] [INFO] resLogger - 
*************** response log start ***************
request method: GET
request originalUrl:  /api/music/getlrc?id=29723028
request client ip:  ::ffff:127.0.0.1
request query:  {"id":"29723028"}
response time: 36
response status: 200
response body: 
"为了防止文件过大,所以这边禁止打印,有调试需要再打开"
*************** response log end ***************

[2018-07-13T15:14:15.733] [INFO] resLogger - 
*************** response log start ***************
request method: GET
request originalUrl:  /api/music/getlrc?id=29723028
request client ip:  ::ffff:127.0.0.1
request query:  {"id":"29723028"}
response time: 21
response status: 200
response body: 
"为了防止文件过大,所以这边禁止打印,有调试需要再打开"
*************** response log end ***************

[2018-07-13T15:14:45.331] [INFO] resLogger - 
*************** response log start ***************
request method: GET
request originalUrl:  /api/music/getlrc?id=29723028
request client ip:  ::ffff:127.0.0.1
request query:  {"id":"29723028"}
response time: 24
response status: 200
response body: 
"为了防止文件过大,所以这边禁止打印,有调试需要再打开"
*************** response log end ***************

[2018-07-13T15:14:48.006] [INFO] resLogger - 
*************** response log start ***************
request method: GET
request originalUrl:  /api/music/getlrc?id=29723028
request client ip:  ::ffff:127.0.0.1
request query:  {"id":"29723028"}
response time: 34
response status: 200
response body: 
"为了防止文件过大,所以这边禁止打印,有调试需要再打开"
*************** response log end ***************

[2018-07-13T15:15:39.224] [INFO] resLogger - 
*************** response log start ***************
request method: GET
request originalUrl:  /api/music/getlrc?id=390767
request client ip:  ::ffff:127.0.0.1
request query:  {"id":"390767"}
response time: 38
response status: 200
response body: 
"为了防止文件过大,所以这边禁止打印,有调试需要再打开"
*************** response log end ***************

[2018-07-13T15:15:42.768] [INFO] resLogger - 
*************** response log start ***************
request method: GET
request originalUrl:  /api/music/getlrc?id=390765
request client ip:  ::ffff:127.0.0.1
request query:  {"id":"390765"}
response time: 31
response status: 200
response body: 
"为了防止文件过大,所以这边禁止打印,有调试需要再打开"
*************** response log end ***************

[2018-07-13T15:19:46.698] [INFO] resLogger - 
*************** response log start ***************
request method: GET
request originalUrl:  /api/music/getlrc?id=461525011
request client ip:  ::ffff:127.0.0.1
request query:  {"id":"461525011"}
response time: 50
response status: 200
response body: 
"为了防止文件过大,所以这边禁止打印,有调试需要再打开"
*************** response log end ***************

[2018-07-13T15:25:10.873] [INFO] resLogger - 
*************** response log start ***************
request method: GET
request originalUrl:  /api/music/getlrc?id=440241194
request client ip:  ::ffff:127.0.0.1
request query:  {"id":"440241194"}
response time: 49
response status: 200
response body: 
"为了防止文件过大,所以这边禁止打印,有调试需要再打开"
*************** response log end ***************

[2018-07-13T15:30:11.719] [INFO] resLogger - 
*************** response log start ***************
request method: GET
request originalUrl:  /api/music/getlrc?id=28748200
request client ip:  ::ffff:127.0.0.1
request query:  {"id":"28748200"}
response time: 27
response status: 200
response body: 
"为了防止文件过大,所以这边禁止打印,有调试需要再打开"
*************** response log end ***************

[2018-07-13T15:30:37.994] [INFO] resLogger - 
*************** response log start ***************
request method: GET
request originalUrl:  /api/music/getlrc?id=29723028
request client ip:  ::ffff:127.0.0.1
request query:  {"id":"29723028"}
response time: 44
response status: 200
response body: 
"为了防止文件过大,所以这边禁止打印,有调试需要再打开"
*************** response log end ***************

[2018-07-13T15:35:40.248] [INFO] resLogger - 
*************** response log start ***************
request method: GET
request originalUrl:  /api/music/getlrc?id=29723028
request client ip:  ::ffff:127.0.0.1
request query:  {"id":"29723028"}
response time: 23
response status: 200
response body: 
"为了防止文件过大,所以这边禁止打印,有调试需要再打开"
*************** response log end ***************

[2018-07-13T15:37:55.998] [INFO] resLogger - 
*************** response log start ***************
request method: GET
request originalUrl:  /api/music/getlrc?id=29723028
request client ip:  ::ffff:127.0.0.1
request query:  {"id":"29723028"}
response time: 35
response status: 200
response body: 
"为了防止文件过大,所以这边禁止打印,有调试需要再打开"
*************** response log end ***************

[2018-07-13T15:38:51.155] [INFO] resLogger - 
*************** response log start ***************
request method: GET
request originalUrl:  /api/music/getlrc?id=29723028
request client ip:  ::ffff:127.0.0.1
request query:  {"id":"29723028"}
response time: 26
response status: 200
response body: 
"为了防止文件过大,所以这边禁止打印,有调试需要再打开"
*************** response log end ***************

[2018-07-13T15:38:58.054] [INFO] resLogger - 
*************** response log start ***************
request method: GET
request originalUrl:  /api/music/getlrc?id=29723028
request client ip:  ::ffff:127.0.0.1
request query:  {"id":"29723028"}
response time: 32
response status: 200
response body: 
"为了防止文件过大,所以这边禁止打印,有调试需要再打开"
*************** response log end ***************

[2018-07-13T15:39:19.539] [INFO] resLogger - 
*************** response log start ***************
request method: GET
request originalUrl:  /api/music/getlrc?id=29723028
request client ip:  ::ffff:127.0.0.1
request query:  {"id":"29723028"}
response time: 22
response status: 200
response body: 
"为了防止文件过大,所以这边禁止打印,有调试需要再打开"
*************** response log end ***************

[2018-07-13T15:41:48.389] [INFO] resLogger - 
*************** response log start ***************
request method: GET
request originalUrl:  /api/music/getlrc?id=29723028
request client ip:  ::ffff:127.0.0.1
request query:  {"id":"29723028"}
response time: 31
response status: 200
response body: 
"为了防止文件过大,所以这边禁止打印,有调试需要再打开"
*************** response log end ***************

[2018-07-13T15:42:28.176] [INFO] resLogger - 
*************** response log start ***************
request method: GET
request originalUrl:  /api/music/getlrc?id=29723028
request client ip:  ::ffff:127.0.0.1
request query:  {"id":"29723028"}
response time: 30
response status: 200
response body: 
"为了防止文件过大,所以这边禁止打印,有调试需要再打开"
*************** response log end ***************

[2018-07-13T15:44:51.471] [INFO] resLogger - 
*************** response log start ***************
request method: GET
request originalUrl:  /api/music/getlrc?id=29723028
request client ip:  ::ffff:127.0.0.1
request query:  {"id":"29723028"}
response time: 29
response status: 200
response body: 
"为了防止文件过大,所以这边禁止打印,有调试需要再打开"
*************** response log end ***************

[2018-07-13T15:45:49.734] [INFO] resLogger - 
*************** response log start ***************
request method: GET
request originalUrl:  /api/music/getlrc?id=29723028
request client ip:  ::ffff:127.0.0.1
request query:  {"id":"29723028"}
response time: 28
response status: 200
response body: 
"为了防止文件过大,所以这边禁止打印,有调试需要再打开"
*************** response log end ***************

[2018-07-13T15:56:22.013] [INFO] resLogger - 
*************** response log start ***************
request method: GET
request originalUrl:  /api/music/getlrc?id=29723028
request client ip:  ::ffff:127.0.0.1
request query:  {"id":"29723028"}
response time: 29
response status: 200
response body: 
"为了防止文件过大,所以这边禁止打印,有调试需要再打开"
*************** response log end ***************

[2018-07-13T16:02:21.563] [INFO] resLogger - 
*************** response log start ***************
request method: GET
request originalUrl:  /api/music/getlrc?id=29723028
request client ip:  ::ffff:127.0.0.1
request query:  {"id":"29723028"}
response time: 25
response status: 200
response body: 
"为了防止文件过大,所以这边禁止打印,有调试需要再打开"
*************** response log end ***************

[2018-07-13T16:02:34.489] [INFO] resLogger - 
*************** response log start ***************
request method: GET
request originalUrl:  /api/music/getlrc?id=29723028
request client ip:  ::ffff:127.0.0.1
request query:  {"id":"29723028"}
response time: 28
response status: 200
response body: 
"为了防止文件过大,所以这边禁止打印,有调试需要再打开"
*************** response log end ***************

[2018-07-13T16:02:59.765] [INFO] resLogger - 
*************** response log start ***************
request method: GET
request originalUrl:  /api/music/getlrc?id=29723028
request client ip:  ::ffff:127.0.0.1
request query:  {"id":"29723028"}
response time: 25
response status: 200
response body: 
"为了防止文件过大,所以这边禁止打印,有调试需要再打开"
*************** response log end ***************

[2018-07-13T16:05:22.125] [INFO] resLogger - 
*************** response log start ***************
request method: GET
request originalUrl:  /api/music/getlrc?id=29723028
request client ip:  ::ffff:127.0.0.1
request query:  {"id":"29723028"}
response time: 28
response status: 200
response body: 
"为了防止文件过大,所以这边禁止打印,有调试需要再打开"
*************** response log end ***************

[2018-07-13T16:05:35.622] [INFO] resLogger - 
*************** response log start ***************
request method: GET
request originalUrl:  /api/music/getlrc?id=29723028
request client ip:  ::ffff:127.0.0.1
request query:  {"id":"29723028"}
response time: 34
response status: 200
response body: 
"为了防止文件过大,所以这边禁止打印,有调试需要再打开"
*************** response log end ***************

[2018-07-13T16:06:40.511] [INFO] resLogger - 
*************** response log start ***************
request method: GET
request originalUrl:  /api/music/getlrc?id=29723028
request client ip:  ::ffff:127.0.0.1
request query:  {"id":"29723028"}
response time: 28
response status: 200
response body: 
"为了防止文件过大,所以这边禁止打印,有调试需要再打开"
*************** response log end ***************

[2018-07-13T16:06:50.033] [INFO] resLogger - 
*************** response log start ***************
request method: GET
request originalUrl:  /api/music/getlrc?id=29723028
request client ip:  ::ffff:127.0.0.1
request query:  {"id":"29723028"}
response time: 32
response status: 200
response body: 
"为了防止文件过大,所以这边禁止打印,有调试需要再打开"
*************** response log end ***************

[2018-07-13T16:07:19.068] [INFO] resLogger - 
*************** response log start ***************
request method: GET
request originalUrl:  /api/music/getlrc?id=29723028
request client ip:  ::ffff:127.0.0.1
request query:  {"id":"29723028"}
response time: 31
response status: 200
response body: 
"为了防止文件过大,所以这边禁止打印,有调试需要再打开"
*************** response log end ***************

[2018-07-13T16:08:06.402] [INFO] resLogger - 
*************** response log start ***************
request method: GET
request originalUrl:  /api/music/getlrc?id=29723028
request client ip:  ::ffff:127.0.0.1
request query:  {"id":"29723028"}
response time: 25
response status: 200
response body: 
"为了防止文件过大,所以这边禁止打印,有调试需要再打开"
*************** response log end ***************

[2018-07-13T16:08:12.800] [INFO] resLogger - 
*************** response log start ***************
request method: GET
request originalUrl:  /api/music/getlrc?id=390765
request client ip:  ::ffff:127.0.0.1
request query:  {"id":"390765"}
response time: 33
response status: 200
response body: 
"为了防止文件过大,所以这边禁止打印,有调试需要再打开"
*************** response log end ***************

[2018-07-13T16:09:06.443] [INFO] resLogger - 
*************** response log start ***************
request method: GET
request originalUrl:  /api/music/getlrc?id=390765
request client ip:  ::ffff:127.0.0.1
request query:  {"id":"390765"}
response time: 37
response status: 200
response body: 
"为了防止文件过大,所以这边禁止打印,有调试需要再打开"
*************** response log end ***************

[2018-07-13T16:12:09.120] [INFO] resLogger - 
*************** response log start ***************
request method: GET
request originalUrl:  /api/music/getlrc?id=461525011
request client ip:  ::ffff:127.0.0.1
request query:  {"id":"461525011"}
response time: 24
response status: 200
response body: 
"为了防止文件过大,所以这边禁止打印,有调试需要再打开"
*************** response log end ***************

[2018-07-13T16:12:40.522] [INFO] resLogger - 
*************** response log start ***************
request method: GET
request originalUrl:  /api/music/getlrc?id=440241194
request client ip:  ::ffff:127.0.0.1
request query:  {"id":"440241194"}
response time: 35
response status: 200
response body: 
"为了防止文件过大,所以这边禁止打印,有调试需要再打开"
*************** response log end ***************

[2018-07-13T16:12:42.491] [INFO] resLogger - 
*************** response log start ***************
request method: GET
request originalUrl:  /api/music/getlrc?id=28748200
request client ip:  ::ffff:127.0.0.1
request query:  {"id":"28748200"}
response time: 24
response status: 200
response body: 
"为了防止文件过大,所以这边禁止打印,有调试需要再打开"
*************** response log end ***************

[2018-07-13T16:17:21.718] [INFO] resLogger - 
*************** response log start ***************
request method: GET
request originalUrl:  /api/music/getlrc?id=541499125
request client ip:  ::ffff:127.0.0.1
request query:  {"id":"541499125"}
response time: 66
response status: 200
response body: 
"为了防止文件过大,所以这边禁止打印,有调试需要再打开"
*************** response log end ***************

[2018-07-13T16:19:01.563] [INFO] resLogger - 
*************** response log start ***************
request method: GET
request originalUrl:  /api/music/getlrc?id=541499125
request client ip:  ::ffff:127.0.0.1
request query:  {"id":"541499125"}
response time: 28
response status: 200
response body: 
"为了防止文件过大,所以这边禁止打印,有调试需要再打开"
*************** response log end ***************

[2018-07-13T16:19:24.948] [INFO] resLogger - 
*************** response log start ***************
request method: GET
request originalUrl:  /api/music/getlrc?id=541499125
request client ip:  ::ffff:127.0.0.1
request query:  {"id":"541499125"}
response time: 157
response status: 200
response body: 
"为了防止文件过大,所以这边禁止打印,有调试需要再打开"
*************** response log end ***************

[2018-07-13T16:19:27.741] [INFO] resLogger - 
*************** response log start ***************
request method: GET
request originalUrl:  /api/music/getlrc?id=541499125
request client ip:  ::ffff:127.0.0.1
request query:  {"id":"541499125"}
response time: 91
response status: 200
response body: 
"为了防止文件过大,所以这边禁止打印,有调试需要再打开"
*************** response log end ***************

[2018-07-13T16:19:41.645] [INFO] resLogger - 
*************** response log start ***************
request method: GET
request originalUrl:  /api/music/getlrc?id=541499125
request client ip:  ::ffff:127.0.0.1
request query:  {"id":"541499125"}
response time: 98
response status: 200
response body: 
"为了防止文件过大,所以这边禁止打印,有调试需要再打开"
*************** response log end ***************

[2018-07-13T16:20:31.546] [INFO] resLogger - 
*************** response log start ***************
request method: GET
request originalUrl:  /api/music/getlrc?id=541499125
request client ip:  ::ffff:127.0.0.1
request query:  {"id":"541499125"}
response time: 86
response status: 200
response body: 
"为了防止文件过大,所以这边禁止打印,有调试需要再打开"
*************** response log end ***************

[2018-07-13T16:24:53.346] [INFO] resLogger - 
*************** response log start ***************
request method: GET
request originalUrl:  /api/music/getlrc?id=541499125
request client ip:  ::ffff:127.0.0.1
request query:  {"id":"541499125"}
response time: 159
response status: 200
response body: 
"为了防止文件过大,所以这边禁止打印,有调试需要再打开"
*************** response log end ***************

[2018-07-13T16:26:37.284] [INFO] resLogger - 
*************** response log start ***************
request method: GET
request originalUrl:  /api/music/getlrc?id=541499125
request client ip:  ::ffff:127.0.0.1
request query:  {"id":"541499125"}
response time: 77
response status: 200
response body: 
"为了防止文件过大,所以这边禁止打印,有调试需要再打开"
*************** response log end ***************

[2018-07-13T16:26:50.555] [INFO] resLogger - 
*************** response log start ***************
request method: GET
request originalUrl:  /api/music/getlrc?id=541499125
request client ip:  ::ffff:127.0.0.1
request query:  {"id":"541499125"}
response time: 70
response status: 200
response body: 
"为了防止文件过大,所以这边禁止打印,有调试需要再打开"
*************** response log end ***************

[2018-07-13T16:27:09.091] [INFO] resLogger - 
*************** response log start ***************
request method: GET
request originalUrl:  /api/music/getlrc?id=541499125
request client ip:  ::ffff:127.0.0.1
request query:  {"id":"541499125"}
response time: 36
response status: 200
response body: 
"为了防止文件过大,所以这边禁止打印,有调试需要再打开"
*************** response log end ***************

[2018-07-13T16:38:58.449] [INFO] resLogger - 
*************** response log start ***************
request method: GET
request originalUrl:  /api/music/getlrc?id=541499125
request client ip:  ::ffff:127.0.0.1
request query:  {"id":"541499125"}
response time: 28
response status: 200
response body: 
"为了防止文件过大,所以这边禁止打印,有调试需要再打开"
*************** response log end ***************

[2018-07-13T16:39:15.775] [INFO] resLogger - 
*************** response log start ***************
request method: GET
request originalUrl:  /api/music/getlrc?id=541499125
request client ip:  ::ffff:127.0.0.1
request query:  {"id":"541499125"}
response time: 52
response status: 200
response body: 
"为了防止文件过大,所以这边禁止打印,有调试需要再打开"
*************** response log end ***************

[2018-07-13T17:24:48.204] [INFO] resLogger - 
*************** response log start ***************
request method: GET
request originalUrl:  /api/music/getlrc?id=5271860
request client ip:  ::ffff:127.0.0.1
request query:  {"id":"5271860"}
response time: 30
response status: 200
response body: 
"为了防止文件过大,所以这边禁止打印,有调试需要再打开"
*************** response log end ***************

[2018-07-13T17:24:58.281] [INFO] resLogger - 
*************** response log start ***************
request method: GET
request originalUrl:  /api/music/getlrc?id=541499125
request client ip:  ::ffff:127.0.0.1
request query:  {"id":"541499125"}
response time: 29
response status: 200
response body: 
"为了防止文件过大,所以这边禁止打印,有调试需要再打开"
*************** response log end ***************

[2018-07-13T17:25:30.273] [INFO] resLogger - 
*************** response log start ***************
request method: GET
request originalUrl:  /api/music/getlrc?id=541499125
request client ip:  ::ffff:127.0.0.1
request query:  {"id":"541499125"}
response time: 29
response status: 200
response body: 
"为了防止文件过大,所以这边禁止打印,有调试需要再打开"
*************** response log end ***************

[2018-07-13T17:25:46.373] [INFO] resLogger - 
*************** response log start ***************
request method: GET
request originalUrl:  /api/music/getlrc?id=541499125
request client ip:  ::ffff:127.0.0.1
request query:  {"id":"541499125"}
response time: 105
response status: 200
response body: 
"为了防止文件过大,所以这边禁止打印,有调试需要再打开"
*************** response log end ***************

[2018-07-13T17:27:22.143] [INFO] resLogger - 
*************** response log start ***************
request method: GET
request originalUrl:  /api/music/getlrc?id=5271860
request client ip:  ::ffff:127.0.0.1
request query:  {"id":"5271860"}
response time: 43
response status: 200
response body: 
"为了防止文件过大,所以这边禁止打印,有调试需要再打开"
*************** response log end ***************

[2018-07-13T17:30:31.312] [INFO] resLogger - 
*************** response log start ***************
request method: GET
request originalUrl:  /api/music/getlrc?id=297780
request client ip:  ::ffff:127.0.0.1
request query:  {"id":"297780"}
response time: 115
response status: 200
response body: 
"为了防止文件过大,所以这边禁止打印,有调试需要再打开"
*************** response log end ***************

[2018-07-13T17:35:02.037] [INFO] resLogger - 
*************** response log start ***************
request method: GET
request originalUrl:  /api/music/getlrc?id=4878604
request client ip:  ::ffff:127.0.0.1
request query:  {"id":"4878604"}
response time: 40
response status: 200
response body: 
"为了防止文件过大,所以这边禁止打印,有调试需要再打开"
*************** response log end ***************

[2018-07-13T17:39:56.618] [INFO] resLogger - 
*************** response log start ***************
request method: GET
request originalUrl:  /api/music/getlrc?id=169802
request client ip:  ::ffff:127.0.0.1
request query:  {"id":"169802"}
response time: 40
response status: 200
response body: 
"为了防止文件过大,所以这边禁止打印,有调试需要再打开"
*************** response log end ***************

[2018-07-13T17:44:43.057] [INFO] resLogger - 
*************** response log start ***************
request method: GET
request originalUrl:  /api/music/getlrc?id=132306
request client ip:  ::ffff:127.0.0.1
request query:  {"id":"132306"}
response time: 49
response status: 200
response body: 
"为了防止文件过大,所以这边禁止打印,有调试需要再打开"
*************** response log end ***************

[2018-07-13T17:44:43.649] [INFO] resLogger - 
*************** response log start ***************
request method: GET
request originalUrl:  /api/music/getlrc?id=28798772
request client ip:  ::ffff:127.0.0.1
request query:  {"id":"28798772"}
response time: 52
response status: 200
response body: 
"为了防止文件过大,所以这边禁止打印,有调试需要再打开"
*************** response log end ***************

[2018-07-13T17:45:19.870] [INFO] resLogger - 
*************** response log start ***************
request method: GET
request originalUrl:  /api/music/getlrc?id=541499125
request client ip:  ::ffff:127.0.0.1
request query:  {"id":"541499125"}
response time: 30
response status: 200
response body: 
"为了防止文件过大,所以这边禁止打印,有调试需要再打开"
*************** response log end ***************

[2018-07-13T17:46:02.336] [INFO] resLogger - 
*************** response log start ***************
request method: GET
request originalUrl:  /api/music/getlrc?id=541499125
request client ip:  ::ffff:127.0.0.1
request query:  {"id":"541499125"}
response time: 32
response status: 200
response body: 
"为了防止文件过大,所以这边禁止打印,有调试需要再打开"
*************** response log end ***************

[2018-07-13T17:52:18.136] [INFO] resLogger - 
*************** response log start ***************
request method: GET
request originalUrl:  /api/music/getlrc?id=541499125
request client ip:  ::ffff:127.0.0.1
request query:  {"id":"541499125"}
response time: 41
response status: 200
response body: 
"为了防止文件过大,所以这边禁止打印,有调试需要再打开"
*************** response log end ***************

[2018-07-13T17:56:04.236] [INFO] resLogger - 
*************** response log start ***************
request method: GET
request originalUrl:  /api/music/getlrc?id=541499125
request client ip:  ::ffff:127.0.0.1
request query:  {"id":"541499125"}
response time: 29
response status: 200
response body: 
"为了防止文件过大,所以这边禁止打印,有调试需要再打开"
*************** response log end ***************

[2018-07-13T17:59:06.949] [INFO] resLogger - 
*************** response log start ***************
request method: GET
request originalUrl:  /api/music/getlrc?id=5271860
request client ip:  ::ffff:127.0.0.1
request query:  {"id":"5271860"}
response time: 26
response status: 200
response body: 
"为了防止文件过大,所以这边禁止打印,有调试需要再打开"
*************** response log end ***************

[2018-07-13T18:02:16.089] [INFO] resLogger - 
*************** response log start ***************
request method: GET
request originalUrl:  /api/music/getlrc?id=297780
request client ip:  ::ffff:127.0.0.1
request query:  {"id":"297780"}
response time: 42
response status: 200
response body: 
"为了防止文件过大,所以这边禁止打印,有调试需要再打开"
*************** response log end ***************

[2018-07-13T18:06:46.804] [INFO] resLogger - 
*************** response log start ***************
request method: GET
request originalUrl:  /api/music/getlrc?id=4878604
request client ip:  ::ffff:127.0.0.1
request query:  {"id":"4878604"}
response time: 31
response status: 200
response body: 
"为了防止文件过大,所以这边禁止打印,有调试需要再打开"
*************** response log end ***************

[2018-07-13T18:07:36.723] [INFO] resLogger - 
*************** response log start ***************
request method: GET
request originalUrl:  /api/music/getlrc?id=541499125
request client ip:  ::ffff:127.0.0.1
request query:  {"id":"541499125"}
response time: 29
response status: 200
response body: 
"为了防止文件过大,所以这边禁止打印,有调试需要再打开"
*************** response log end ***************

[2018-07-13T18:07:45.033] [INFO] resLogger - 
*************** response log start ***************
request method: GET
request originalUrl:  /api/music/getlrc?id=541499125
request client ip:  ::ffff:127.0.0.1
request query:  {"id":"541499125"}
response time: 34
response status: 200
response body: 
"为了防止文件过大,所以这边禁止打印,有调试需要再打开"
*************** response log end ***************

[2018-07-13T18:07:50.132] [INFO] resLogger - 
*************** response log start ***************
request method: GET
request originalUrl:  /api/music/getlrc?id=541499125
request client ip:  ::ffff:127.0.0.1
request query:  {"id":"541499125"}
response time: 39
response status: 200
response body: 
"为了防止文件过大,所以这边禁止打印,有调试需要再打开"
*************** response log end ***************

[2018-07-13T18:07:51.555] [INFO] resLogger - 
*************** response log start ***************
request method: GET
request originalUrl:  /api/music/getlrc?id=5271860
request client ip:  ::ffff:127.0.0.1
request query:  {"id":"5271860"}
response time: 34
response status: 200
response body: 
"为了防止文件过大,所以这边禁止打印,有调试需要再打开"
*************** response log end ***************

[2018-07-13T18:07:54.792] [INFO] resLogger - 
*************** response log start ***************
request method: GET
request originalUrl:  /api/music/getlrc?id=541499125
request client ip:  ::ffff:127.0.0.1
request query:  {"id":"541499125"}
response time: 29
response status: 200
response body: 
"为了防止文件过大,所以这边禁止打印,有调试需要再打开"
*************** response log end ***************

[2018-07-13T18:08:13.226] [INFO] resLogger - 
*************** response log start ***************
request method: GET
request originalUrl:  /api/music/getlrc?id=189449
request client ip:  ::ffff:127.0.0.1
request query:  {"id":"189449"}
response time: 37
response status: 200
response body: 
"为了防止文件过大,所以这边禁止打印,有调试需要再打开"
*************** response log end ***************

[2018-07-13T18:08:18.603] [INFO] resLogger - 
*************** response log start ***************
request method: GET
request originalUrl:  /api/music/getlrc?id=92778
request client ip:  ::ffff:127.0.0.1
request query:  {"id":"92778"}
response time: 28
response status: 200
response body: 
"为了防止文件过大,所以这边禁止打印,有调试需要再打开"
*************** response log end ***************

