[2018-06-07T16:36:24.028] [INFO] resLogger - 
*************** response log start ***************
request method: POST
request originalUrl:  /user/imgupload
request client ip:  ::ffff:127.0.0.1
request body: 
{}
response time: 8
response status: 200
response body: 
{"code":0,"message":"服务器内部错误"}
*************** response log end ***************

[2018-06-07T16:44:07.019] [INFO] resLogger - 
*************** response log start ***************
request method: POST
request originalUrl:  /user/imgupload
request client ip:  ::ffff:127.0.0.1
request body: 
{}
response time: 9
response status: 200
response body: 
{"code":0,"message":"服务器内部错误"}
*************** response log end ***************

